[0.544s] Invoking command in '/home/aceti/ros2_ws/src/add_integers': LD_LIBRARY_PATH=/home/aceti/ros2_ws/install/head_controller/lib:${LD_LIBRARY_PATH} PYTHONPATH=/home/aceti/ros2_ws/build/add_integers/prefix_override:/home/aceti/ros2_ws/install/add_integers/lib/python3.10/site-packages:/home/aceti/ros2_ws/install/head_controller/local/lib/python3.10/dist-packages:${PYTHONPATH} /usr/bin/python3 setup.py egg_info --egg-base ../../build/add_integers build --build-base /home/aceti/ros2_ws/build/add_integers/build install --record /home/aceti/ros2_ws/build/add_integers/install.log --single-version-externally-managed
[0.735s] running egg_info
[0.736s] creating ../../build/add_integers/add_integers.egg-info
[0.736s] writing ../../build/add_integers/add_integers.egg-info/PKG-INFO
[0.736s] writing dependency_links to ../../build/add_integers/add_integers.egg-info/dependency_links.txt
[0.736s] writing entry points to ../../build/add_integers/add_integers.egg-info/entry_points.txt
[0.736s] writing requirements to ../../build/add_integers/add_integers.egg-info/requires.txt
[0.736s] writing top-level names to ../../build/add_integers/add_integers.egg-info/top_level.txt
[0.736s] writing manifest file '../../build/add_integers/add_integers.egg-info/SOURCES.txt'
[0.738s] reading manifest file '../../build/add_integers/add_integers.egg-info/SOURCES.txt'
[0.739s] writing manifest file '../../build/add_integers/add_integers.egg-info/SOURCES.txt'
[0.739s] running build
[0.739s] running build_py
[0.739s] creating /home/aceti/ros2_ws/build/add_integers/build
[0.739s] creating /home/aceti/ros2_ws/build/add_integers/build/lib
[0.739s] creating /home/aceti/ros2_ws/build/add_integers/build/lib/add_integers
[0.739s] copying add_integers/service_node.py -> /home/aceti/ros2_ws/build/add_integers/build/lib/add_integers
[0.739s] copying add_integers/__init__.py -> /home/aceti/ros2_ws/build/add_integers/build/lib/add_integers
[0.739s] copying add_integers/head_test.py -> /home/aceti/ros2_ws/build/add_integers/build/lib/add_integers
[0.739s] running install
[0.739s] running install_lib
[0.740s] creating /home/aceti/ros2_ws/install/add_integers/lib/python3.10/site-packages/add_integers
[0.740s] copying /home/aceti/ros2_ws/build/add_integers/build/lib/add_integers/service_node.py -> /home/aceti/ros2_ws/install/add_integers/lib/python3.10/site-packages/add_integers
[0.740s] copying /home/aceti/ros2_ws/build/add_integers/build/lib/add_integers/__init__.py -> /home/aceti/ros2_ws/install/add_integers/lib/python3.10/site-packages/add_integers
[0.740s] copying /home/aceti/ros2_ws/build/add_integers/build/lib/add_integers/head_test.py -> /home/aceti/ros2_ws/install/add_integers/lib/python3.10/site-packages/add_integers
[0.740s] byte-compiling /home/aceti/ros2_ws/install/add_integers/lib/python3.10/site-packages/add_integers/service_node.py to service_node.cpython-310.pyc
[0.741s] byte-compiling /home/aceti/ros2_ws/install/add_integers/lib/python3.10/site-packages/add_integers/__init__.py to __init__.cpython-310.pyc
[0.741s] byte-compiling /home/aceti/ros2_ws/install/add_integers/lib/python3.10/site-packages/add_integers/head_test.py to head_test.cpython-310.pyc
[0.741s] running install_data
[0.741s] creating /home/aceti/ros2_ws/install/add_integers/share/ament_index
[0.742s] creating /home/aceti/ros2_ws/install/add_integers/share/ament_index/resource_index
[0.742s] creating /home/aceti/ros2_ws/install/add_integers/share/ament_index/resource_index/packages
[0.742s] copying resource/add_integers -> /home/aceti/ros2_ws/install/add_integers/share/ament_index/resource_index/packages
[0.742s] copying package.xml -> /home/aceti/ros2_ws/install/add_integers/share/add_integers
[0.742s] running install_egg_info
[0.743s] Copying ../../build/add_integers/add_integers.egg-info to /home/aceti/ros2_ws/install/add_integers/lib/python3.10/site-packages/add_integers-0.0.0-py3.10.egg-info
[0.743s] running install_scripts
[0.758s] Installing adition_client script to /home/aceti/ros2_ws/install/add_integers/lib/add_integers
[0.759s] Installing adition_service script to /home/aceti/ros2_ws/install/add_integers/lib/add_integers
[0.759s] writing list of installed files to '/home/aceti/ros2_ws/build/add_integers/install.log'
[0.779s] Invoked command in '/home/aceti/ros2_ws/src/add_integers' returned '0': LD_LIBRARY_PATH=/home/aceti/ros2_ws/install/head_controller/lib:${LD_LIBRARY_PATH} PYTHONPATH=/home/aceti/ros2_ws/build/add_integers/prefix_override:/home/aceti/ros2_ws/install/add_integers/lib/python3.10/site-packages:/home/aceti/ros2_ws/install/head_controller/local/lib/python3.10/dist-packages:${PYTHONPATH} /usr/bin/python3 setup.py egg_info --egg-base ../../build/add_integers build --build-base /home/aceti/ros2_ws/build/add_integers/build install --record /home/aceti/ros2_ws/build/add_integers/install.log --single-version-externally-managed
