[0.013s] Invoking command in '/home/aceti/head/Head_asv/build/head_controller': CMAKE_PREFIX_PATH=${CMAKE_PREFIX_PATH}:/home/aceti/head/Head_asv/install/add_integers:/home/aceti/sonar/install/sonar_controller:/opt/ros/humble /usr/bin/cmake --build /home/aceti/head/Head_asv/build/head_controller -- -j8 -l8
[0.038s] [35m[1mConsolidate compiler generated dependencies of target head_controller__rosidl_generator_c[0m
[0.046s] [  3%] Built target head_controller__cpp
[0.053s] [ 12%] Built target head_controller__rosidl_generator_c
[0.113s] [ 12%] Built target ament_cmake_python_copy_head_controller
[0.113s] [35m[1mConsolidate compiler generated dependencies of target head_controller__rosidl_typesupport_introspection_c[0m
[0.113s] [35m[1mConsolidate compiler generated dependencies of target head_controller__rosidl_typesupport_fastrtps_cpp[0m
[0.113s] [35m[1mConsolidate compiler generated dependencies of target head_controller__rosidl_typesupport_introspection_cpp[0m
[0.116s] [35m[1mConsolidate compiler generated dependencies of target head_controller__rosidl_typesupport_c[0m
[0.118s] [35m[1mConsolidate compiler generated dependencies of target head_controller__rosidl_typesupport_cpp[0m
[0.120s] [35m[1mConsolidate compiler generated dependencies of target head_controller__rosidl_typesupport_fastrtps_c[0m
[0.218s] [ 22%] Built target head_controller__rosidl_typesupport_c
[0.223s] [ 32%] Built target head_controller__rosidl_typesupport_cpp
[0.224s] [ 58%] Built target head_controller__rosidl_typesupport_introspection_cpp
[0.225s] [ 58%] Built target head_controller__rosidl_typesupport_fastrtps_cpp
[0.227s] [ 61%] Built target head_controller__rosidl_typesupport_introspection_c
[0.239s] [ 70%] Built target head_controller__rosidl_typesupport_fastrtps_c
[0.266s] [ 70%] Built target head_controller
[0.279s] [ 74%] Built target head_controller__py
[0.286s] [35m[1mConsolidate compiler generated dependencies of target head_controller__rosidl_generator_py[0m
[0.296s] [ 80%] Built target head_controller__rosidl_generator_py
[0.350s] [35m[1mConsolidate compiler generated dependencies of target head_controller__rosidl_typesupport_c__pyext[0m
[0.352s] [35m[1mConsolidate compiler generated dependencies of target head_controller__rosidl_typesupport_fastrtps_c__pyext[0m
[0.363s] [35m[1mConsolidate compiler generated dependencies of target head_controller__rosidl_typesupport_introspection_c__pyext[0m
[0.413s] [ 87%] Built target head_controller__rosidl_typesupport_c__pyext
[0.415s] [ 93%] Built target head_controller__rosidl_typesupport_introspection_c__pyext
[0.418s] [100%] Built target head_controller__rosidl_typesupport_fastrtps_c__pyext
[0.666s] running egg_info
[0.666s] writing head_controller.egg-info/PKG-INFO
[0.667s] writing dependency_links to head_controller.egg-info/dependency_links.txt
[0.667s] writing top-level names to head_controller.egg-info/top_level.txt
[0.668s] reading manifest file 'head_controller.egg-info/SOURCES.txt'
[0.669s] writing manifest file 'head_controller.egg-info/SOURCES.txt'
[0.692s] [100%] Built target ament_cmake_python_build_head_controller_egg
[0.699s] Invoked command in '/home/aceti/head/Head_asv/build/head_controller' returned '0': CMAKE_PREFIX_PATH=${CMAKE_PREFIX_PATH}:/home/aceti/head/Head_asv/install/add_integers:/home/aceti/sonar/install/sonar_controller:/opt/ros/humble /usr/bin/cmake --build /home/aceti/head/Head_asv/build/head_controller -- -j8 -l8
[0.757s] Invoking command in '/home/aceti/head/Head_asv/build/head_controller': CMAKE_PREFIX_PATH=${CMAKE_PREFIX_PATH}:/home/aceti/head/Head_asv/install/add_integers:/home/aceti/sonar/install/sonar_controller:/opt/ros/humble /usr/bin/cmake --install /home/aceti/head/Head_asv/build/head_controller
[0.762s] -- Install configuration: ""
[0.762s] -- Up-to-date: /home/aceti/head/Head_asv/install/head_controller/share/ament_index/resource_index/rosidl_interfaces/head_controller
[0.762s] -- Up-to-date: /home/aceti/head/Head_asv/install/head_controller/include/head_controller/head_controller
[0.762s] -- Up-to-date: /home/aceti/head/Head_asv/install/head_controller/include/head_controller/head_controller/msg
[0.762s] -- Up-to-date: /home/aceti/head/Head_asv/install/head_controller/include/head_controller/head_controller/msg/rosidl_generator_c__visibility_control.h
[0.762s] -- Up-to-date: /home/aceti/head/Head_asv/install/head_controller/include/head_controller/head_controller/srv
[0.763s] -- Up-to-date: /home/aceti/head/Head_asv/install/head_controller/include/head_controller/head_controller/srv/head.h
[0.763s] -- Up-to-date: /home/aceti/head/Head_asv/install/head_controller/include/head_controller/head_controller/srv/detail
[0.763s] -- Up-to-date: /home/aceti/head/Head_asv/install/head_controller/include/head_controller/head_controller/srv/detail/head__functions.h
[0.763s] -- Up-to-date: /home/aceti/head/Head_asv/install/head_controller/include/head_controller/head_controller/srv/detail/head__struct.h
[0.763s] -- Up-to-date: /home/aceti/head/Head_asv/install/head_controller/include/head_controller/head_controller/srv/detail/head__functions.c
[0.763s] -- Up-to-date: /home/aceti/head/Head_asv/install/head_controller/include/head_controller/head_controller/srv/detail/head__type_support.h
[0.763s] -- Up-to-date: /home/aceti/head/Head_asv/install/head_controller/share/head_controller/environment/library_path.sh
[0.763s] -- Up-to-date: /home/aceti/head/Head_asv/install/head_controller/share/head_controller/environment/library_path.dsv
[0.763s] -- Up-to-date: /home/aceti/head/Head_asv/install/head_controller/lib/libhead_controller__rosidl_generator_c.so
[0.763s] -- Up-to-date: /home/aceti/head/Head_asv/install/head_controller/include/head_controller/head_controller
[0.764s] -- Up-to-date: /home/aceti/head/Head_asv/install/head_controller/include/head_controller/head_controller/msg
[0.764s] -- Up-to-date: /home/aceti/head/Head_asv/install/head_controller/include/head_controller/head_controller/msg/rosidl_typesupport_fastrtps_c__visibility_control.h
[0.764s] -- Up-to-date: /home/aceti/head/Head_asv/install/head_controller/include/head_controller/head_controller/srv
[0.764s] -- Up-to-date: /home/aceti/head/Head_asv/install/head_controller/include/head_controller/head_controller/srv/detail
[0.764s] -- Up-to-date: /home/aceti/head/Head_asv/install/head_controller/include/head_controller/head_controller/srv/detail/head__rosidl_typesupport_fastrtps_c.h
[0.764s] -- Up-to-date: /home/aceti/head/Head_asv/install/head_controller/lib/libhead_controller__rosidl_typesupport_fastrtps_c.so
[0.764s] -- Up-to-date: /home/aceti/head/Head_asv/install/head_controller/include/head_controller/head_controller
[0.764s] -- Up-to-date: /home/aceti/head/Head_asv/install/head_controller/include/head_controller/head_controller/msg
[0.764s] -- Up-to-date: /home/aceti/head/Head_asv/install/head_controller/include/head_controller/head_controller/msg/rosidl_typesupport_introspection_c__visibility_control.h
[0.764s] -- Up-to-date: /home/aceti/head/Head_asv/install/head_controller/include/head_controller/head_controller/srv
[0.764s] -- Up-to-date: /home/aceti/head/Head_asv/install/head_controller/include/head_controller/head_controller/srv/detail
[0.765s] -- Up-to-date: /home/aceti/head/Head_asv/install/head_controller/include/head_controller/head_controller/srv/detail/head__rosidl_typesupport_introspection_c.h
[0.765s] -- Up-to-date: /home/aceti/head/Head_asv/install/head_controller/include/head_controller/head_controller/srv/detail/head__type_support.c
[0.765s] -- Up-to-date: /home/aceti/head/Head_asv/install/head_controller/lib/libhead_controller__rosidl_typesupport_introspection_c.so
[0.765s] -- Up-to-date: /home/aceti/head/Head_asv/install/head_controller/lib/libhead_controller__rosidl_typesupport_c.so
[0.765s] -- Up-to-date: /home/aceti/head/Head_asv/install/head_controller/include/head_controller/head_controller
[0.765s] -- Up-to-date: /home/aceti/head/Head_asv/install/head_controller/include/head_controller/head_controller/srv
[0.765s] -- Up-to-date: /home/aceti/head/Head_asv/install/head_controller/include/head_controller/head_controller/srv/head.hpp
[0.765s] -- Up-to-date: /home/aceti/head/Head_asv/install/head_controller/include/head_controller/head_controller/srv/detail
[0.765s] -- Up-to-date: /home/aceti/head/Head_asv/install/head_controller/include/head_controller/head_controller/srv/detail/head__builder.hpp
[0.765s] -- Up-to-date: /home/aceti/head/Head_asv/install/head_controller/include/head_controller/head_controller/srv/detail/head__traits.hpp
[0.765s] -- Up-to-date: /home/aceti/head/Head_asv/install/head_controller/include/head_controller/head_controller/srv/detail/head__struct.hpp
[0.765s] -- Up-to-date: /home/aceti/head/Head_asv/install/head_controller/include/head_controller/head_controller
[0.765s] -- Up-to-date: /home/aceti/head/Head_asv/install/head_controller/include/head_controller/head_controller/msg
[0.766s] -- Up-to-date: /home/aceti/head/Head_asv/install/head_controller/include/head_controller/head_controller/msg/rosidl_typesupport_fastrtps_cpp__visibility_control.h
[0.766s] -- Up-to-date: /home/aceti/head/Head_asv/install/head_controller/include/head_controller/head_controller/srv
[0.766s] -- Up-to-date: /home/aceti/head/Head_asv/install/head_controller/include/head_controller/head_controller/srv/detail
[0.766s] -- Up-to-date: /home/aceti/head/Head_asv/install/head_controller/include/head_controller/head_controller/srv/detail/head__rosidl_typesupport_fastrtps_cpp.hpp
[0.766s] -- Up-to-date: /home/aceti/head/Head_asv/install/head_controller/include/head_controller/head_controller/srv/detail/dds_fastrtps
[0.766s] -- Up-to-date: /home/aceti/head/Head_asv/install/head_controller/lib/libhead_controller__rosidl_typesupport_fastrtps_cpp.so
[0.766s] -- Up-to-date: /home/aceti/head/Head_asv/install/head_controller/include/head_controller/head_controller
[0.766s] -- Up-to-date: /home/aceti/head/Head_asv/install/head_controller/include/head_controller/head_controller/srv
[0.766s] -- Up-to-date: /home/aceti/head/Head_asv/install/head_controller/include/head_controller/head_controller/srv/detail
[0.766s] -- Up-to-date: /home/aceti/head/Head_asv/install/head_controller/include/head_controller/head_controller/srv/detail/head__type_support.cpp
[0.766s] -- Up-to-date: /home/aceti/head/Head_asv/install/head_controller/include/head_controller/head_controller/srv/detail/head__rosidl_typesupport_introspection_cpp.hpp
[0.766s] -- Up-to-date: /home/aceti/head/Head_asv/install/head_controller/lib/libhead_controller__rosidl_typesupport_introspection_cpp.so
[0.766s] -- Up-to-date: /home/aceti/head/Head_asv/install/head_controller/lib/libhead_controller__rosidl_typesupport_cpp.so
[0.767s] -- Up-to-date: /home/aceti/head/Head_asv/install/head_controller/share/head_controller/environment/pythonpath.sh
[0.767s] -- Up-to-date: /home/aceti/head/Head_asv/install/head_controller/share/head_controller/environment/pythonpath.dsv
[0.767s] -- Up-to-date: /home/aceti/head/Head_asv/install/head_controller/local/lib/python3.10/dist-packages/head_controller-0.0.0-py3.10.egg-info
[0.767s] -- Installing: /home/aceti/head/Head_asv/install/head_controller/local/lib/python3.10/dist-packages/head_controller-0.0.0-py3.10.egg-info/SOURCES.txt
[0.767s] -- Installing: /home/aceti/head/Head_asv/install/head_controller/local/lib/python3.10/dist-packages/head_controller-0.0.0-py3.10.egg-info/dependency_links.txt
[0.767s] -- Installing: /home/aceti/head/Head_asv/install/head_controller/local/lib/python3.10/dist-packages/head_controller-0.0.0-py3.10.egg-info/top_level.txt
[0.767s] -- Installing: /home/aceti/head/Head_asv/install/head_controller/local/lib/python3.10/dist-packages/head_controller-0.0.0-py3.10.egg-info/PKG-INFO
[0.767s] -- Up-to-date: /home/aceti/head/Head_asv/install/head_controller/local/lib/python3.10/dist-packages/head_controller
[0.767s] -- Up-to-date: /home/aceti/head/Head_asv/install/head_controller/local/lib/python3.10/dist-packages/head_controller/head_controller_s__rosidl_typesupport_c.cpython-310-x86_64-linux-gnu.so
[0.767s] -- Up-to-date: /home/aceti/head/Head_asv/install/head_controller/local/lib/python3.10/dist-packages/head_controller/head_controller_s__rosidl_typesupport_introspection_c.cpython-310-x86_64-linux-gnu.so
[0.767s] -- Up-to-date: /home/aceti/head/Head_asv/install/head_controller/local/lib/python3.10/dist-packages/head_controller/_head_controller_s.ep.rosidl_typesupport_introspection_c.c
[0.767s] -- Up-to-date: /home/aceti/head/Head_asv/install/head_controller/local/lib/python3.10/dist-packages/head_controller/_head_controller_s.ep.rosidl_typesupport_c.c
[0.767s] -- Up-to-date: /home/aceti/head/Head_asv/install/head_controller/local/lib/python3.10/dist-packages/head_controller/__init__.py
[0.767s] -- Up-to-date: /home/aceti/head/Head_asv/install/head_controller/local/lib/python3.10/dist-packages/head_controller/head_controller_s__rosidl_typesupport_fastrtps_c.cpython-310-x86_64-linux-gnu.so
[0.768s] -- Up-to-date: /home/aceti/head/Head_asv/install/head_controller/local/lib/python3.10/dist-packages/head_controller/libhead_controller__rosidl_generator_py.so
[0.768s] -- Up-to-date: /home/aceti/head/Head_asv/install/head_controller/local/lib/python3.10/dist-packages/head_controller/_head_controller_s.ep.rosidl_typesupport_fastrtps_c.c
[0.768s] -- Up-to-date: /home/aceti/head/Head_asv/install/head_controller/local/lib/python3.10/dist-packages/head_controller/srv
[0.768s] -- Up-to-date: /home/aceti/head/Head_asv/install/head_controller/local/lib/python3.10/dist-packages/head_controller/srv/__init__.py
[0.768s] -- Up-to-date: /home/aceti/head/Head_asv/install/head_controller/local/lib/python3.10/dist-packages/head_controller/srv/_head.py
[0.768s] -- Up-to-date: /home/aceti/head/Head_asv/install/head_controller/local/lib/python3.10/dist-packages/head_controller/srv/_head_s.c
[0.790s] Listing '/home/aceti/head/Head_asv/install/head_controller/local/lib/python3.10/dist-packages/head_controller'...
[0.790s] Listing '/home/aceti/head/Head_asv/install/head_controller/local/lib/python3.10/dist-packages/head_controller/srv'...
[0.793s] -- Up-to-date: /home/aceti/head/Head_asv/install/head_controller/local/lib/python3.10/dist-packages/head_controller/head_controller_s__rosidl_typesupport_fastrtps_c.cpython-310-x86_64-linux-gnu.so
[0.793s] -- Up-to-date: /home/aceti/head/Head_asv/install/head_controller/local/lib/python3.10/dist-packages/head_controller/head_controller_s__rosidl_typesupport_introspection_c.cpython-310-x86_64-linux-gnu.so
[0.793s] -- Up-to-date: /home/aceti/head/Head_asv/install/head_controller/local/lib/python3.10/dist-packages/head_controller/head_controller_s__rosidl_typesupport_c.cpython-310-x86_64-linux-gnu.so
[0.793s] -- Up-to-date: /home/aceti/head/Head_asv/install/head_controller/lib/libhead_controller__rosidl_generator_py.so
[0.794s] -- Up-to-date: /home/aceti/head/Head_asv/install/head_controller/share/head_controller/srv/Head.idl
[0.794s] -- Up-to-date: /home/aceti/head/Head_asv/install/head_controller/share/head_controller/srv/Head.srv
[0.795s] -- Up-to-date: /home/aceti/head/Head_asv/install/head_controller/share/head_controller/srv/Head_Request.msg
[0.797s] -- Up-to-date: /home/aceti/head/Head_asv/install/head_controller/share/head_controller/srv/Head_Response.msg
[0.798s] -- Up-to-date: /home/aceti/head/Head_asv/install/head_controller/share/ament_index/resource_index/package_run_dependencies/head_controller
[0.800s] -- Up-to-date: /home/aceti/head/Head_asv/install/head_controller/share/ament_index/resource_index/parent_prefix_path/head_controller
[0.802s] -- Up-to-date: /home/aceti/head/Head_asv/install/head_controller/share/head_controller/environment/ament_prefix_path.sh
[0.804s] -- Up-to-date: /home/aceti/head/Head_asv/install/head_controller/share/head_controller/environment/ament_prefix_path.dsv
[0.806s] -- Up-to-date: /home/aceti/head/Head_asv/install/head_controller/share/head_controller/environment/path.sh
[0.806s] -- Up-to-date: /home/aceti/head/Head_asv/install/head_controller/share/head_controller/environment/path.dsv
[0.806s] -- Up-to-date: /home/aceti/head/Head_asv/install/head_controller/share/head_controller/local_setup.bash
[0.806s] -- Up-to-date: /home/aceti/head/Head_asv/install/head_controller/share/head_controller/local_setup.sh
[0.807s] -- Up-to-date: /home/aceti/head/Head_asv/install/head_controller/share/head_controller/local_setup.zsh
[0.807s] -- Up-to-date: /home/aceti/head/Head_asv/install/head_controller/share/head_controller/local_setup.dsv
[0.807s] -- Installing: /home/aceti/head/Head_asv/install/head_controller/share/head_controller/package.dsv
[0.807s] -- Up-to-date: /home/aceti/head/Head_asv/install/head_controller/share/ament_index/resource_index/packages/head_controller
[0.807s] -- Up-to-date: /home/aceti/head/Head_asv/install/head_controller/share/head_controller/cmake/export_head_controller__rosidl_generator_cExport.cmake
[0.807s] -- Up-to-date: /home/aceti/head/Head_asv/install/head_controller/share/head_controller/cmake/export_head_controller__rosidl_generator_cExport-noconfig.cmake
[0.807s] -- Up-to-date: /home/aceti/head/Head_asv/install/head_controller/share/head_controller/cmake/export_head_controller__rosidl_typesupport_fastrtps_cExport.cmake
[0.807s] -- Up-to-date: /home/aceti/head/Head_asv/install/head_controller/share/head_controller/cmake/export_head_controller__rosidl_typesupport_fastrtps_cExport-noconfig.cmake
[0.807s] -- Up-to-date: /home/aceti/head/Head_asv/install/head_controller/share/head_controller/cmake/head_controller__rosidl_typesupport_introspection_cExport.cmake
[0.807s] -- Up-to-date: /home/aceti/head/Head_asv/install/head_controller/share/head_controller/cmake/head_controller__rosidl_typesupport_introspection_cExport-noconfig.cmake
[0.807s] -- Up-to-date: /home/aceti/head/Head_asv/install/head_controller/share/head_controller/cmake/head_controller__rosidl_typesupport_cExport.cmake
[0.807s] -- Up-to-date: /home/aceti/head/Head_asv/install/head_controller/share/head_controller/cmake/head_controller__rosidl_typesupport_cExport-noconfig.cmake
[0.808s] -- Up-to-date: /home/aceti/head/Head_asv/install/head_controller/share/head_controller/cmake/export_head_controller__rosidl_generator_cppExport.cmake
[0.808s] -- Up-to-date: /home/aceti/head/Head_asv/install/head_controller/share/head_controller/cmake/export_head_controller__rosidl_typesupport_fastrtps_cppExport.cmake
[0.808s] -- Up-to-date: /home/aceti/head/Head_asv/install/head_controller/share/head_controller/cmake/export_head_controller__rosidl_typesupport_fastrtps_cppExport-noconfig.cmake
[0.808s] -- Up-to-date: /home/aceti/head/Head_asv/install/head_controller/share/head_controller/cmake/head_controller__rosidl_typesupport_introspection_cppExport.cmake
[0.808s] -- Up-to-date: /home/aceti/head/Head_asv/install/head_controller/share/head_controller/cmake/head_controller__rosidl_typesupport_introspection_cppExport-noconfig.cmake
[0.808s] -- Up-to-date: /home/aceti/head/Head_asv/install/head_controller/share/head_controller/cmake/head_controller__rosidl_typesupport_cppExport.cmake
[0.809s] -- Up-to-date: /home/aceti/head/Head_asv/install/head_controller/share/head_controller/cmake/head_controller__rosidl_typesupport_cppExport-noconfig.cmake
[0.810s] -- Up-to-date: /home/aceti/head/Head_asv/install/head_controller/share/head_controller/cmake/export_head_controller__rosidl_generator_pyExport.cmake
[0.810s] -- Up-to-date: /home/aceti/head/Head_asv/install/head_controller/share/head_controller/cmake/export_head_controller__rosidl_generator_pyExport-noconfig.cmake
[0.810s] -- Up-to-date: /home/aceti/head/Head_asv/install/head_controller/share/head_controller/cmake/rosidl_cmake-extras.cmake
[0.810s] -- Up-to-date: /home/aceti/head/Head_asv/install/head_controller/share/head_controller/cmake/ament_cmake_export_include_directories-extras.cmake
[0.810s] -- Up-to-date: /home/aceti/head/Head_asv/install/head_controller/share/head_controller/cmake/ament_cmake_export_libraries-extras.cmake
[0.810s] -- Up-to-date: /home/aceti/head/Head_asv/install/head_controller/share/head_controller/cmake/ament_cmake_export_targets-extras.cmake
[0.811s] -- Up-to-date: /home/aceti/head/Head_asv/install/head_controller/share/head_controller/cmake/rosidl_cmake_export_typesupport_targets-extras.cmake
[0.811s] -- Up-to-date: /home/aceti/head/Head_asv/install/head_controller/share/head_controller/cmake/ament_cmake_export_dependencies-extras.cmake
[0.811s] -- Up-to-date: /home/aceti/head/Head_asv/install/head_controller/share/head_controller/cmake/rosidl_cmake_export_typesupport_libraries-extras.cmake
[0.811s] -- Up-to-date: /home/aceti/head/Head_asv/install/head_controller/share/head_controller/cmake/head_controllerConfig.cmake
[0.811s] -- Up-to-date: /home/aceti/head/Head_asv/install/head_controller/share/head_controller/cmake/head_controllerConfig-version.cmake
[0.811s] -- Up-to-date: /home/aceti/head/Head_asv/install/head_controller/share/head_controller/package.xml
[0.812s] Invoked command in '/home/aceti/head/Head_asv/build/head_controller' returned '0': CMAKE_PREFIX_PATH=${CMAKE_PREFIX_PATH}:/home/aceti/head/Head_asv/install/add_integers:/home/aceti/sonar/install/sonar_controller:/opt/ros/humble /usr/bin/cmake --install /home/aceti/head/Head_asv/build/head_controller
