[0.622s] Invoking command in '/home/aceti/head/Head_asv/src/add_integers': PYTHONPATH=/home/aceti/head/Head_asv/build/add_integers/prefix_override:/home/aceti/head/Head_asv/install/add_integers/lib/python3.10/site-packages:${PYTHONPATH} /usr/bin/python3 setup.py egg_info --egg-base ../../build/add_integers build --build-base /home/aceti/head/Head_asv/build/add_integers/build install --record /home/aceti/head/Head_asv/build/add_integers/install.log --single-version-externally-managed
[0.856s] running egg_info
[0.857s] writing ../../build/add_integers/add_integers.egg-info/PKG-INFO
[0.857s] writing dependency_links to ../../build/add_integers/add_integers.egg-info/dependency_links.txt
[0.857s] writing entry points to ../../build/add_integers/add_integers.egg-info/entry_points.txt
[0.857s] writing requirements to ../../build/add_integers/add_integers.egg-info/requires.txt
[0.858s] writing top-level names to ../../build/add_integers/add_integers.egg-info/top_level.txt
[0.859s] reading manifest file '../../build/add_integers/add_integers.egg-info/SOURCES.txt'
[0.860s] writing manifest file '../../build/add_integers/add_integers.egg-info/SOURCES.txt'
[0.860s] running build
[0.860s] running build_py
[0.860s] running install
[0.860s] running install_lib
[0.861s] running install_data
[0.862s] running install_egg_info
[0.863s] removing '/home/aceti/head/Head_asv/install/add_integers/lib/python3.10/site-packages/add_integers-0.0.0-py3.10.egg-info' (and everything under it)
[0.863s] Copying ../../build/add_integers/add_integers.egg-info to /home/aceti/head/Head_asv/install/add_integers/lib/python3.10/site-packages/add_integers-0.0.0-py3.10.egg-info
[0.864s] running install_scripts
[0.882s] Installing move_client script to /home/aceti/head/Head_asv/install/add_integers/lib/add_integers
[0.882s] Installing move_service script to /home/aceti/head/Head_asv/install/add_integers/lib/add_integers
[0.882s] writing list of installed files to '/home/aceti/head/Head_asv/build/add_integers/install.log'
[0.908s] Invoked command in '/home/aceti/head/Head_asv/src/add_integers' returned '0': PYTHONPATH=/home/aceti/head/Head_asv/build/add_integers/prefix_override:/home/aceti/head/Head_asv/install/add_integers/lib/python3.10/site-packages:${PYTHONPATH} /usr/bin/python3 setup.py egg_info --egg-base ../../build/add_integers build --build-base /home/aceti/head/Head_asv/build/add_integers/build install --record /home/aceti/head/Head_asv/build/add_integers/install.log --single-version-externally-managed
