running egg_info
writing ../../build/add_integers/add_integers.egg-info/PKG-INFO
writing dependency_links to ../../build/add_integers/add_integers.egg-info/dependency_links.txt
writing entry points to ../../build/add_integers/add_integers.egg-info/entry_points.txt
writing requirements to ../../build/add_integers/add_integers.egg-info/requires.txt
writing top-level names to ../../build/add_integers/add_integers.egg-info/top_level.txt
reading manifest file '../../build/add_integers/add_integers.egg-info/SOURCES.txt'
writing manifest file '../../build/add_integers/add_integers.egg-info/SOURCES.txt'
running build
running build_py
copying add_integers/service_node.py -> /home/aceti/ros2_ws/build/add_integers/build/lib/add_integers
copying add_integers/head_test.py -> /home/aceti/ros2_ws/build/add_integers/build/lib/add_integers
running install
running install_lib
copying /home/aceti/ros2_ws/build/add_integers/build/lib/add_integers/service_node.py -> /home/aceti/ros2_ws/install/add_integers/lib/python3.10/site-packages/add_integers
copying /home/aceti/ros2_ws/build/add_integers/build/lib/add_integers/head_test.py -> /home/aceti/ros2_ws/install/add_integers/lib/python3.10/site-packages/add_integers
byte-compiling /home/aceti/ros2_ws/install/add_integers/lib/python3.10/site-packages/add_integers/service_node.py to service_node.cpython-310.pyc
byte-compiling /home/aceti/ros2_ws/install/add_integers/lib/python3.10/site-packages/add_integers/head_test.py to head_test.cpython-310.pyc
running install_data
running install_egg_info
removing '/home/aceti/ros2_ws/install/add_integers/lib/python3.10/site-packages/add_integers-0.0.0-py3.10.egg-info' (and everything under it)
Copying ../../build/add_integers/add_integers.egg-info to /home/aceti/ros2_ws/install/add_integers/lib/python3.10/site-packages/add_integers-0.0.0-py3.10.egg-info
running install_scripts
Installing move_client script to /home/aceti/ros2_ws/install/add_integers/lib/add_integers
Installing move_service script to /home/aceti/ros2_ws/install/add_integers/lib/add_integers
writing list of installed files to '/home/aceti/ros2_ws/build/add_integers/install.log'
