[0.521s] Invoking command in '/home/aceti/sonar/Head_asv/src/head_controller': CMAKE_PREFIX_PATH=/home/aceti/sonar/Head_asv/install/custom_interfaces:/home/aceti/sonar/Head_asv/install/head_controller:/home/aceti/Documents/camera_test/install/asus_xtion_visualization LD_LIBRARY_PATH=/home/aceti/sonar/Head_asv/install/custom_interfaces/lib:/home/aceti/sonar/Head_asv/install/head_controller/lib:/home/aceti/head/Head_asv/install/head_controller/lib:/opt/ros/humble/opt/rviz_ogre_vendor/lib:/opt/ros/humble/lib/x86_64-linux-gnu:/opt/ros/humble/lib PYTHONPATH=/home/aceti/sonar/Head_asv/build/head_controller/prefix_override:/home/aceti/sonar/Head_asv/install/head_controller/lib/python3.10/site-packages:${PYTHONPATH} /usr/bin/python3 setup.py egg_info --egg-base ../../build/head_controller build --build-base /home/aceti/sonar/Head_asv/build/head_controller/build install --record /home/aceti/sonar/Head_asv/build/head_controller/install.log --single-version-externally-managed
[0.733s] running egg_info
[0.734s] creating ../../build/head_controller/head_controller.egg-info
[0.734s] writing ../../build/head_controller/head_controller.egg-info/PKG-INFO
[0.734s] writing dependency_links to ../../build/head_controller/head_controller.egg-info/dependency_links.txt
[0.734s] writing entry points to ../../build/head_controller/head_controller.egg-info/entry_points.txt
[0.735s] writing requirements to ../../build/head_controller/head_controller.egg-info/requires.txt
[0.735s] writing top-level names to ../../build/head_controller/head_controller.egg-info/top_level.txt
[0.735s] writing manifest file '../../build/head_controller/head_controller.egg-info/SOURCES.txt'
[0.736s] reading manifest file '../../build/head_controller/head_controller.egg-info/SOURCES.txt'
[0.737s] writing manifest file '../../build/head_controller/head_controller.egg-info/SOURCES.txt'
[0.737s] running build
[0.737s] running build_py
[0.737s] creating /home/aceti/sonar/Head_asv/build/head_controller/build
[0.737s] creating /home/aceti/sonar/Head_asv/build/head_controller/build/lib
[0.737s] creating /home/aceti/sonar/Head_asv/build/head_controller/build/lib/head_controller
[0.737s] copying head_controller/service_node.py -> /home/aceti/sonar/Head_asv/build/head_controller/build/lib/head_controller
[0.738s] copying head_controller/__init__.py -> /home/aceti/sonar/Head_asv/build/head_controller/build/lib/head_controller
[0.738s] copying head_controller/head_test.py -> /home/aceti/sonar/Head_asv/build/head_controller/build/lib/head_controller
[0.738s] running install
[0.738s] running install_lib
[0.738s] creating /home/aceti/sonar/Head_asv/install/head_controller/lib/python3.10/site-packages/head_controller
[0.739s] copying /home/aceti/sonar/Head_asv/build/head_controller/build/lib/head_controller/service_node.py -> /home/aceti/sonar/Head_asv/install/head_controller/lib/python3.10/site-packages/head_controller
[0.739s] copying /home/aceti/sonar/Head_asv/build/head_controller/build/lib/head_controller/__init__.py -> /home/aceti/sonar/Head_asv/install/head_controller/lib/python3.10/site-packages/head_controller
[0.739s] copying /home/aceti/sonar/Head_asv/build/head_controller/build/lib/head_controller/head_test.py -> /home/aceti/sonar/Head_asv/install/head_controller/lib/python3.10/site-packages/head_controller
[0.739s] byte-compiling /home/aceti/sonar/Head_asv/install/head_controller/lib/python3.10/site-packages/head_controller/service_node.py to service_node.cpython-310.pyc
[0.740s] byte-compiling /home/aceti/sonar/Head_asv/install/head_controller/lib/python3.10/site-packages/head_controller/__init__.py to __init__.cpython-310.pyc
[0.740s] byte-compiling /home/aceti/sonar/Head_asv/install/head_controller/lib/python3.10/site-packages/head_controller/head_test.py to head_test.cpython-310.pyc
[0.740s] running install_data
[0.741s] creating /home/aceti/sonar/Head_asv/install/head_controller/share/ament_index
[0.741s] creating /home/aceti/sonar/Head_asv/install/head_controller/share/ament_index/resource_index
[0.741s] creating /home/aceti/sonar/Head_asv/install/head_controller/share/ament_index/resource_index/packages
[0.741s] copying resource/head_controller -> /home/aceti/sonar/Head_asv/install/head_controller/share/ament_index/resource_index/packages
[0.741s] copying package.xml -> /home/aceti/sonar/Head_asv/install/head_controller/share/head_controller
[0.741s] running install_egg_info
[0.742s] Copying ../../build/head_controller/head_controller.egg-info to /home/aceti/sonar/Head_asv/install/head_controller/lib/python3.10/site-packages/head_controller-0.0.0-py3.10.egg-info
[0.743s] running install_scripts
[0.758s] Installing move_client script to /home/aceti/sonar/Head_asv/install/head_controller/lib/head_controller
[0.758s] Installing move_service script to /home/aceti/sonar/Head_asv/install/head_controller/lib/head_controller
[0.759s] writing list of installed files to '/home/aceti/sonar/Head_asv/build/head_controller/install.log'
[0.780s] Invoked command in '/home/aceti/sonar/Head_asv/src/head_controller' returned '0': CMAKE_PREFIX_PATH=/home/aceti/sonar/Head_asv/install/custom_interfaces:/home/aceti/sonar/Head_asv/install/head_controller:/home/aceti/Documents/camera_test/install/asus_xtion_visualization LD_LIBRARY_PATH=/home/aceti/sonar/Head_asv/install/custom_interfaces/lib:/home/aceti/sonar/Head_asv/install/head_controller/lib:/home/aceti/head/Head_asv/install/head_controller/lib:/opt/ros/humble/opt/rviz_ogre_vendor/lib:/opt/ros/humble/lib/x86_64-linux-gnu:/opt/ros/humble/lib PYTHONPATH=/home/aceti/sonar/Head_asv/build/head_controller/prefix_override:/home/aceti/sonar/Head_asv/install/head_controller/lib/python3.10/site-packages:${PYTHONPATH} /usr/bin/python3 setup.py egg_info --egg-base ../../build/head_controller build --build-base /home/aceti/sonar/Head_asv/build/head_controller/build install --record /home/aceti/sonar/Head_asv/build/head_controller/install.log --single-version-externally-managed
