[0.010s] Invoking command in '/home/aceti/ros2_ws/build/head_controller': CMAKE_PREFIX_PATH=${CMAKE_PREFIX_PATH}:/home/aceti/ros2_ws/install/add_integers:/opt/ros/humble /usr/bin/cmake --build /home/aceti/ros2_ws/build/head_controller -- -j8 -l8
[0.025s] -- Found ament_cmake: 1.3.3 (/opt/ros/humble/share/ament_cmake/cmake)
[0.135s] -- Found rosidl_default_generators: 1.2.0 (/opt/ros/humble/share/rosidl_default_generators/cmake)
[0.136s] -- Using all available rosidl_typesupport_c: rosidl_typesupport_fastrtps_c;rosidl_typesupport_introspection_c
[0.138s] -- Found rosidl_adapter: 3.1.4 (/opt/ros/humble/share/rosidl_adapter/cmake)
[0.161s] -- Using all available rosidl_typesupport_cpp: rosidl_typesupport_fastrtps_cpp;rosidl_typesupport_introspection_cpp
[0.376s] -- Found ament_cmake_ros: 0.10.0 (/opt/ros/humble/share/ament_cmake_ros/cmake)
[0.515s] -- Using all available rosidl_typesupport_c: rosidl_typesupport_fastrtps_c;rosidl_typesupport_introspection_c
[0.705s] -- Using all available rosidl_typesupport_cpp: rosidl_typesupport_fastrtps_cpp;rosidl_typesupport_introspection_cpp
[0.724s] -- Found python_cmake_module: 0.10.0 (/opt/ros/humble/share/python_cmake_module/cmake)
[0.743s] -- Using PYTHON_EXECUTABLE: /usr/bin/python3
[0.743s] -- Using PYTHON_INCLUDE_DIRS: /usr/include/python3.10
[0.743s] -- Using PYTHON_LIBRARIES: /usr/lib/x86_64-linux-gnu/libpython3.10.so
[0.751s] -- Found ament_lint_auto: 0.12.5 (/opt/ros/humble/share/ament_lint_auto/cmake)
[0.757s] -- Added test 'lint_cmake' to check CMake code style
[0.758s] -- Added test 'xmllint' to check XML markup files
[0.759s] -- Configuring done
[0.779s] -- Generating done
[0.781s] -- Build files have been written to: /home/aceti/ros2_ws/build/head_controller
[0.797s] [  3%] [34m[1mGenerating C code for ROS interfaces[0m
[0.804s] [  6%] [34m[1mGenerating C++ code for ROS interfaces[0m
[0.810s] [  6%] Built target ament_cmake_python_copy_head_controller
[1.040s] running egg_info
[1.040s] writing head_controller.egg-info/PKG-INFO
[1.041s] writing dependency_links to head_controller.egg-info/dependency_links.txt
[1.041s] [35m[1mConsolidate compiler generated dependencies of target head_controller__rosidl_generator_c[0m
[1.041s] writing top-level names to head_controller.egg-info/top_level.txt
[1.043s] reading manifest file 'head_controller.egg-info/SOURCES.txt'
[1.044s] writing manifest file 'head_controller.egg-info/SOURCES.txt'
[1.049s] [  9%] [32mBuilding C object CMakeFiles/head_controller__rosidl_generator_c.dir/rosidl_generator_c/head_controller/srv/detail/head__functions.c.o[0m
[1.057s] [  9%] Built target head_controller__cpp
[1.065s] [ 12%] [34m[1mGenerating C++ type support for eProsima Fast-RTPS[0m
[1.065s] [ 16%] [34m[1mGenerating C++ type support dispatch for ROS interfaces[0m
[1.066s] [ 19%] [34m[1mGenerating C++ introspection for ROS interfaces[0m
[1.071s] [ 19%] Built target ament_cmake_python_build_head_controller_egg
[1.097s] [ 22%] [32m[1mLinking C shared library libhead_controller__rosidl_generator_c.so[0m
[1.124s] [ 22%] Built target head_controller__rosidl_generator_c
[1.133s] [ 29%] [34m[1mGenerating C type support for eProsima Fast-RTPS[0m
[1.133s] [ 29%] [34m[1mGenerating C introspection for ROS interfaces[0m
[1.134s] [ 32%] [34m[1mGenerating C type support dispatch for ROS interfaces[0m
[1.359s] [35m[1mConsolidate compiler generated dependencies of target head_controller__rosidl_typesupport_introspection_c[0m
[1.361s] [35m[1mConsolidate compiler generated dependencies of target head_controller__rosidl_typesupport_fastrtps_c[0m
[1.368s] [ 35%] [32mBuilding C object CMakeFiles/head_controller__rosidl_typesupport_introspection_c.dir/rosidl_typesupport_introspection_c/head_controller/srv/detail/head__type_support.c.o[0m
[1.371s] [ 38%] [32mBuilding CXX object CMakeFiles/head_controller__rosidl_typesupport_fastrtps_c.dir/rosidl_typesupport_fastrtps_c/head_controller/srv/detail/head__type_support_c.cpp.o[0m
[1.383s] [35m[1mConsolidate compiler generated dependencies of target head_controller__rosidl_typesupport_cpp[0m
[1.394s] [ 41%] [32mBuilding CXX object CMakeFiles/head_controller__rosidl_typesupport_cpp.dir/rosidl_typesupport_cpp/head_controller/srv/head__type_support.cpp.o[0m
[1.396s] [ 45%] [32m[1mLinking C shared library libhead_controller__rosidl_typesupport_introspection_c.so[0m
[1.429s] [ 45%] Built target head_controller__rosidl_typesupport_introspection_c
[1.449s] [35m[1mConsolidate compiler generated dependencies of target head_controller__rosidl_typesupport_c[0m
[1.457s] [35m[1mConsolidate compiler generated dependencies of target head_controller__rosidl_typesupport_introspection_cpp[0m
[1.459s] [ 48%] [32mBuilding CXX object CMakeFiles/head_controller__rosidl_typesupport_c.dir/rosidl_typesupport_c/head_controller/srv/head__type_support.cpp.o[0m
[1.466s] [ 51%] [32mBuilding CXX object CMakeFiles/head_controller__rosidl_typesupport_introspection_cpp.dir/rosidl_typesupport_introspection_cpp/head_controller/srv/detail/head__type_support.cpp.o[0m
[1.472s] [35m[1mConsolidate compiler generated dependencies of target head_controller__rosidl_typesupport_fastrtps_cpp[0m
[1.481s] [ 58%] [32mBuilding CXX object CMakeFiles/head_controller__rosidl_typesupport_fastrtps_cpp.dir/rosidl_typesupport_fastrtps_cpp/head_controller/srv/detail/dds_fastrtps/head__type_support.cpp.o[0m
[1.481s] [ 58%] [32m[1mLinking CXX shared library libhead_controller__rosidl_typesupport_c.so[0m
[1.512s] [ 58%] Built target head_controller__rosidl_typesupport_c
[1.613s] [ 61%] [32m[1mLinking CXX shared library libhead_controller__rosidl_typesupport_cpp.so[0m
[1.649s] [ 61%] Built target head_controller__rosidl_typesupport_cpp
[1.744s] [ 64%] [32m[1mLinking CXX shared library libhead_controller__rosidl_typesupport_fastrtps_c.so[0m
[1.808s] [ 64%] Built target head_controller__rosidl_typesupport_fastrtps_c
[1.819s] [ 67%] [32m[1mLinking CXX shared library libhead_controller__rosidl_typesupport_fastrtps_cpp.so[0m
[1.859s] [ 70%] [32m[1mLinking CXX shared library libhead_controller__rosidl_typesupport_introspection_cpp.so[0m
[1.878s] [ 70%] Built target head_controller__rosidl_typesupport_fastrtps_cpp
[1.889s] [ 70%] Built target head_controller__rosidl_typesupport_introspection_cpp
[1.904s] [ 70%] Built target head_controller
[1.922s] [ 74%] [34m[1mGenerating Python code for ROS interfaces[0m
[2.213s] [ 74%] Built target head_controller__py
[2.220s] [35m[1mConsolidate compiler generated dependencies of target head_controller__rosidl_generator_py[0m
[2.229s] [ 77%] [32mBuilding C object CMakeFiles/head_controller__rosidl_generator_py.dir/rosidl_generator_py/head_controller/srv/_head_s.c.o[0m
[2.303s] [ 80%] [32m[1mLinking C shared library rosidl_generator_py/head_controller/libhead_controller__rosidl_generator_py.so[0m
[2.332s] [ 80%] Built target head_controller__rosidl_generator_py
[2.340s] [35m[1mConsolidate compiler generated dependencies of target head_controller__rosidl_typesupport_c__pyext[0m
[2.340s] [35m[1mConsolidate compiler generated dependencies of target head_controller__rosidl_typesupport_introspection_c__pyext[0m
[2.340s] [35m[1mConsolidate compiler generated dependencies of target head_controller__rosidl_typesupport_fastrtps_c__pyext[0m
[2.349s] [ 90%] [32mBuilding C object CMakeFiles/head_controller__rosidl_typesupport_fastrtps_c__pyext.dir/rosidl_generator_py/head_controller/_head_controller_s.ep.rosidl_typesupport_fastrtps_c.c.o[0m
[2.349s] [ 90%] [32mBuilding C object CMakeFiles/head_controller__rosidl_typesupport_c__pyext.dir/rosidl_generator_py/head_controller/_head_controller_s.ep.rosidl_typesupport_c.c.o[0m
[2.349s] [ 90%] [32mBuilding C object CMakeFiles/head_controller__rosidl_typesupport_introspection_c__pyext.dir/rosidl_generator_py/head_controller/_head_controller_s.ep.rosidl_typesupport_introspection_c.c.o[0m
[2.420s] [ 96%] [32m[1mLinking C shared library rosidl_generator_py/head_controller/head_controller_s__rosidl_typesupport_c.cpython-310-x86_64-linux-gnu.so[0m
[2.420s] [ 96%] [32m[1mLinking C shared library rosidl_generator_py/head_controller/head_controller_s__rosidl_typesupport_introspection_c.cpython-310-x86_64-linux-gnu.so[0m
[2.422s] [100%] [32m[1mLinking C shared library rosidl_generator_py/head_controller/head_controller_s__rosidl_typesupport_fastrtps_c.cpython-310-x86_64-linux-gnu.so[0m
[2.444s] [100%] Built target head_controller__rosidl_typesupport_introspection_c__pyext
[2.444s] [100%] Built target head_controller__rosidl_typesupport_c__pyext
[2.446s] [100%] Built target head_controller__rosidl_typesupport_fastrtps_c__pyext
[2.453s] Invoked command in '/home/aceti/ros2_ws/build/head_controller' returned '0': CMAKE_PREFIX_PATH=${CMAKE_PREFIX_PATH}:/home/aceti/ros2_ws/install/add_integers:/opt/ros/humble /usr/bin/cmake --build /home/aceti/ros2_ws/build/head_controller -- -j8 -l8
[2.494s] Invoking command in '/home/aceti/ros2_ws/build/head_controller': CMAKE_PREFIX_PATH=${CMAKE_PREFIX_PATH}:/home/aceti/ros2_ws/install/add_integers:/opt/ros/humble /usr/bin/cmake --install /home/aceti/ros2_ws/build/head_controller
[2.499s] -- Install configuration: ""
[2.500s] -- Up-to-date: /home/aceti/ros2_ws/install/head_controller/share/ament_index/resource_index/rosidl_interfaces/head_controller
[2.500s] -- Up-to-date: /home/aceti/ros2_ws/install/head_controller/include/head_controller/head_controller
[2.500s] -- Up-to-date: /home/aceti/ros2_ws/install/head_controller/include/head_controller/head_controller/msg
[2.500s] -- Up-to-date: /home/aceti/ros2_ws/install/head_controller/include/head_controller/head_controller/msg/rosidl_generator_c__visibility_control.h
[2.500s] -- Up-to-date: /home/aceti/ros2_ws/install/head_controller/include/head_controller/head_controller/srv
[2.500s] -- Installing: /home/aceti/ros2_ws/install/head_controller/include/head_controller/head_controller/srv/head.h
[2.500s] -- Up-to-date: /home/aceti/ros2_ws/install/head_controller/include/head_controller/head_controller/srv/detail
[2.500s] -- Installing: /home/aceti/ros2_ws/install/head_controller/include/head_controller/head_controller/srv/detail/head__functions.h
[2.500s] -- Installing: /home/aceti/ros2_ws/install/head_controller/include/head_controller/head_controller/srv/detail/head__struct.h
[2.500s] -- Installing: /home/aceti/ros2_ws/install/head_controller/include/head_controller/head_controller/srv/detail/head__functions.c
[2.500s] -- Installing: /home/aceti/ros2_ws/install/head_controller/include/head_controller/head_controller/srv/detail/head__type_support.h
[2.500s] -- Up-to-date: /home/aceti/ros2_ws/install/head_controller/share/head_controller/environment/library_path.sh
[2.500s] -- Installing: /home/aceti/ros2_ws/install/head_controller/share/head_controller/environment/library_path.dsv
[2.501s] -- Installing: /home/aceti/ros2_ws/install/head_controller/lib/libhead_controller__rosidl_generator_c.so
[2.501s] -- Set runtime path of "/home/aceti/ros2_ws/install/head_controller/lib/libhead_controller__rosidl_generator_c.so" to ""
[2.501s] -- Up-to-date: /home/aceti/ros2_ws/install/head_controller/include/head_controller/head_controller
[2.501s] -- Up-to-date: /home/aceti/ros2_ws/install/head_controller/include/head_controller/head_controller/msg
[2.501s] -- Up-to-date: /home/aceti/ros2_ws/install/head_controller/include/head_controller/head_controller/msg/rosidl_typesupport_fastrtps_c__visibility_control.h
[2.501s] -- Up-to-date: /home/aceti/ros2_ws/install/head_controller/include/head_controller/head_controller/srv
[2.501s] -- Up-to-date: /home/aceti/ros2_ws/install/head_controller/include/head_controller/head_controller/srv/detail
[2.501s] -- Installing: /home/aceti/ros2_ws/install/head_controller/include/head_controller/head_controller/srv/detail/head__rosidl_typesupport_fastrtps_c.h
[2.501s] -- Installing: /home/aceti/ros2_ws/install/head_controller/lib/libhead_controller__rosidl_typesupport_fastrtps_c.so
[2.501s] -- Set runtime path of "/home/aceti/ros2_ws/install/head_controller/lib/libhead_controller__rosidl_typesupport_fastrtps_c.so" to ""
[2.501s] -- Up-to-date: /home/aceti/ros2_ws/install/head_controller/include/head_controller/head_controller
[2.501s] -- Up-to-date: /home/aceti/ros2_ws/install/head_controller/include/head_controller/head_controller/msg
[2.502s] -- Up-to-date: /home/aceti/ros2_ws/install/head_controller/include/head_controller/head_controller/msg/rosidl_typesupport_introspection_c__visibility_control.h
[2.502s] -- Up-to-date: /home/aceti/ros2_ws/install/head_controller/include/head_controller/head_controller/srv
[2.502s] -- Up-to-date: /home/aceti/ros2_ws/install/head_controller/include/head_controller/head_controller/srv/detail
[2.502s] -- Installing: /home/aceti/ros2_ws/install/head_controller/include/head_controller/head_controller/srv/detail/head__rosidl_typesupport_introspection_c.h
[2.502s] -- Installing: /home/aceti/ros2_ws/install/head_controller/include/head_controller/head_controller/srv/detail/head__type_support.c
[2.502s] -- Installing: /home/aceti/ros2_ws/install/head_controller/lib/libhead_controller__rosidl_typesupport_introspection_c.so
[2.502s] -- Set runtime path of "/home/aceti/ros2_ws/install/head_controller/lib/libhead_controller__rosidl_typesupport_introspection_c.so" to ""
[2.502s] -- Installing: /home/aceti/ros2_ws/install/head_controller/lib/libhead_controller__rosidl_typesupport_c.so
[2.503s] -- Set runtime path of "/home/aceti/ros2_ws/install/head_controller/lib/libhead_controller__rosidl_typesupport_c.so" to ""
[2.503s] -- Up-to-date: /home/aceti/ros2_ws/install/head_controller/include/head_controller/head_controller
[2.503s] -- Up-to-date: /home/aceti/ros2_ws/install/head_controller/include/head_controller/head_controller/srv
[2.503s] -- Installing: /home/aceti/ros2_ws/install/head_controller/include/head_controller/head_controller/srv/head.hpp
[2.503s] -- Up-to-date: /home/aceti/ros2_ws/install/head_controller/include/head_controller/head_controller/srv/detail
[2.503s] -- Installing: /home/aceti/ros2_ws/install/head_controller/include/head_controller/head_controller/srv/detail/head__builder.hpp
[2.503s] -- Installing: /home/aceti/ros2_ws/install/head_controller/include/head_controller/head_controller/srv/detail/head__traits.hpp
[2.503s] -- Installing: /home/aceti/ros2_ws/install/head_controller/include/head_controller/head_controller/srv/detail/head__struct.hpp
[2.503s] -- Up-to-date: /home/aceti/ros2_ws/install/head_controller/include/head_controller/head_controller
[2.503s] -- Up-to-date: /home/aceti/ros2_ws/install/head_controller/include/head_controller/head_controller/msg
[2.503s] -- Up-to-date: /home/aceti/ros2_ws/install/head_controller/include/head_controller/head_controller/msg/rosidl_typesupport_fastrtps_cpp__visibility_control.h
[2.503s] -- Up-to-date: /home/aceti/ros2_ws/install/head_controller/include/head_controller/head_controller/srv
[2.503s] -- Up-to-date: /home/aceti/ros2_ws/install/head_controller/include/head_controller/head_controller/srv/detail
[2.503s] -- Installing: /home/aceti/ros2_ws/install/head_controller/include/head_controller/head_controller/srv/detail/head__rosidl_typesupport_fastrtps_cpp.hpp
[2.503s] -- Up-to-date: /home/aceti/ros2_ws/install/head_controller/include/head_controller/head_controller/srv/detail/dds_fastrtps
[2.503s] -- Installing: /home/aceti/ros2_ws/install/head_controller/lib/libhead_controller__rosidl_typesupport_fastrtps_cpp.so
[2.504s] -- Set runtime path of "/home/aceti/ros2_ws/install/head_controller/lib/libhead_controller__rosidl_typesupport_fastrtps_cpp.so" to ""
[2.504s] -- Up-to-date: /home/aceti/ros2_ws/install/head_controller/include/head_controller/head_controller
[2.504s] -- Up-to-date: /home/aceti/ros2_ws/install/head_controller/include/head_controller/head_controller/srv
[2.504s] -- Up-to-date: /home/aceti/ros2_ws/install/head_controller/include/head_controller/head_controller/srv/detail
[2.504s] -- Installing: /home/aceti/ros2_ws/install/head_controller/include/head_controller/head_controller/srv/detail/head__type_support.cpp
[2.504s] -- Installing: /home/aceti/ros2_ws/install/head_controller/include/head_controller/head_controller/srv/detail/head__rosidl_typesupport_introspection_cpp.hpp
[2.504s] -- Installing: /home/aceti/ros2_ws/install/head_controller/lib/libhead_controller__rosidl_typesupport_introspection_cpp.so
[2.504s] -- Set runtime path of "/home/aceti/ros2_ws/install/head_controller/lib/libhead_controller__rosidl_typesupport_introspection_cpp.so" to ""
[2.504s] -- Installing: /home/aceti/ros2_ws/install/head_controller/lib/libhead_controller__rosidl_typesupport_cpp.so
[2.504s] -- Set runtime path of "/home/aceti/ros2_ws/install/head_controller/lib/libhead_controller__rosidl_typesupport_cpp.so" to ""
[2.504s] -- Up-to-date: /home/aceti/ros2_ws/install/head_controller/share/head_controller/environment/pythonpath.sh
[2.505s] -- Installing: /home/aceti/ros2_ws/install/head_controller/share/head_controller/environment/pythonpath.dsv
[2.505s] -- Up-to-date: /home/aceti/ros2_ws/install/head_controller/local/lib/python3.10/dist-packages/head_controller-0.0.0-py3.10.egg-info
[2.505s] -- Installing: /home/aceti/ros2_ws/install/head_controller/local/lib/python3.10/dist-packages/head_controller-0.0.0-py3.10.egg-info/SOURCES.txt
[2.505s] -- Installing: /home/aceti/ros2_ws/install/head_controller/local/lib/python3.10/dist-packages/head_controller-0.0.0-py3.10.egg-info/dependency_links.txt
[2.505s] -- Installing: /home/aceti/ros2_ws/install/head_controller/local/lib/python3.10/dist-packages/head_controller-0.0.0-py3.10.egg-info/top_level.txt
[2.505s] -- Installing: /home/aceti/ros2_ws/install/head_controller/local/lib/python3.10/dist-packages/head_controller-0.0.0-py3.10.egg-info/PKG-INFO
[2.505s] -- Up-to-date: /home/aceti/ros2_ws/install/head_controller/local/lib/python3.10/dist-packages/head_controller
[2.505s] -- Installing: /home/aceti/ros2_ws/install/head_controller/local/lib/python3.10/dist-packages/head_controller/head_controller_s__rosidl_typesupport_c.cpython-310-x86_64-linux-gnu.so
[2.505s] -- Installing: /home/aceti/ros2_ws/install/head_controller/local/lib/python3.10/dist-packages/head_controller/head_controller_s__rosidl_typesupport_introspection_c.cpython-310-x86_64-linux-gnu.so
[2.505s] -- Installing: /home/aceti/ros2_ws/install/head_controller/local/lib/python3.10/dist-packages/head_controller/_head_controller_s.ep.rosidl_typesupport_introspection_c.c
[2.505s] -- Installing: /home/aceti/ros2_ws/install/head_controller/local/lib/python3.10/dist-packages/head_controller/_head_controller_s.ep.rosidl_typesupport_c.c
[2.505s] -- Installing: /home/aceti/ros2_ws/install/head_controller/local/lib/python3.10/dist-packages/head_controller/__init__.py
[2.505s] -- Installing: /home/aceti/ros2_ws/install/head_controller/local/lib/python3.10/dist-packages/head_controller/head_controller_s__rosidl_typesupport_fastrtps_c.cpython-310-x86_64-linux-gnu.so
[2.506s] -- Installing: /home/aceti/ros2_ws/install/head_controller/local/lib/python3.10/dist-packages/head_controller/libhead_controller__rosidl_generator_py.so
[2.506s] -- Installing: /home/aceti/ros2_ws/install/head_controller/local/lib/python3.10/dist-packages/head_controller/_head_controller_s.ep.rosidl_typesupport_fastrtps_c.c
[2.506s] -- Up-to-date: /home/aceti/ros2_ws/install/head_controller/local/lib/python3.10/dist-packages/head_controller/srv
[2.506s] -- Installing: /home/aceti/ros2_ws/install/head_controller/local/lib/python3.10/dist-packages/head_controller/srv/__init__.py
[2.506s] -- Installing: /home/aceti/ros2_ws/install/head_controller/local/lib/python3.10/dist-packages/head_controller/srv/_head.py
[2.506s] -- Installing: /home/aceti/ros2_ws/install/head_controller/local/lib/python3.10/dist-packages/head_controller/srv/_head_s.c
[2.533s] Listing '/home/aceti/ros2_ws/install/head_controller/local/lib/python3.10/dist-packages/head_controller'...
[2.533s] Compiling '/home/aceti/ros2_ws/install/head_controller/local/lib/python3.10/dist-packages/head_controller/__init__.py'...
[2.533s] Listing '/home/aceti/ros2_ws/install/head_controller/local/lib/python3.10/dist-packages/head_controller/srv'...
[2.533s] Compiling '/home/aceti/ros2_ws/install/head_controller/local/lib/python3.10/dist-packages/head_controller/srv/__init__.py'...
[2.533s] Compiling '/home/aceti/ros2_ws/install/head_controller/local/lib/python3.10/dist-packages/head_controller/srv/_head.py'...
[2.537s] -- Installing: /home/aceti/ros2_ws/install/head_controller/local/lib/python3.10/dist-packages/head_controller/head_controller_s__rosidl_typesupport_fastrtps_c.cpython-310-x86_64-linux-gnu.so
[2.537s] -- Set runtime path of "/home/aceti/ros2_ws/install/head_controller/local/lib/python3.10/dist-packages/head_controller/head_controller_s__rosidl_typesupport_fastrtps_c.cpython-310-x86_64-linux-gnu.so" to ""
[2.537s] -- Installing: /home/aceti/ros2_ws/install/head_controller/local/lib/python3.10/dist-packages/head_controller/head_controller_s__rosidl_typesupport_introspection_c.cpython-310-x86_64-linux-gnu.so
[2.537s] -- Set runtime path of "/home/aceti/ros2_ws/install/head_controller/local/lib/python3.10/dist-packages/head_controller/head_controller_s__rosidl_typesupport_introspection_c.cpython-310-x86_64-linux-gnu.so" to ""
[2.537s] -- Installing: /home/aceti/ros2_ws/install/head_controller/local/lib/python3.10/dist-packages/head_controller/head_controller_s__rosidl_typesupport_c.cpython-310-x86_64-linux-gnu.so
[2.537s] -- Set runtime path of "/home/aceti/ros2_ws/install/head_controller/local/lib/python3.10/dist-packages/head_controller/head_controller_s__rosidl_typesupport_c.cpython-310-x86_64-linux-gnu.so" to ""
[2.537s] -- Installing: /home/aceti/ros2_ws/install/head_controller/lib/libhead_controller__rosidl_generator_py.so
[2.538s] -- Set runtime path of "/home/aceti/ros2_ws/install/head_controller/lib/libhead_controller__rosidl_generator_py.so" to ""
[2.538s] -- Installing: /home/aceti/ros2_ws/install/head_controller/share/head_controller/srv/Head.idl
[2.538s] -- Installing: /home/aceti/ros2_ws/install/head_controller/share/head_controller/srv/Head.srv
[2.538s] -- Up-to-date: /home/aceti/ros2_ws/install/head_controller/share/head_controller/srv/Head_Request.msg
[2.538s] -- Installing: /home/aceti/ros2_ws/install/head_controller/share/head_controller/srv/Head_Response.msg
[2.538s] -- Up-to-date: /home/aceti/ros2_ws/install/head_controller/share/ament_index/resource_index/package_run_dependencies/head_controller
[2.538s] -- Installing: /home/aceti/ros2_ws/install/head_controller/share/ament_index/resource_index/parent_prefix_path/head_controller
[2.538s] -- Up-to-date: /home/aceti/ros2_ws/install/head_controller/share/head_controller/environment/ament_prefix_path.sh
[2.538s] -- Installing: /home/aceti/ros2_ws/install/head_controller/share/head_controller/environment/ament_prefix_path.dsv
[2.538s] -- Up-to-date: /home/aceti/ros2_ws/install/head_controller/share/head_controller/environment/path.sh
[2.538s] -- Installing: /home/aceti/ros2_ws/install/head_controller/share/head_controller/environment/path.dsv
[2.538s] -- Up-to-date: /home/aceti/ros2_ws/install/head_controller/share/head_controller/local_setup.bash
[2.538s] -- Up-to-date: /home/aceti/ros2_ws/install/head_controller/share/head_controller/local_setup.sh
[2.538s] -- Up-to-date: /home/aceti/ros2_ws/install/head_controller/share/head_controller/local_setup.zsh
[2.538s] -- Installing: /home/aceti/ros2_ws/install/head_controller/share/head_controller/local_setup.dsv
[2.539s] -- Installing: /home/aceti/ros2_ws/install/head_controller/share/head_controller/package.dsv
[2.539s] -- Up-to-date: /home/aceti/ros2_ws/install/head_controller/share/ament_index/resource_index/packages/head_controller
[2.539s] -- Up-to-date: /home/aceti/ros2_ws/install/head_controller/share/head_controller/cmake/export_head_controller__rosidl_generator_cExport.cmake
[2.539s] -- Up-to-date: /home/aceti/ros2_ws/install/head_controller/share/head_controller/cmake/export_head_controller__rosidl_generator_cExport-noconfig.cmake
[2.539s] -- Up-to-date: /home/aceti/ros2_ws/install/head_controller/share/head_controller/cmake/export_head_controller__rosidl_typesupport_fastrtps_cExport.cmake
[2.539s] -- Up-to-date: /home/aceti/ros2_ws/install/head_controller/share/head_controller/cmake/export_head_controller__rosidl_typesupport_fastrtps_cExport-noconfig.cmake
[2.539s] -- Up-to-date: /home/aceti/ros2_ws/install/head_controller/share/head_controller/cmake/head_controller__rosidl_typesupport_introspection_cExport.cmake
[2.539s] -- Up-to-date: /home/aceti/ros2_ws/install/head_controller/share/head_controller/cmake/head_controller__rosidl_typesupport_introspection_cExport-noconfig.cmake
[2.539s] -- Up-to-date: /home/aceti/ros2_ws/install/head_controller/share/head_controller/cmake/head_controller__rosidl_typesupport_cExport.cmake
[2.539s] -- Up-to-date: /home/aceti/ros2_ws/install/head_controller/share/head_controller/cmake/head_controller__rosidl_typesupport_cExport-noconfig.cmake
[2.539s] -- Up-to-date: /home/aceti/ros2_ws/install/head_controller/share/head_controller/cmake/export_head_controller__rosidl_generator_cppExport.cmake
[2.539s] -- Up-to-date: /home/aceti/ros2_ws/install/head_controller/share/head_controller/cmake/export_head_controller__rosidl_typesupport_fastrtps_cppExport.cmake
[2.539s] -- Up-to-date: /home/aceti/ros2_ws/install/head_controller/share/head_controller/cmake/export_head_controller__rosidl_typesupport_fastrtps_cppExport-noconfig.cmake
[2.539s] -- Up-to-date: /home/aceti/ros2_ws/install/head_controller/share/head_controller/cmake/head_controller__rosidl_typesupport_introspection_cppExport.cmake
[2.539s] -- Up-to-date: /home/aceti/ros2_ws/install/head_controller/share/head_controller/cmake/head_controller__rosidl_typesupport_introspection_cppExport-noconfig.cmake
[2.539s] -- Up-to-date: /home/aceti/ros2_ws/install/head_controller/share/head_controller/cmake/head_controller__rosidl_typesupport_cppExport.cmake
[2.539s] -- Up-to-date: /home/aceti/ros2_ws/install/head_controller/share/head_controller/cmake/head_controller__rosidl_typesupport_cppExport-noconfig.cmake
[2.540s] -- Up-to-date: /home/aceti/ros2_ws/install/head_controller/share/head_controller/cmake/export_head_controller__rosidl_generator_pyExport.cmake
[2.540s] -- Up-to-date: /home/aceti/ros2_ws/install/head_controller/share/head_controller/cmake/export_head_controller__rosidl_generator_pyExport-noconfig.cmake
[2.540s] -- Up-to-date: /home/aceti/ros2_ws/install/head_controller/share/head_controller/cmake/rosidl_cmake-extras.cmake
[2.540s] -- Up-to-date: /home/aceti/ros2_ws/install/head_controller/share/head_controller/cmake/ament_cmake_export_include_directories-extras.cmake
[2.540s] -- Up-to-date: /home/aceti/ros2_ws/install/head_controller/share/head_controller/cmake/ament_cmake_export_libraries-extras.cmake
[2.540s] -- Up-to-date: /home/aceti/ros2_ws/install/head_controller/share/head_controller/cmake/ament_cmake_export_targets-extras.cmake
[2.540s] -- Up-to-date: /home/aceti/ros2_ws/install/head_controller/share/head_controller/cmake/rosidl_cmake_export_typesupport_targets-extras.cmake
[2.540s] -- Up-to-date: /home/aceti/ros2_ws/install/head_controller/share/head_controller/cmake/ament_cmake_export_dependencies-extras.cmake
[2.540s] -- Up-to-date: /home/aceti/ros2_ws/install/head_controller/share/head_controller/cmake/rosidl_cmake_export_typesupport_libraries-extras.cmake
[2.540s] -- Up-to-date: /home/aceti/ros2_ws/install/head_controller/share/head_controller/cmake/head_controllerConfig.cmake
[2.540s] -- Up-to-date: /home/aceti/ros2_ws/install/head_controller/share/head_controller/cmake/head_controllerConfig-version.cmake
[2.540s] -- Up-to-date: /home/aceti/ros2_ws/install/head_controller/share/head_controller/package.xml
[2.542s] Invoked command in '/home/aceti/ros2_ws/build/head_controller' returned '0': CMAKE_PREFIX_PATH=${CMAKE_PREFIX_PATH}:/home/aceti/ros2_ws/install/add_integers:/opt/ros/humble /usr/bin/cmake --install /home/aceti/ros2_ws/build/head_controller
