-- The C compiler identification is GNU 11.3.0
-- The CXX compiler identification is GNU 11.3.0
-- Detecting C compiler ABI info
-- Detecting C compiler ABI info - done
-- Check for working C compiler: /usr/bin/cc - skipped
-- Detecting C compile features
-- Detecting C compile features - done
-- Detecting CXX compiler ABI info
-- Detecting CXX compiler ABI info - done
-- Check for working CXX compiler: /usr/bin/c++ - skipped
-- Detecting CXX compile features
-- Detecting CXX compile features - done
-- Found ament_cmake: 1.3.3 (/opt/ros/humble/share/ament_cmake/cmake)
-- Found Python3: /usr/bin/python3.10 (found version "3.10.6") found components: Interpreter 
-- Found rosidl_default_generators: 1.2.0 (/opt/ros/humble/share/rosidl_default_generators/cmake)
-- Using all available rosidl_typesupport_c: rosidl_typesupport_fastrtps_c;rosidl_typesupport_introspection_c
-- Found rosidl_adapter: 3.1.4 (/opt/ros/humble/share/rosidl_adapter/cmake)
-- Using all available rosidl_typesupport_cpp: rosidl_typesupport_fastrtps_cpp;rosidl_typesupport_introspection_cpp
-- Found ament_cmake_ros: 0.10.0 (/opt/ros/humble/share/ament_cmake_ros/cmake)
-- Using all available rosidl_typesupport_c: rosidl_typesupport_fastrtps_c;rosidl_typesupport_introspection_c
-- Using all available rosidl_typesupport_cpp: rosidl_typesupport_fastrtps_cpp;rosidl_typesupport_introspection_cpp
-- Found PythonInterp: /usr/bin/python3 (found suitable version "3.10.6", minimum required is "3.6") 
-- Found python_cmake_module: 0.10.0 (/opt/ros/humble/share/python_cmake_module/cmake)
-- Found PythonLibs: /usr/lib/x86_64-linux-gnu/libpython3.10.so (found suitable version "3.10.6", minimum required is "3.5") 
-- Using PYTHON_EXECUTABLE: /usr/bin/python3
-- Using PYTHON_INCLUDE_DIRS: /usr/include/python3.10
-- Using PYTHON_LIBRARIES: /usr/lib/x86_64-linux-gnu/libpython3.10.so
-- Found PythonExtra: .so  
-- Found ament_lint_auto: 0.12.5 (/opt/ros/humble/share/ament_lint_auto/cmake)
-- Added test 'lint_cmake' to check CMake code style
-- Added test 'xmllint' to check XML markup files
-- Configuring done
-- Generating done
-- Build files have been written to: /home/aceti/head/Head_asv/build/head_controller
[  3%] [34m[1mGenerating C code for ROS interfaces[0m
[  6%] [34m[1mGenerating C++ code for ROS interfaces[0m
[  6%] Built target ament_cmake_python_copy_head_controller
running egg_info
creating head_controller.egg-info
writing head_controller.egg-info/PKG-INFO
writing dependency_links to head_controller.egg-info/dependency_links.txt
writing top-level names to head_controller.egg-info/top_level.txt
writing manifest file 'head_controller.egg-info/SOURCES.txt'
reading manifest file 'head_controller.egg-info/SOURCES.txt'
writing manifest file 'head_controller.egg-info/SOURCES.txt'
[  6%] Built target head_controller__cpp
[  9%] [34m[1mGenerating C++ introspection for ROS interfaces[0m
[ 16%] [34m[1mGenerating C++ type support dispatch for ROS interfaces[0m
[ 16%] [34m[1mGenerating C++ type support for eProsima Fast-RTPS[0m
[ 19%] [32mBuilding C object CMakeFiles/head_controller__rosidl_generator_c.dir/rosidl_generator_c/head_controller/srv/detail/head__functions.c.o[0m
[ 19%] Built target ament_cmake_python_build_head_controller_egg
[ 22%] [32m[1mLinking C shared library libhead_controller__rosidl_generator_c.so[0m
[ 22%] Built target head_controller__rosidl_generator_c
[ 25%] [34m[1mGenerating C introspection for ROS interfaces[0m
[ 32%] [34m[1mGenerating C type support for eProsima Fast-RTPS[0m
[ 32%] [34m[1mGenerating C type support dispatch for ROS interfaces[0m
[ 35%] [32mBuilding CXX object CMakeFiles/head_controller__rosidl_typesupport_introspection_cpp.dir/rosidl_typesupport_introspection_cpp/head_controller/srv/detail/head__type_support.cpp.o[0m
[ 38%] [32mBuilding CXX object CMakeFiles/head_controller__rosidl_typesupport_cpp.dir/rosidl_typesupport_cpp/head_controller/srv/head__type_support.cpp.o[0m
[ 41%] [32mBuilding CXX object CMakeFiles/head_controller__rosidl_typesupport_fastrtps_cpp.dir/rosidl_typesupport_fastrtps_cpp/head_controller/srv/detail/dds_fastrtps/head__type_support.cpp.o[0m
[ 45%] [32mBuilding C object CMakeFiles/head_controller__rosidl_typesupport_introspection_c.dir/rosidl_typesupport_introspection_c/head_controller/srv/detail/head__type_support.c.o[0m
[ 48%] [32m[1mLinking C shared library libhead_controller__rosidl_typesupport_introspection_c.so[0m
[ 48%] Built target head_controller__rosidl_typesupport_introspection_c
[ 51%] [32mBuilding CXX object CMakeFiles/head_controller__rosidl_typesupport_c.dir/rosidl_typesupport_c/head_controller/srv/head__type_support.cpp.o[0m
[ 54%] [32m[1mLinking CXX shared library libhead_controller__rosidl_typesupport_c.so[0m
[ 58%] [32mBuilding CXX object CMakeFiles/head_controller__rosidl_typesupport_fastrtps_c.dir/rosidl_typesupport_fastrtps_c/head_controller/srv/detail/head__type_support_c.cpp.o[0m
[ 58%] Built target head_controller__rosidl_typesupport_c
[ 61%] [32m[1mLinking CXX shared library libhead_controller__rosidl_typesupport_introspection_cpp.so[0m
[ 64%] [32m[1mLinking CXX shared library libhead_controller__rosidl_typesupport_cpp.so[0m
[ 64%] Built target head_controller__rosidl_typesupport_introspection_cpp
[ 64%] Built target head_controller__rosidl_typesupport_cpp
[ 67%] [32m[1mLinking CXX shared library libhead_controller__rosidl_typesupport_fastrtps_c.so[0m
[ 70%] [32m[1mLinking CXX shared library libhead_controller__rosidl_typesupport_fastrtps_cpp.so[0m
[ 70%] Built target head_controller__rosidl_typesupport_fastrtps_c
[ 70%] Built target head_controller__rosidl_typesupport_fastrtps_cpp
[ 70%] Built target head_controller
[ 74%] [34m[1mGenerating Python code for ROS interfaces[0m
[ 74%] Built target head_controller__py
[ 77%] [32mBuilding C object CMakeFiles/head_controller__rosidl_generator_py.dir/rosidl_generator_py/head_controller/srv/_head_s.c.o[0m
[ 80%] [32m[1mLinking C shared library rosidl_generator_py/head_controller/libhead_controller__rosidl_generator_py.so[0m
[ 80%] Built target head_controller__rosidl_generator_py
[ 90%] [32mBuilding C object CMakeFiles/head_controller__rosidl_typesupport_c__pyext.dir/rosidl_generator_py/head_controller/_head_controller_s.ep.rosidl_typesupport_c.c.o[0m
[ 90%] [32mBuilding C object CMakeFiles/head_controller__rosidl_typesupport_fastrtps_c__pyext.dir/rosidl_generator_py/head_controller/_head_controller_s.ep.rosidl_typesupport_fastrtps_c.c.o[0m
[ 90%] [32mBuilding C object CMakeFiles/head_controller__rosidl_typesupport_introspection_c__pyext.dir/rosidl_generator_py/head_controller/_head_controller_s.ep.rosidl_typesupport_introspection_c.c.o[0m
[ 96%] [32m[1mLinking C shared library rosidl_generator_py/head_controller/head_controller_s__rosidl_typesupport_fastrtps_c.cpython-310-x86_64-linux-gnu.so[0m
[ 96%] [32m[1mLinking C shared library rosidl_generator_py/head_controller/head_controller_s__rosidl_typesupport_introspection_c.cpython-310-x86_64-linux-gnu.so[0m
[100%] [32m[1mLinking C shared library rosidl_generator_py/head_controller/head_controller_s__rosidl_typesupport_c.cpython-310-x86_64-linux-gnu.so[0m
[100%] Built target head_controller__rosidl_typesupport_introspection_c__pyext
[100%] Built target head_controller__rosidl_typesupport_c__pyext
[100%] Built target head_controller__rosidl_typesupport_fastrtps_c__pyext
-- Install configuration: ""
-- Installing: /home/aceti/head/Head_asv/install/head_controller/share/ament_index/resource_index/rosidl_interfaces/head_controller
-- Installing: /home/aceti/head/Head_asv/install/head_controller/include/head_controller/head_controller
-- Installing: /home/aceti/head/Head_asv/install/head_controller/include/head_controller/head_controller/msg
-- Installing: /home/aceti/head/Head_asv/install/head_controller/include/head_controller/head_controller/msg/rosidl_generator_c__visibility_control.h
-- Installing: /home/aceti/head/Head_asv/install/head_controller/include/head_controller/head_controller/srv
-- Installing: /home/aceti/head/Head_asv/install/head_controller/include/head_controller/head_controller/srv/head.h
-- Installing: /home/aceti/head/Head_asv/install/head_controller/include/head_controller/head_controller/srv/detail
-- Installing: /home/aceti/head/Head_asv/install/head_controller/include/head_controller/head_controller/srv/detail/head__functions.h
-- Installing: /home/aceti/head/Head_asv/install/head_controller/include/head_controller/head_controller/srv/detail/head__struct.h
-- Installing: /home/aceti/head/Head_asv/install/head_controller/include/head_controller/head_controller/srv/detail/head__functions.c
-- Installing: /home/aceti/head/Head_asv/install/head_controller/include/head_controller/head_controller/srv/detail/head__type_support.h
-- Installing: /home/aceti/head/Head_asv/install/head_controller/share/head_controller/environment/library_path.sh
-- Installing: /home/aceti/head/Head_asv/install/head_controller/share/head_controller/environment/library_path.dsv
-- Installing: /home/aceti/head/Head_asv/install/head_controller/lib/libhead_controller__rosidl_generator_c.so
-- Set runtime path of "/home/aceti/head/Head_asv/install/head_controller/lib/libhead_controller__rosidl_generator_c.so" to ""
-- Up-to-date: /home/aceti/head/Head_asv/install/head_controller/include/head_controller/head_controller
-- Up-to-date: /home/aceti/head/Head_asv/install/head_controller/include/head_controller/head_controller/msg
-- Installing: /home/aceti/head/Head_asv/install/head_controller/include/head_controller/head_controller/msg/rosidl_typesupport_fastrtps_c__visibility_control.h
-- Up-to-date: /home/aceti/head/Head_asv/install/head_controller/include/head_controller/head_controller/srv
-- Up-to-date: /home/aceti/head/Head_asv/install/head_controller/include/head_controller/head_controller/srv/detail
-- Installing: /home/aceti/head/Head_asv/install/head_controller/include/head_controller/head_controller/srv/detail/head__rosidl_typesupport_fastrtps_c.h
-- Installing: /home/aceti/head/Head_asv/install/head_controller/lib/libhead_controller__rosidl_typesupport_fastrtps_c.so
-- Set runtime path of "/home/aceti/head/Head_asv/install/head_controller/lib/libhead_controller__rosidl_typesupport_fastrtps_c.so" to ""
-- Up-to-date: /home/aceti/head/Head_asv/install/head_controller/include/head_controller/head_controller
-- Up-to-date: /home/aceti/head/Head_asv/install/head_controller/include/head_controller/head_controller/msg
-- Installing: /home/aceti/head/Head_asv/install/head_controller/include/head_controller/head_controller/msg/rosidl_typesupport_introspection_c__visibility_control.h
-- Up-to-date: /home/aceti/head/Head_asv/install/head_controller/include/head_controller/head_controller/srv
-- Up-to-date: /home/aceti/head/Head_asv/install/head_controller/include/head_controller/head_controller/srv/detail
-- Installing: /home/aceti/head/Head_asv/install/head_controller/include/head_controller/head_controller/srv/detail/head__rosidl_typesupport_introspection_c.h
-- Installing: /home/aceti/head/Head_asv/install/head_controller/include/head_controller/head_controller/srv/detail/head__type_support.c
-- Installing: /home/aceti/head/Head_asv/install/head_controller/lib/libhead_controller__rosidl_typesupport_introspection_c.so
-- Set runtime path of "/home/aceti/head/Head_asv/install/head_controller/lib/libhead_controller__rosidl_typesupport_introspection_c.so" to ""
-- Installing: /home/aceti/head/Head_asv/install/head_controller/lib/libhead_controller__rosidl_typesupport_c.so
-- Set runtime path of "/home/aceti/head/Head_asv/install/head_controller/lib/libhead_controller__rosidl_typesupport_c.so" to ""
-- Up-to-date: /home/aceti/head/Head_asv/install/head_controller/include/head_controller/head_controller
-- Up-to-date: /home/aceti/head/Head_asv/install/head_controller/include/head_controller/head_controller/srv
-- Installing: /home/aceti/head/Head_asv/install/head_controller/include/head_controller/head_controller/srv/head.hpp
-- Up-to-date: /home/aceti/head/Head_asv/install/head_controller/include/head_controller/head_controller/srv/detail
-- Installing: /home/aceti/head/Head_asv/install/head_controller/include/head_controller/head_controller/srv/detail/head__builder.hpp
-- Installing: /home/aceti/head/Head_asv/install/head_controller/include/head_controller/head_controller/srv/detail/head__traits.hpp
-- Installing: /home/aceti/head/Head_asv/install/head_controller/include/head_controller/head_controller/srv/detail/head__struct.hpp
-- Up-to-date: /home/aceti/head/Head_asv/install/head_controller/include/head_controller/head_controller
-- Up-to-date: /home/aceti/head/Head_asv/install/head_controller/include/head_controller/head_controller/msg
-- Installing: /home/aceti/head/Head_asv/install/head_controller/include/head_controller/head_controller/msg/rosidl_typesupport_fastrtps_cpp__visibility_control.h
-- Up-to-date: /home/aceti/head/Head_asv/install/head_controller/include/head_controller/head_controller/srv
-- Up-to-date: /home/aceti/head/Head_asv/install/head_controller/include/head_controller/head_controller/srv/detail
-- Installing: /home/aceti/head/Head_asv/install/head_controller/include/head_controller/head_controller/srv/detail/head__rosidl_typesupport_fastrtps_cpp.hpp
-- Installing: /home/aceti/head/Head_asv/install/head_controller/include/head_controller/head_controller/srv/detail/dds_fastrtps
-- Installing: /home/aceti/head/Head_asv/install/head_controller/lib/libhead_controller__rosidl_typesupport_fastrtps_cpp.so
-- Set runtime path of "/home/aceti/head/Head_asv/install/head_controller/lib/libhead_controller__rosidl_typesupport_fastrtps_cpp.so" to ""
-- Up-to-date: /home/aceti/head/Head_asv/install/head_controller/include/head_controller/head_controller
-- Up-to-date: /home/aceti/head/Head_asv/install/head_controller/include/head_controller/head_controller/srv
-- Up-to-date: /home/aceti/head/Head_asv/install/head_controller/include/head_controller/head_controller/srv/detail
-- Installing: /home/aceti/head/Head_asv/install/head_controller/include/head_controller/head_controller/srv/detail/head__type_support.cpp
-- Installing: /home/aceti/head/Head_asv/install/head_controller/include/head_controller/head_controller/srv/detail/head__rosidl_typesupport_introspection_cpp.hpp
-- Installing: /home/aceti/head/Head_asv/install/head_controller/lib/libhead_controller__rosidl_typesupport_introspection_cpp.so
-- Set runtime path of "/home/aceti/head/Head_asv/install/head_controller/lib/libhead_controller__rosidl_typesupport_introspection_cpp.so" to ""
-- Installing: /home/aceti/head/Head_asv/install/head_controller/lib/libhead_controller__rosidl_typesupport_cpp.so
-- Set runtime path of "/home/aceti/head/Head_asv/install/head_controller/lib/libhead_controller__rosidl_typesupport_cpp.so" to ""
-- Installing: /home/aceti/head/Head_asv/install/head_controller/share/head_controller/environment/pythonpath.sh
-- Installing: /home/aceti/head/Head_asv/install/head_controller/share/head_controller/environment/pythonpath.dsv
-- Installing: /home/aceti/head/Head_asv/install/head_controller/local/lib/python3.10/dist-packages/head_controller-0.0.0-py3.10.egg-info
-- Installing: /home/aceti/head/Head_asv/install/head_controller/local/lib/python3.10/dist-packages/head_controller-0.0.0-py3.10.egg-info/SOURCES.txt
-- Installing: /home/aceti/head/Head_asv/install/head_controller/local/lib/python3.10/dist-packages/head_controller-0.0.0-py3.10.egg-info/dependency_links.txt
-- Installing: /home/aceti/head/Head_asv/install/head_controller/local/lib/python3.10/dist-packages/head_controller-0.0.0-py3.10.egg-info/top_level.txt
-- Installing: /home/aceti/head/Head_asv/install/head_controller/local/lib/python3.10/dist-packages/head_controller-0.0.0-py3.10.egg-info/PKG-INFO
-- Installing: /home/aceti/head/Head_asv/install/head_controller/local/lib/python3.10/dist-packages/head_controller
-- Installing: /home/aceti/head/Head_asv/install/head_controller/local/lib/python3.10/dist-packages/head_controller/head_controller_s__rosidl_typesupport_c.cpython-310-x86_64-linux-gnu.so
-- Installing: /home/aceti/head/Head_asv/install/head_controller/local/lib/python3.10/dist-packages/head_controller/head_controller_s__rosidl_typesupport_introspection_c.cpython-310-x86_64-linux-gnu.so
-- Installing: /home/aceti/head/Head_asv/install/head_controller/local/lib/python3.10/dist-packages/head_controller/_head_controller_s.ep.rosidl_typesupport_introspection_c.c
-- Installing: /home/aceti/head/Head_asv/install/head_controller/local/lib/python3.10/dist-packages/head_controller/_head_controller_s.ep.rosidl_typesupport_c.c
-- Installing: /home/aceti/head/Head_asv/install/head_controller/local/lib/python3.10/dist-packages/head_controller/__init__.py
-- Installing: /home/aceti/head/Head_asv/install/head_controller/local/lib/python3.10/dist-packages/head_controller/head_controller_s__rosidl_typesupport_fastrtps_c.cpython-310-x86_64-linux-gnu.so
-- Installing: /home/aceti/head/Head_asv/install/head_controller/local/lib/python3.10/dist-packages/head_controller/libhead_controller__rosidl_generator_py.so
-- Installing: /home/aceti/head/Head_asv/install/head_controller/local/lib/python3.10/dist-packages/head_controller/_head_controller_s.ep.rosidl_typesupport_fastrtps_c.c
-- Installing: /home/aceti/head/Head_asv/install/head_controller/local/lib/python3.10/dist-packages/head_controller/srv
-- Installing: /home/aceti/head/Head_asv/install/head_controller/local/lib/python3.10/dist-packages/head_controller/srv/__init__.py
-- Installing: /home/aceti/head/Head_asv/install/head_controller/local/lib/python3.10/dist-packages/head_controller/srv/_head.py
-- Installing: /home/aceti/head/Head_asv/install/head_controller/local/lib/python3.10/dist-packages/head_controller/srv/_head_s.c
Listing '/home/aceti/head/Head_asv/install/head_controller/local/lib/python3.10/dist-packages/head_controller'...
Compiling '/home/aceti/head/Head_asv/install/head_controller/local/lib/python3.10/dist-packages/head_controller/__init__.py'...
Listing '/home/aceti/head/Head_asv/install/head_controller/local/lib/python3.10/dist-packages/head_controller/srv'...
Compiling '/home/aceti/head/Head_asv/install/head_controller/local/lib/python3.10/dist-packages/head_controller/srv/__init__.py'...
Compiling '/home/aceti/head/Head_asv/install/head_controller/local/lib/python3.10/dist-packages/head_controller/srv/_head.py'...
-- Installing: /home/aceti/head/Head_asv/install/head_controller/local/lib/python3.10/dist-packages/head_controller/head_controller_s__rosidl_typesupport_fastrtps_c.cpython-310-x86_64-linux-gnu.so
-- Set runtime path of "/home/aceti/head/Head_asv/install/head_controller/local/lib/python3.10/dist-packages/head_controller/head_controller_s__rosidl_typesupport_fastrtps_c.cpython-310-x86_64-linux-gnu.so" to ""
-- Installing: /home/aceti/head/Head_asv/install/head_controller/local/lib/python3.10/dist-packages/head_controller/head_controller_s__rosidl_typesupport_introspection_c.cpython-310-x86_64-linux-gnu.so
-- Set runtime path of "/home/aceti/head/Head_asv/install/head_controller/local/lib/python3.10/dist-packages/head_controller/head_controller_s__rosidl_typesupport_introspection_c.cpython-310-x86_64-linux-gnu.so" to ""
-- Installing: /home/aceti/head/Head_asv/install/head_controller/local/lib/python3.10/dist-packages/head_controller/head_controller_s__rosidl_typesupport_c.cpython-310-x86_64-linux-gnu.so
-- Set runtime path of "/home/aceti/head/Head_asv/install/head_controller/local/lib/python3.10/dist-packages/head_controller/head_controller_s__rosidl_typesupport_c.cpython-310-x86_64-linux-gnu.so" to ""
-- Installing: /home/aceti/head/Head_asv/install/head_controller/lib/libhead_controller__rosidl_generator_py.so
-- Set runtime path of "/home/aceti/head/Head_asv/install/head_controller/lib/libhead_controller__rosidl_generator_py.so" to ""
-- Installing: /home/aceti/head/Head_asv/install/head_controller/share/head_controller/srv/Head.idl
-- Installing: /home/aceti/head/Head_asv/install/head_controller/share/head_controller/srv/Head.srv
-- Installing: /home/aceti/head/Head_asv/install/head_controller/share/head_controller/srv/Head_Request.msg
-- Installing: /home/aceti/head/Head_asv/install/head_controller/share/head_controller/srv/Head_Response.msg
-- Installing: /home/aceti/head/Head_asv/install/head_controller/share/ament_index/resource_index/package_run_dependencies/head_controller
-- Installing: /home/aceti/head/Head_asv/install/head_controller/share/ament_index/resource_index/parent_prefix_path/head_controller
-- Installing: /home/aceti/head/Head_asv/install/head_controller/share/head_controller/environment/ament_prefix_path.sh
-- Installing: /home/aceti/head/Head_asv/install/head_controller/share/head_controller/environment/ament_prefix_path.dsv
-- Installing: /home/aceti/head/Head_asv/install/head_controller/share/head_controller/environment/path.sh
-- Installing: /home/aceti/head/Head_asv/install/head_controller/share/head_controller/environment/path.dsv
-- Installing: /home/aceti/head/Head_asv/install/head_controller/share/head_controller/local_setup.bash
-- Installing: /home/aceti/head/Head_asv/install/head_controller/share/head_controller/local_setup.sh
-- Installing: /home/aceti/head/Head_asv/install/head_controller/share/head_controller/local_setup.zsh
-- Installing: /home/aceti/head/Head_asv/install/head_controller/share/head_controller/local_setup.dsv
-- Installing: /home/aceti/head/Head_asv/install/head_controller/share/head_controller/package.dsv
-- Installing: /home/aceti/head/Head_asv/install/head_controller/share/ament_index/resource_index/packages/head_controller
-- Installing: /home/aceti/head/Head_asv/install/head_controller/share/head_controller/cmake/export_head_controller__rosidl_generator_cExport.cmake
-- Installing: /home/aceti/head/Head_asv/install/head_controller/share/head_controller/cmake/export_head_controller__rosidl_generator_cExport-noconfig.cmake
-- Installing: /home/aceti/head/Head_asv/install/head_controller/share/head_controller/cmake/export_head_controller__rosidl_typesupport_fastrtps_cExport.cmake
-- Installing: /home/aceti/head/Head_asv/install/head_controller/share/head_controller/cmake/export_head_controller__rosidl_typesupport_fastrtps_cExport-noconfig.cmake
-- Installing: /home/aceti/head/Head_asv/install/head_controller/share/head_controller/cmake/head_controller__rosidl_typesupport_introspection_cExport.cmake
-- Installing: /home/aceti/head/Head_asv/install/head_controller/share/head_controller/cmake/head_controller__rosidl_typesupport_introspection_cExport-noconfig.cmake
-- Installing: /home/aceti/head/Head_asv/install/head_controller/share/head_controller/cmake/head_controller__rosidl_typesupport_cExport.cmake
-- Installing: /home/aceti/head/Head_asv/install/head_controller/share/head_controller/cmake/head_controller__rosidl_typesupport_cExport-noconfig.cmake
-- Installing: /home/aceti/head/Head_asv/install/head_controller/share/head_controller/cmake/export_head_controller__rosidl_generator_cppExport.cmake
-- Installing: /home/aceti/head/Head_asv/install/head_controller/share/head_controller/cmake/export_head_controller__rosidl_typesupport_fastrtps_cppExport.cmake
-- Installing: /home/aceti/head/Head_asv/install/head_controller/share/head_controller/cmake/export_head_controller__rosidl_typesupport_fastrtps_cppExport-noconfig.cmake
-- Installing: /home/aceti/head/Head_asv/install/head_controller/share/head_controller/cmake/head_controller__rosidl_typesupport_introspection_cppExport.cmake
-- Installing: /home/aceti/head/Head_asv/install/head_controller/share/head_controller/cmake/head_controller__rosidl_typesupport_introspection_cppExport-noconfig.cmake
-- Installing: /home/aceti/head/Head_asv/install/head_controller/share/head_controller/cmake/head_controller__rosidl_typesupport_cppExport.cmake
-- Installing: /home/aceti/head/Head_asv/install/head_controller/share/head_controller/cmake/head_controller__rosidl_typesupport_cppExport-noconfig.cmake
-- Installing: /home/aceti/head/Head_asv/install/head_controller/share/head_controller/cmake/export_head_controller__rosidl_generator_pyExport.cmake
-- Installing: /home/aceti/head/Head_asv/install/head_controller/share/head_controller/cmake/export_head_controller__rosidl_generator_pyExport-noconfig.cmake
-- Installing: /home/aceti/head/Head_asv/install/head_controller/share/head_controller/cmake/rosidl_cmake-extras.cmake
-- Installing: /home/aceti/head/Head_asv/install/head_controller/share/head_controller/cmake/ament_cmake_export_include_directories-extras.cmake
-- Installing: /home/aceti/head/Head_asv/install/head_controller/share/head_controller/cmake/ament_cmake_export_libraries-extras.cmake
-- Installing: /home/aceti/head/Head_asv/install/head_controller/share/head_controller/cmake/ament_cmake_export_targets-extras.cmake
-- Installing: /home/aceti/head/Head_asv/install/head_controller/share/head_controller/cmake/rosidl_cmake_export_typesupport_targets-extras.cmake
-- Installing: /home/aceti/head/Head_asv/install/head_controller/share/head_controller/cmake/ament_cmake_export_dependencies-extras.cmake
-- Installing: /home/aceti/head/Head_asv/install/head_controller/share/head_controller/cmake/rosidl_cmake_export_typesupport_libraries-extras.cmake
-- Installing: /home/aceti/head/Head_asv/install/head_controller/share/head_controller/cmake/head_controllerConfig.cmake
-- Installing: /home/aceti/head/Head_asv/install/head_controller/share/head_controller/cmake/head_controllerConfig-version.cmake
-- Installing: /home/aceti/head/Head_asv/install/head_controller/share/head_controller/package.xml
