[0.013s] Invoking command in '/home/aceti/head/Head_asv/build/head_controller': CMAKE_PREFIX_PATH=${CMAKE_PREFIX_PATH}:/home/aceti/head/Head_asv/install/add_integers:/home/aceti/sonar/install/sonar_controller:/opt/ros/humble /usr/bin/cmake /home/aceti/head/Head_asv/src/head_controller -DCMAKE_INSTALL_PREFIX=/home/aceti/head/Head_asv/install/head_controller
[0.078s] -- The C compiler identification is GNU 11.3.0
[0.125s] -- The CXX compiler identification is GNU 11.3.0
[0.130s] -- Detecting C compiler ABI info
[0.181s] -- Detecting C compiler ABI info - done
[0.187s] -- Check for working C compiler: /usr/bin/cc - skipped
[0.187s] -- Detecting C compile features
[0.187s] -- Detecting C compile features - done
[0.190s] -- Detecting CXX compiler ABI info
[0.250s] -- Detecting CXX compiler ABI info - done
[0.256s] -- Check for working CXX compiler: /usr/bin/c++ - skipped
[0.256s] -- Detecting CXX compile features
[0.256s] -- Detecting CXX compile features - done
[0.258s] -- Found ament_cmake: 1.3.3 (/opt/ros/humble/share/ament_cmake/cmake)
[0.396s] -- Found Python3: /usr/bin/python3.10 (found version "3.10.6") found components: Interpreter 
[0.463s] -- Found rosidl_default_generators: 1.2.0 (/opt/ros/humble/share/rosidl_default_generators/cmake)
[0.466s] -- Using all available rosidl_typesupport_c: rosidl_typesupport_fastrtps_c;rosidl_typesupport_introspection_c
[0.470s] -- Found rosidl_adapter: 3.1.4 (/opt/ros/humble/share/rosidl_adapter/cmake)
[0.498s] -- Using all available rosidl_typesupport_cpp: rosidl_typesupport_fastrtps_cpp;rosidl_typesupport_introspection_cpp
[0.715s] -- Found ament_cmake_ros: 0.10.0 (/opt/ros/humble/share/ament_cmake_ros/cmake)
[0.860s] -- Using all available rosidl_typesupport_c: rosidl_typesupport_fastrtps_c;rosidl_typesupport_introspection_c
[1.040s] -- Using all available rosidl_typesupport_cpp: rosidl_typesupport_fastrtps_cpp;rosidl_typesupport_introspection_cpp
[1.059s] -- Found PythonInterp: /usr/bin/python3 (found suitable version "3.10.6", minimum required is "3.6") 
[1.060s] -- Found python_cmake_module: 0.10.0 (/opt/ros/humble/share/python_cmake_module/cmake)
[1.079s] -- Found PythonLibs: /usr/lib/x86_64-linux-gnu/libpython3.10.so (found suitable version "3.10.6", minimum required is "3.5") 
[1.079s] -- Using PYTHON_EXECUTABLE: /usr/bin/python3
[1.079s] -- Using PYTHON_INCLUDE_DIRS: /usr/include/python3.10
[1.079s] -- Using PYTHON_LIBRARIES: /usr/lib/x86_64-linux-gnu/libpython3.10.so
[1.095s] -- Found PythonExtra: .so  
[1.120s] -- Found ament_lint_auto: 0.12.5 (/opt/ros/humble/share/ament_lint_auto/cmake)
[1.133s] -- Added test 'lint_cmake' to check CMake code style
[1.134s] -- Added test 'xmllint' to check XML markup files
[1.136s] -- Configuring done
[1.155s] -- Generating done
[1.157s] -- Build files have been written to: /home/aceti/head/Head_asv/build/head_controller
[1.161s] Invoked command in '/home/aceti/head/Head_asv/build/head_controller' returned '0': CMAKE_PREFIX_PATH=${CMAKE_PREFIX_PATH}:/home/aceti/head/Head_asv/install/add_integers:/home/aceti/sonar/install/sonar_controller:/opt/ros/humble /usr/bin/cmake /home/aceti/head/Head_asv/src/head_controller -DCMAKE_INSTALL_PREFIX=/home/aceti/head/Head_asv/install/head_controller
[1.163s] Invoking command in '/home/aceti/head/Head_asv/build/head_controller': CMAKE_PREFIX_PATH=${CMAKE_PREFIX_PATH}:/home/aceti/head/Head_asv/install/add_integers:/home/aceti/sonar/install/sonar_controller:/opt/ros/humble /usr/bin/cmake --build /home/aceti/head/Head_asv/build/head_controller -- -j8 -l8
[1.188s] [  3%] [34m[1mGenerating C code for ROS interfaces[0m
[1.195s] [  6%] [34m[1mGenerating C++ code for ROS interfaces[0m
[1.200s] [  6%] Built target ament_cmake_python_copy_head_controller
[1.863s] running egg_info
[1.863s] creating head_controller.egg-info
[1.863s] writing head_controller.egg-info/PKG-INFO
[1.864s] writing dependency_links to head_controller.egg-info/dependency_links.txt
[1.864s] writing top-level names to head_controller.egg-info/top_level.txt
[1.864s] writing manifest file 'head_controller.egg-info/SOURCES.txt'
[1.867s] reading manifest file 'head_controller.egg-info/SOURCES.txt'
[1.878s] writing manifest file 'head_controller.egg-info/SOURCES.txt'
[1.879s] [  6%] Built target head_controller__cpp
[1.924s] [  9%] [34m[1mGenerating C++ introspection for ROS interfaces[0m
[1.925s] [ 16%] [34m[1mGenerating C++ type support dispatch for ROS interfaces[0m
[1.925s] [ 16%] [34m[1mGenerating C++ type support for eProsima Fast-RTPS[0m
[1.962s] [ 19%] [32mBuilding C object CMakeFiles/head_controller__rosidl_generator_c.dir/rosidl_generator_c/head_controller/srv/detail/head__functions.c.o[0m
[1.970s] [ 19%] Built target ament_cmake_python_build_head_controller_egg
[2.069s] [ 22%] [32m[1mLinking C shared library libhead_controller__rosidl_generator_c.so[0m
[2.151s] [ 22%] Built target head_controller__rosidl_generator_c
[2.206s] [ 25%] [34m[1mGenerating C introspection for ROS interfaces[0m
[2.219s] [ 32%] [34m[1mGenerating C type support for eProsima Fast-RTPS[0m
[2.221s] [ 32%] [34m[1mGenerating C type support dispatch for ROS interfaces[0m
[3.158s] [ 35%] [32mBuilding CXX object CMakeFiles/head_controller__rosidl_typesupport_introspection_cpp.dir/rosidl_typesupport_introspection_cpp/head_controller/srv/detail/head__type_support.cpp.o[0m
[3.382s] [ 38%] [32mBuilding CXX object CMakeFiles/head_controller__rosidl_typesupport_cpp.dir/rosidl_typesupport_cpp/head_controller/srv/head__type_support.cpp.o[0m
[3.411s] [ 41%] [32mBuilding CXX object CMakeFiles/head_controller__rosidl_typesupport_fastrtps_cpp.dir/rosidl_typesupport_fastrtps_cpp/head_controller/srv/detail/dds_fastrtps/head__type_support.cpp.o[0m
[3.510s] [ 45%] [32mBuilding C object CMakeFiles/head_controller__rosidl_typesupport_introspection_c.dir/rosidl_typesupport_introspection_c/head_controller/srv/detail/head__type_support.c.o[0m
[3.633s] [ 48%] [32m[1mLinking C shared library libhead_controller__rosidl_typesupport_introspection_c.so[0m
[3.732s] [ 48%] Built target head_controller__rosidl_typesupport_introspection_c
[3.781s] [ 51%] [32mBuilding CXX object CMakeFiles/head_controller__rosidl_typesupport_c.dir/rosidl_typesupport_c/head_controller/srv/head__type_support.cpp.o[0m
[3.838s] [ 54%] [32m[1mLinking CXX shared library libhead_controller__rosidl_typesupport_c.so[0m
[3.877s] [ 58%] [32mBuilding CXX object CMakeFiles/head_controller__rosidl_typesupport_fastrtps_c.dir/rosidl_typesupport_fastrtps_c/head_controller/srv/detail/head__type_support_c.cpp.o[0m
[3.925s] [ 58%] Built target head_controller__rosidl_typesupport_c
[4.124s] [ 61%] [32m[1mLinking CXX shared library libhead_controller__rosidl_typesupport_introspection_cpp.so[0m
[4.209s] [ 64%] [32m[1mLinking CXX shared library libhead_controller__rosidl_typesupport_cpp.so[0m
[4.253s] [ 64%] Built target head_controller__rosidl_typesupport_introspection_cpp
[4.290s] [ 64%] Built target head_controller__rosidl_typesupport_cpp
[4.366s] [ 67%] [32m[1mLinking CXX shared library libhead_controller__rosidl_typesupport_fastrtps_c.so[0m
[4.392s] [ 70%] [32m[1mLinking CXX shared library libhead_controller__rosidl_typesupport_fastrtps_cpp.so[0m
[4.428s] [ 70%] Built target head_controller__rosidl_typesupport_fastrtps_c
[4.452s] [ 70%] Built target head_controller__rosidl_typesupport_fastrtps_cpp
[4.466s] [ 70%] Built target head_controller
[4.481s] [ 74%] [34m[1mGenerating Python code for ROS interfaces[0m
[4.790s] [ 74%] Built target head_controller__py
[4.803s] [ 77%] [32mBuilding C object CMakeFiles/head_controller__rosidl_generator_py.dir/rosidl_generator_py/head_controller/srv/_head_s.c.o[0m
[4.879s] [ 80%] [32m[1mLinking C shared library rosidl_generator_py/head_controller/libhead_controller__rosidl_generator_py.so[0m
[4.906s] [ 80%] Built target head_controller__rosidl_generator_py
[4.920s] [ 90%] [32mBuilding C object CMakeFiles/head_controller__rosidl_typesupport_c__pyext.dir/rosidl_generator_py/head_controller/_head_controller_s.ep.rosidl_typesupport_c.c.o[0m
[4.921s] [ 90%] [32mBuilding C object CMakeFiles/head_controller__rosidl_typesupport_fastrtps_c__pyext.dir/rosidl_generator_py/head_controller/_head_controller_s.ep.rosidl_typesupport_fastrtps_c.c.o[0m
[4.922s] [ 90%] [32mBuilding C object CMakeFiles/head_controller__rosidl_typesupport_introspection_c__pyext.dir/rosidl_generator_py/head_controller/_head_controller_s.ep.rosidl_typesupport_introspection_c.c.o[0m
[5.083s] [ 96%] [32m[1mLinking C shared library rosidl_generator_py/head_controller/head_controller_s__rosidl_typesupport_fastrtps_c.cpython-310-x86_64-linux-gnu.so[0m
[5.085s] [ 96%] [32m[1mLinking C shared library rosidl_generator_py/head_controller/head_controller_s__rosidl_typesupport_introspection_c.cpython-310-x86_64-linux-gnu.so[0m
[5.087s] [100%] [32m[1mLinking C shared library rosidl_generator_py/head_controller/head_controller_s__rosidl_typesupport_c.cpython-310-x86_64-linux-gnu.so[0m
[5.119s] [100%] Built target head_controller__rosidl_typesupport_introspection_c__pyext
[5.120s] [100%] Built target head_controller__rosidl_typesupport_c__pyext
[5.122s] [100%] Built target head_controller__rosidl_typesupport_fastrtps_c__pyext
[5.141s] Invoked command in '/home/aceti/head/Head_asv/build/head_controller' returned '0': CMAKE_PREFIX_PATH=${CMAKE_PREFIX_PATH}:/home/aceti/head/Head_asv/install/add_integers:/home/aceti/sonar/install/sonar_controller:/opt/ros/humble /usr/bin/cmake --build /home/aceti/head/Head_asv/build/head_controller -- -j8 -l8
[5.229s] Invoking command in '/home/aceti/head/Head_asv/build/head_controller': CMAKE_PREFIX_PATH=${CMAKE_PREFIX_PATH}:/home/aceti/head/Head_asv/install/add_integers:/home/aceti/sonar/install/sonar_controller:/opt/ros/humble /usr/bin/cmake --install /home/aceti/head/Head_asv/build/head_controller
[5.235s] -- Install configuration: ""
[5.235s] -- Installing: /home/aceti/head/Head_asv/install/head_controller/share/ament_index/resource_index/rosidl_interfaces/head_controller
[5.235s] -- Installing: /home/aceti/head/Head_asv/install/head_controller/include/head_controller/head_controller
[5.235s] -- Installing: /home/aceti/head/Head_asv/install/head_controller/include/head_controller/head_controller/msg
[5.235s] -- Installing: /home/aceti/head/Head_asv/install/head_controller/include/head_controller/head_controller/msg/rosidl_generator_c__visibility_control.h
[5.235s] -- Installing: /home/aceti/head/Head_asv/install/head_controller/include/head_controller/head_controller/srv
[5.235s] -- Installing: /home/aceti/head/Head_asv/install/head_controller/include/head_controller/head_controller/srv/head.h
[5.235s] -- Installing: /home/aceti/head/Head_asv/install/head_controller/include/head_controller/head_controller/srv/detail
[5.235s] -- Installing: /home/aceti/head/Head_asv/install/head_controller/include/head_controller/head_controller/srv/detail/head__functions.h
[5.235s] -- Installing: /home/aceti/head/Head_asv/install/head_controller/include/head_controller/head_controller/srv/detail/head__struct.h
[5.236s] -- Installing: /home/aceti/head/Head_asv/install/head_controller/include/head_controller/head_controller/srv/detail/head__functions.c
[5.236s] -- Installing: /home/aceti/head/Head_asv/install/head_controller/include/head_controller/head_controller/srv/detail/head__type_support.h
[5.236s] -- Installing: /home/aceti/head/Head_asv/install/head_controller/share/head_controller/environment/library_path.sh
[5.236s] -- Installing: /home/aceti/head/Head_asv/install/head_controller/share/head_controller/environment/library_path.dsv
[5.236s] -- Installing: /home/aceti/head/Head_asv/install/head_controller/lib/libhead_controller__rosidl_generator_c.so
[5.237s] -- Set runtime path of "/home/aceti/head/Head_asv/install/head_controller/lib/libhead_controller__rosidl_generator_c.so" to ""
[5.237s] -- Up-to-date: /home/aceti/head/Head_asv/install/head_controller/include/head_controller/head_controller
[5.237s] -- Up-to-date: /home/aceti/head/Head_asv/install/head_controller/include/head_controller/head_controller/msg
[5.237s] -- Installing: /home/aceti/head/Head_asv/install/head_controller/include/head_controller/head_controller/msg/rosidl_typesupport_fastrtps_c__visibility_control.h
[5.237s] -- Up-to-date: /home/aceti/head/Head_asv/install/head_controller/include/head_controller/head_controller/srv
[5.237s] -- Up-to-date: /home/aceti/head/Head_asv/install/head_controller/include/head_controller/head_controller/srv/detail
[5.237s] -- Installing: /home/aceti/head/Head_asv/install/head_controller/include/head_controller/head_controller/srv/detail/head__rosidl_typesupport_fastrtps_c.h
[5.237s] -- Installing: /home/aceti/head/Head_asv/install/head_controller/lib/libhead_controller__rosidl_typesupport_fastrtps_c.so
[5.237s] -- Set runtime path of "/home/aceti/head/Head_asv/install/head_controller/lib/libhead_controller__rosidl_typesupport_fastrtps_c.so" to ""
[5.237s] -- Up-to-date: /home/aceti/head/Head_asv/install/head_controller/include/head_controller/head_controller
[5.238s] -- Up-to-date: /home/aceti/head/Head_asv/install/head_controller/include/head_controller/head_controller/msg
[5.238s] -- Installing: /home/aceti/head/Head_asv/install/head_controller/include/head_controller/head_controller/msg/rosidl_typesupport_introspection_c__visibility_control.h
[5.238s] -- Up-to-date: /home/aceti/head/Head_asv/install/head_controller/include/head_controller/head_controller/srv
[5.238s] -- Up-to-date: /home/aceti/head/Head_asv/install/head_controller/include/head_controller/head_controller/srv/detail
[5.238s] -- Installing: /home/aceti/head/Head_asv/install/head_controller/include/head_controller/head_controller/srv/detail/head__rosidl_typesupport_introspection_c.h
[5.238s] -- Installing: /home/aceti/head/Head_asv/install/head_controller/include/head_controller/head_controller/srv/detail/head__type_support.c
[5.238s] -- Installing: /home/aceti/head/Head_asv/install/head_controller/lib/libhead_controller__rosidl_typesupport_introspection_c.so
[5.238s] -- Set runtime path of "/home/aceti/head/Head_asv/install/head_controller/lib/libhead_controller__rosidl_typesupport_introspection_c.so" to ""
[5.238s] -- Installing: /home/aceti/head/Head_asv/install/head_controller/lib/libhead_controller__rosidl_typesupport_c.so
[5.239s] -- Set runtime path of "/home/aceti/head/Head_asv/install/head_controller/lib/libhead_controller__rosidl_typesupport_c.so" to ""
[5.239s] -- Up-to-date: /home/aceti/head/Head_asv/install/head_controller/include/head_controller/head_controller
[5.239s] -- Up-to-date: /home/aceti/head/Head_asv/install/head_controller/include/head_controller/head_controller/srv
[5.239s] -- Installing: /home/aceti/head/Head_asv/install/head_controller/include/head_controller/head_controller/srv/head.hpp
[5.239s] -- Up-to-date: /home/aceti/head/Head_asv/install/head_controller/include/head_controller/head_controller/srv/detail
[5.239s] -- Installing: /home/aceti/head/Head_asv/install/head_controller/include/head_controller/head_controller/srv/detail/head__builder.hpp
[5.239s] -- Installing: /home/aceti/head/Head_asv/install/head_controller/include/head_controller/head_controller/srv/detail/head__traits.hpp
[5.239s] -- Installing: /home/aceti/head/Head_asv/install/head_controller/include/head_controller/head_controller/srv/detail/head__struct.hpp
[5.239s] -- Up-to-date: /home/aceti/head/Head_asv/install/head_controller/include/head_controller/head_controller
[5.239s] -- Up-to-date: /home/aceti/head/Head_asv/install/head_controller/include/head_controller/head_controller/msg
[5.239s] -- Installing: /home/aceti/head/Head_asv/install/head_controller/include/head_controller/head_controller/msg/rosidl_typesupport_fastrtps_cpp__visibility_control.h
[5.239s] -- Up-to-date: /home/aceti/head/Head_asv/install/head_controller/include/head_controller/head_controller/srv
[5.239s] -- Up-to-date: /home/aceti/head/Head_asv/install/head_controller/include/head_controller/head_controller/srv/detail
[5.240s] -- Installing: /home/aceti/head/Head_asv/install/head_controller/include/head_controller/head_controller/srv/detail/head__rosidl_typesupport_fastrtps_cpp.hpp
[5.240s] -- Installing: /home/aceti/head/Head_asv/install/head_controller/include/head_controller/head_controller/srv/detail/dds_fastrtps
[5.240s] -- Installing: /home/aceti/head/Head_asv/install/head_controller/lib/libhead_controller__rosidl_typesupport_fastrtps_cpp.so
[5.240s] -- Set runtime path of "/home/aceti/head/Head_asv/install/head_controller/lib/libhead_controller__rosidl_typesupport_fastrtps_cpp.so" to ""
[5.240s] -- Up-to-date: /home/aceti/head/Head_asv/install/head_controller/include/head_controller/head_controller
[5.240s] -- Up-to-date: /home/aceti/head/Head_asv/install/head_controller/include/head_controller/head_controller/srv
[5.240s] -- Up-to-date: /home/aceti/head/Head_asv/install/head_controller/include/head_controller/head_controller/srv/detail
[5.240s] -- Installing: /home/aceti/head/Head_asv/install/head_controller/include/head_controller/head_controller/srv/detail/head__type_support.cpp
[5.240s] -- Installing: /home/aceti/head/Head_asv/install/head_controller/include/head_controller/head_controller/srv/detail/head__rosidl_typesupport_introspection_cpp.hpp
[5.240s] -- Installing: /home/aceti/head/Head_asv/install/head_controller/lib/libhead_controller__rosidl_typesupport_introspection_cpp.so
[5.240s] -- Set runtime path of "/home/aceti/head/Head_asv/install/head_controller/lib/libhead_controller__rosidl_typesupport_introspection_cpp.so" to ""
[5.240s] -- Installing: /home/aceti/head/Head_asv/install/head_controller/lib/libhead_controller__rosidl_typesupport_cpp.so
[5.241s] -- Set runtime path of "/home/aceti/head/Head_asv/install/head_controller/lib/libhead_controller__rosidl_typesupport_cpp.so" to ""
[5.241s] -- Installing: /home/aceti/head/Head_asv/install/head_controller/share/head_controller/environment/pythonpath.sh
[5.241s] -- Installing: /home/aceti/head/Head_asv/install/head_controller/share/head_controller/environment/pythonpath.dsv
[5.241s] -- Installing: /home/aceti/head/Head_asv/install/head_controller/local/lib/python3.10/dist-packages/head_controller-0.0.0-py3.10.egg-info
[5.241s] -- Installing: /home/aceti/head/Head_asv/install/head_controller/local/lib/python3.10/dist-packages/head_controller-0.0.0-py3.10.egg-info/SOURCES.txt
[5.241s] -- Installing: /home/aceti/head/Head_asv/install/head_controller/local/lib/python3.10/dist-packages/head_controller-0.0.0-py3.10.egg-info/dependency_links.txt
[5.241s] -- Installing: /home/aceti/head/Head_asv/install/head_controller/local/lib/python3.10/dist-packages/head_controller-0.0.0-py3.10.egg-info/top_level.txt
[5.241s] -- Installing: /home/aceti/head/Head_asv/install/head_controller/local/lib/python3.10/dist-packages/head_controller-0.0.0-py3.10.egg-info/PKG-INFO
[5.241s] -- Installing: /home/aceti/head/Head_asv/install/head_controller/local/lib/python3.10/dist-packages/head_controller
[5.241s] -- Installing: /home/aceti/head/Head_asv/install/head_controller/local/lib/python3.10/dist-packages/head_controller/head_controller_s__rosidl_typesupport_c.cpython-310-x86_64-linux-gnu.so
[5.241s] -- Installing: /home/aceti/head/Head_asv/install/head_controller/local/lib/python3.10/dist-packages/head_controller/head_controller_s__rosidl_typesupport_introspection_c.cpython-310-x86_64-linux-gnu.so
[5.242s] -- Installing: /home/aceti/head/Head_asv/install/head_controller/local/lib/python3.10/dist-packages/head_controller/_head_controller_s.ep.rosidl_typesupport_introspection_c.c
[5.242s] -- Installing: /home/aceti/head/Head_asv/install/head_controller/local/lib/python3.10/dist-packages/head_controller/_head_controller_s.ep.rosidl_typesupport_c.c
[5.242s] -- Installing: /home/aceti/head/Head_asv/install/head_controller/local/lib/python3.10/dist-packages/head_controller/__init__.py
[5.242s] -- Installing: /home/aceti/head/Head_asv/install/head_controller/local/lib/python3.10/dist-packages/head_controller/head_controller_s__rosidl_typesupport_fastrtps_c.cpython-310-x86_64-linux-gnu.so
[5.242s] -- Installing: /home/aceti/head/Head_asv/install/head_controller/local/lib/python3.10/dist-packages/head_controller/libhead_controller__rosidl_generator_py.so
[5.242s] -- Installing: /home/aceti/head/Head_asv/install/head_controller/local/lib/python3.10/dist-packages/head_controller/_head_controller_s.ep.rosidl_typesupport_fastrtps_c.c
[5.242s] -- Installing: /home/aceti/head/Head_asv/install/head_controller/local/lib/python3.10/dist-packages/head_controller/srv
[5.242s] -- Installing: /home/aceti/head/Head_asv/install/head_controller/local/lib/python3.10/dist-packages/head_controller/srv/__init__.py
[5.242s] -- Installing: /home/aceti/head/Head_asv/install/head_controller/local/lib/python3.10/dist-packages/head_controller/srv/_head.py
[5.242s] -- Installing: /home/aceti/head/Head_asv/install/head_controller/local/lib/python3.10/dist-packages/head_controller/srv/_head_s.c
[5.273s] Listing '/home/aceti/head/Head_asv/install/head_controller/local/lib/python3.10/dist-packages/head_controller'...
[5.273s] Compiling '/home/aceti/head/Head_asv/install/head_controller/local/lib/python3.10/dist-packages/head_controller/__init__.py'...
[5.273s] Listing '/home/aceti/head/Head_asv/install/head_controller/local/lib/python3.10/dist-packages/head_controller/srv'...
[5.273s] Compiling '/home/aceti/head/Head_asv/install/head_controller/local/lib/python3.10/dist-packages/head_controller/srv/__init__.py'...
[5.273s] Compiling '/home/aceti/head/Head_asv/install/head_controller/local/lib/python3.10/dist-packages/head_controller/srv/_head.py'...
[5.277s] -- Installing: /home/aceti/head/Head_asv/install/head_controller/local/lib/python3.10/dist-packages/head_controller/head_controller_s__rosidl_typesupport_fastrtps_c.cpython-310-x86_64-linux-gnu.so
[5.278s] -- Set runtime path of "/home/aceti/head/Head_asv/install/head_controller/local/lib/python3.10/dist-packages/head_controller/head_controller_s__rosidl_typesupport_fastrtps_c.cpython-310-x86_64-linux-gnu.so" to ""
[5.278s] -- Installing: /home/aceti/head/Head_asv/install/head_controller/local/lib/python3.10/dist-packages/head_controller/head_controller_s__rosidl_typesupport_introspection_c.cpython-310-x86_64-linux-gnu.so
[5.278s] -- Set runtime path of "/home/aceti/head/Head_asv/install/head_controller/local/lib/python3.10/dist-packages/head_controller/head_controller_s__rosidl_typesupport_introspection_c.cpython-310-x86_64-linux-gnu.so" to ""
[5.278s] -- Installing: /home/aceti/head/Head_asv/install/head_controller/local/lib/python3.10/dist-packages/head_controller/head_controller_s__rosidl_typesupport_c.cpython-310-x86_64-linux-gnu.so
[5.279s] -- Set runtime path of "/home/aceti/head/Head_asv/install/head_controller/local/lib/python3.10/dist-packages/head_controller/head_controller_s__rosidl_typesupport_c.cpython-310-x86_64-linux-gnu.so" to ""
[5.279s] -- Installing: /home/aceti/head/Head_asv/install/head_controller/lib/libhead_controller__rosidl_generator_py.so
[5.279s] -- Set runtime path of "/home/aceti/head/Head_asv/install/head_controller/lib/libhead_controller__rosidl_generator_py.so" to ""
[5.279s] -- Installing: /home/aceti/head/Head_asv/install/head_controller/share/head_controller/srv/Head.idl
[5.279s] -- Installing: /home/aceti/head/Head_asv/install/head_controller/share/head_controller/srv/Head.srv
[5.279s] -- Installing: /home/aceti/head/Head_asv/install/head_controller/share/head_controller/srv/Head_Request.msg
[5.279s] -- Installing: /home/aceti/head/Head_asv/install/head_controller/share/head_controller/srv/Head_Response.msg
[5.279s] -- Installing: /home/aceti/head/Head_asv/install/head_controller/share/ament_index/resource_index/package_run_dependencies/head_controller
[5.279s] -- Installing: /home/aceti/head/Head_asv/install/head_controller/share/ament_index/resource_index/parent_prefix_path/head_controller
[5.279s] -- Installing: /home/aceti/head/Head_asv/install/head_controller/share/head_controller/environment/ament_prefix_path.sh
[5.279s] -- Installing: /home/aceti/head/Head_asv/install/head_controller/share/head_controller/environment/ament_prefix_path.dsv
[5.280s] -- Installing: /home/aceti/head/Head_asv/install/head_controller/share/head_controller/environment/path.sh
[5.280s] -- Installing: /home/aceti/head/Head_asv/install/head_controller/share/head_controller/environment/path.dsv
[5.280s] -- Installing: /home/aceti/head/Head_asv/install/head_controller/share/head_controller/local_setup.bash
[5.280s] -- Installing: /home/aceti/head/Head_asv/install/head_controller/share/head_controller/local_setup.sh
[5.280s] -- Installing: /home/aceti/head/Head_asv/install/head_controller/share/head_controller/local_setup.zsh
[5.280s] -- Installing: /home/aceti/head/Head_asv/install/head_controller/share/head_controller/local_setup.dsv
[5.280s] -- Installing: /home/aceti/head/Head_asv/install/head_controller/share/head_controller/package.dsv
[5.280s] -- Installing: /home/aceti/head/Head_asv/install/head_controller/share/ament_index/resource_index/packages/head_controller
[5.280s] -- Installing: /home/aceti/head/Head_asv/install/head_controller/share/head_controller/cmake/export_head_controller__rosidl_generator_cExport.cmake
[5.280s] -- Installing: /home/aceti/head/Head_asv/install/head_controller/share/head_controller/cmake/export_head_controller__rosidl_generator_cExport-noconfig.cmake
[5.281s] -- Installing: /home/aceti/head/Head_asv/install/head_controller/share/head_controller/cmake/export_head_controller__rosidl_typesupport_fastrtps_cExport.cmake
[5.281s] -- Installing: /home/aceti/head/Head_asv/install/head_controller/share/head_controller/cmake/export_head_controller__rosidl_typesupport_fastrtps_cExport-noconfig.cmake
[5.281s] -- Installing: /home/aceti/head/Head_asv/install/head_controller/share/head_controller/cmake/head_controller__rosidl_typesupport_introspection_cExport.cmake
[5.281s] -- Installing: /home/aceti/head/Head_asv/install/head_controller/share/head_controller/cmake/head_controller__rosidl_typesupport_introspection_cExport-noconfig.cmake
[5.281s] -- Installing: /home/aceti/head/Head_asv/install/head_controller/share/head_controller/cmake/head_controller__rosidl_typesupport_cExport.cmake
[5.281s] -- Installing: /home/aceti/head/Head_asv/install/head_controller/share/head_controller/cmake/head_controller__rosidl_typesupport_cExport-noconfig.cmake
[5.281s] -- Installing: /home/aceti/head/Head_asv/install/head_controller/share/head_controller/cmake/export_head_controller__rosidl_generator_cppExport.cmake
[5.281s] -- Installing: /home/aceti/head/Head_asv/install/head_controller/share/head_controller/cmake/export_head_controller__rosidl_typesupport_fastrtps_cppExport.cmake
[5.281s] -- Installing: /home/aceti/head/Head_asv/install/head_controller/share/head_controller/cmake/export_head_controller__rosidl_typesupport_fastrtps_cppExport-noconfig.cmake
[5.281s] -- Installing: /home/aceti/head/Head_asv/install/head_controller/share/head_controller/cmake/head_controller__rosidl_typesupport_introspection_cppExport.cmake
[5.281s] -- Installing: /home/aceti/head/Head_asv/install/head_controller/share/head_controller/cmake/head_controller__rosidl_typesupport_introspection_cppExport-noconfig.cmake
[5.282s] -- Installing: /home/aceti/head/Head_asv/install/head_controller/share/head_controller/cmake/head_controller__rosidl_typesupport_cppExport.cmake
[5.282s] -- Installing: /home/aceti/head/Head_asv/install/head_controller/share/head_controller/cmake/head_controller__rosidl_typesupport_cppExport-noconfig.cmake
[5.282s] -- Installing: /home/aceti/head/Head_asv/install/head_controller/share/head_controller/cmake/export_head_controller__rosidl_generator_pyExport.cmake
[5.282s] -- Installing: /home/aceti/head/Head_asv/install/head_controller/share/head_controller/cmake/export_head_controller__rosidl_generator_pyExport-noconfig.cmake
[5.282s] -- Installing: /home/aceti/head/Head_asv/install/head_controller/share/head_controller/cmake/rosidl_cmake-extras.cmake
[5.282s] -- Installing: /home/aceti/head/Head_asv/install/head_controller/share/head_controller/cmake/ament_cmake_export_include_directories-extras.cmake
[5.282s] -- Installing: /home/aceti/head/Head_asv/install/head_controller/share/head_controller/cmake/ament_cmake_export_libraries-extras.cmake
[5.282s] -- Installing: /home/aceti/head/Head_asv/install/head_controller/share/head_controller/cmake/ament_cmake_export_targets-extras.cmake
[5.282s] -- Installing: /home/aceti/head/Head_asv/install/head_controller/share/head_controller/cmake/rosidl_cmake_export_typesupport_targets-extras.cmake
[5.282s] -- Installing: /home/aceti/head/Head_asv/install/head_controller/share/head_controller/cmake/ament_cmake_export_dependencies-extras.cmake
[5.282s] -- Installing: /home/aceti/head/Head_asv/install/head_controller/share/head_controller/cmake/rosidl_cmake_export_typesupport_libraries-extras.cmake
[5.283s] -- Installing: /home/aceti/head/Head_asv/install/head_controller/share/head_controller/cmake/head_controllerConfig.cmake
[5.283s] -- Installing: /home/aceti/head/Head_asv/install/head_controller/share/head_controller/cmake/head_controllerConfig-version.cmake
[5.283s] -- Installing: /home/aceti/head/Head_asv/install/head_controller/share/head_controller/package.xml
[5.285s] Invoked command in '/home/aceti/head/Head_asv/build/head_controller' returned '0': CMAKE_PREFIX_PATH=${CMAKE_PREFIX_PATH}:/home/aceti/head/Head_asv/install/add_integers:/home/aceti/sonar/install/sonar_controller:/opt/ros/humble /usr/bin/cmake --install /home/aceti/head/Head_asv/build/head_controller
