[0.012s] Invoking command in '/home/aceti/ros2_ws/build/head_controller': CMAKE_PREFIX_PATH=${CMAKE_PREFIX_PATH}:/home/aceti/ros2_ws/install/add_integers:/opt/ros/humble /usr/bin/cmake --build /home/aceti/ros2_ws/build/head_controller -- -j8 -l8
[0.027s] -- Found ament_cmake: 1.3.3 (/opt/ros/humble/share/ament_cmake/cmake)
[0.137s] -- Found rosidl_default_generators: 1.2.0 (/opt/ros/humble/share/rosidl_default_generators/cmake)
[0.138s] -- Using all available rosidl_typesupport_c: rosidl_typesupport_fastrtps_c;rosidl_typesupport_introspection_c
[0.141s] -- Found rosidl_adapter: 3.1.4 (/opt/ros/humble/share/rosidl_adapter/cmake)
[0.165s] -- Using all available rosidl_typesupport_cpp: rosidl_typesupport_fastrtps_cpp;rosidl_typesupport_introspection_cpp
[0.371s] -- Found ament_cmake_ros: 0.10.0 (/opt/ros/humble/share/ament_cmake_ros/cmake)
[0.516s] -- Using all available rosidl_typesupport_c: rosidl_typesupport_fastrtps_c;rosidl_typesupport_introspection_c
[0.717s] -- Using all available rosidl_typesupport_cpp: rosidl_typesupport_fastrtps_cpp;rosidl_typesupport_introspection_cpp
[0.735s] -- Found python_cmake_module: 0.10.0 (/opt/ros/humble/share/python_cmake_module/cmake)
[0.752s] -- Using PYTHON_EXECUTABLE: /usr/bin/python3
[0.753s] -- Using PYTHON_INCLUDE_DIRS: /usr/include/python3.10
[0.753s] -- Using PYTHON_LIBRARIES: /usr/lib/x86_64-linux-gnu/libpython3.10.so
[0.761s] -- Found ament_lint_auto: 0.12.5 (/opt/ros/humble/share/ament_lint_auto/cmake)
[0.768s] -- Added test 'lint_cmake' to check CMake code style
[0.768s] -- Added test 'xmllint' to check XML markup files
[0.770s] -- Configuring done
[0.789s] -- Generating done
[0.791s] -- Build files have been written to: /home/aceti/ros2_ws/build/head_controller
[0.807s] [  3%] [34m[1mGenerating C code for ROS interfaces[0m
[0.813s] [  6%] [34m[1mGenerating C++ code for ROS interfaces[0m
[0.819s] [  6%] Built target ament_cmake_python_copy_head_controller
[1.051s] [35m[1mConsolidate compiler generated dependencies of target head_controller__rosidl_generator_c[0m
[1.056s] [  6%] Built target head_controller__cpp
[1.060s] [  9%] [32mBuilding C object CMakeFiles/head_controller__rosidl_generator_c.dir/rosidl_generator_c/head_controller/srv/detail/head__functions.c.o[0m
[1.063s] [ 16%] [34m[1mGenerating C++ type support dispatch for ROS interfaces[0m
[1.064s] [ 16%] [34m[1mGenerating C++ introspection for ROS interfaces[0m
[1.064s] [ 19%] [34m[1mGenerating C++ type support for eProsima Fast-RTPS[0m
[1.105s] [ 22%] [32m[1mLinking C shared library libhead_controller__rosidl_generator_c.so[0m
[1.134s] [ 22%] Built target head_controller__rosidl_generator_c
[1.139s] running egg_info
[1.141s] writing head_controller.egg-info/PKG-INFO
[1.141s] writing dependency_links to head_controller.egg-info/dependency_links.txt
[1.142s] writing top-level names to head_controller.egg-info/top_level.txt
[1.145s] [ 25%] [34m[1mGenerating C type support for eProsima Fast-RTPS[0m
[1.146s] reading manifest file 'head_controller.egg-info/SOURCES.txt'
[1.147s] writing manifest file 'head_controller.egg-info/SOURCES.txt'
[1.148s] [ 29%] [34m[1mGenerating C introspection for ROS interfaces[0m
[1.156s] [ 32%] [34m[1mGenerating C type support dispatch for ROS interfaces[0m
[1.185s] [ 32%] Built target ament_cmake_python_build_head_controller_egg
[1.370s] [35m[1mConsolidate compiler generated dependencies of target head_controller__rosidl_typesupport_cpp[0m
[1.383s] [ 35%] [32mBuilding CXX object CMakeFiles/head_controller__rosidl_typesupport_cpp.dir/rosidl_typesupport_cpp/head_controller/srv/head__type_support.cpp.o[0m
[1.452s] [35m[1mConsolidate compiler generated dependencies of target head_controller__rosidl_typesupport_introspection_cpp[0m
[1.465s] [ 38%] [32mBuilding CXX object CMakeFiles/head_controller__rosidl_typesupport_introspection_cpp.dir/rosidl_typesupport_introspection_cpp/head_controller/srv/detail/head__type_support.cpp.o[0m
[1.471s] [35m[1mConsolidate compiler generated dependencies of target head_controller__rosidl_typesupport_fastrtps_cpp[0m
[1.486s] [ 41%] [32mBuilding CXX object CMakeFiles/head_controller__rosidl_typesupport_fastrtps_cpp.dir/rosidl_typesupport_fastrtps_cpp/head_controller/srv/detail/dds_fastrtps/head__type_support.cpp.o[0m
[1.504s] [35m[1mConsolidate compiler generated dependencies of target head_controller__rosidl_typesupport_c[0m
[1.516s] [ 45%] [32mBuilding CXX object CMakeFiles/head_controller__rosidl_typesupport_c.dir/rosidl_typesupport_c/head_controller/srv/head__type_support.cpp.o[0m
[1.537s] [35m[1mConsolidate compiler generated dependencies of target head_controller__rosidl_typesupport_fastrtps_c[0m
[1.551s] [ 48%] [32m[1mLinking CXX shared library libhead_controller__rosidl_typesupport_c.so[0m
[1.552s] [ 51%] [32mBuilding CXX object CMakeFiles/head_controller__rosidl_typesupport_fastrtps_c.dir/rosidl_typesupport_fastrtps_c/head_controller/srv/detail/head__type_support_c.cpp.o[0m
[1.559s] [35m[1mConsolidate compiler generated dependencies of target head_controller__rosidl_typesupport_introspection_c[0m
[1.574s] [ 54%] [32mBuilding C object CMakeFiles/head_controller__rosidl_typesupport_introspection_c.dir/rosidl_typesupport_introspection_c/head_controller/srv/detail/head__type_support.c.o[0m
[1.596s] [ 54%] Built target head_controller__rosidl_typesupport_c
[1.614s] [ 58%] [32m[1mLinking C shared library libhead_controller__rosidl_typesupport_introspection_c.so[0m
[1.647s] [ 58%] Built target head_controller__rosidl_typesupport_introspection_c
[1.674s] [ 61%] [32m[1mLinking CXX shared library libhead_controller__rosidl_typesupport_cpp.so[0m
[1.703s] [ 61%] Built target head_controller__rosidl_typesupport_cpp
[1.851s] [ 64%] [32m[1mLinking CXX shared library libhead_controller__rosidl_typesupport_fastrtps_c.so[0m
[1.869s] [ 67%] [32m[1mLinking CXX shared library libhead_controller__rosidl_typesupport_introspection_cpp.so[0m
[1.903s] [ 67%] Built target head_controller__rosidl_typesupport_introspection_cpp
[1.918s] [ 67%] Built target head_controller__rosidl_typesupport_fastrtps_c
[1.921s] [ 70%] [32m[1mLinking CXX shared library libhead_controller__rosidl_typesupport_fastrtps_cpp.so[0m
[1.977s] [ 70%] Built target head_controller__rosidl_typesupport_fastrtps_cpp
[1.990s] [ 70%] Built target head_controller
[2.004s] [ 74%] [34m[1mGenerating Python code for ROS interfaces[0m
[2.306s] [ 74%] Built target head_controller__py
[2.313s] [35m[1mConsolidate compiler generated dependencies of target head_controller__rosidl_generator_py[0m
[2.322s] [ 77%] [32mBuilding C object CMakeFiles/head_controller__rosidl_generator_py.dir/rosidl_generator_py/head_controller/srv/_head_s.c.o[0m
[2.396s] [ 80%] [32m[1mLinking C shared library rosidl_generator_py/head_controller/libhead_controller__rosidl_generator_py.so[0m
[2.423s] [ 80%] Built target head_controller__rosidl_generator_py
[2.431s] [35m[1mConsolidate compiler generated dependencies of target head_controller__rosidl_typesupport_introspection_c__pyext[0m
[2.431s] [35m[1mConsolidate compiler generated dependencies of target head_controller__rosidl_typesupport_c__pyext[0m
[2.431s] [35m[1mConsolidate compiler generated dependencies of target head_controller__rosidl_typesupport_fastrtps_c__pyext[0m
[2.440s] [ 83%] [32mBuilding C object CMakeFiles/head_controller__rosidl_typesupport_introspection_c__pyext.dir/rosidl_generator_py/head_controller/_head_controller_s.ep.rosidl_typesupport_introspection_c.c.o[0m
[2.441s] [ 87%] [32mBuilding C object CMakeFiles/head_controller__rosidl_typesupport_c__pyext.dir/rosidl_generator_py/head_controller/_head_controller_s.ep.rosidl_typesupport_c.c.o[0m
[2.443s] [ 90%] [32mBuilding C object CMakeFiles/head_controller__rosidl_typesupport_fastrtps_c__pyext.dir/rosidl_generator_py/head_controller/_head_controller_s.ep.rosidl_typesupport_fastrtps_c.c.o[0m
[2.510s] [ 93%] [32m[1mLinking C shared library rosidl_generator_py/head_controller/head_controller_s__rosidl_typesupport_introspection_c.cpython-310-x86_64-linux-gnu.so[0m
[2.534s] [ 93%] Built target head_controller__rosidl_typesupport_introspection_c__pyext
[2.553s] [ 96%] [32m[1mLinking C shared library rosidl_generator_py/head_controller/head_controller_s__rosidl_typesupport_c.cpython-310-x86_64-linux-gnu.so[0m
[2.557s] [100%] [32m[1mLinking C shared library rosidl_generator_py/head_controller/head_controller_s__rosidl_typesupport_fastrtps_c.cpython-310-x86_64-linux-gnu.so[0m
[2.576s] [100%] Built target head_controller__rosidl_typesupport_c__pyext
[2.580s] [100%] Built target head_controller__rosidl_typesupport_fastrtps_c__pyext
[2.588s] Invoked command in '/home/aceti/ros2_ws/build/head_controller' returned '0': CMAKE_PREFIX_PATH=${CMAKE_PREFIX_PATH}:/home/aceti/ros2_ws/install/add_integers:/opt/ros/humble /usr/bin/cmake --build /home/aceti/ros2_ws/build/head_controller -- -j8 -l8
[2.630s] Invoking command in '/home/aceti/ros2_ws/build/head_controller': CMAKE_PREFIX_PATH=${CMAKE_PREFIX_PATH}:/home/aceti/ros2_ws/install/add_integers:/opt/ros/humble /usr/bin/cmake --install /home/aceti/ros2_ws/build/head_controller
[2.636s] -- Install configuration: ""
[2.636s] -- Up-to-date: /home/aceti/ros2_ws/install/head_controller/share/ament_index/resource_index/rosidl_interfaces/head_controller
[2.636s] -- Up-to-date: /home/aceti/ros2_ws/install/head_controller/include/head_controller/head_controller
[2.636s] -- Up-to-date: /home/aceti/ros2_ws/install/head_controller/include/head_controller/head_controller/msg
[2.636s] -- Up-to-date: /home/aceti/ros2_ws/install/head_controller/include/head_controller/head_controller/msg/rosidl_generator_c__visibility_control.h
[2.636s] -- Up-to-date: /home/aceti/ros2_ws/install/head_controller/include/head_controller/head_controller/srv
[2.636s] -- Installing: /home/aceti/ros2_ws/install/head_controller/include/head_controller/head_controller/srv/head.h
[2.636s] -- Up-to-date: /home/aceti/ros2_ws/install/head_controller/include/head_controller/head_controller/srv/detail
[2.636s] -- Installing: /home/aceti/ros2_ws/install/head_controller/include/head_controller/head_controller/srv/detail/head__functions.h
[2.636s] -- Installing: /home/aceti/ros2_ws/install/head_controller/include/head_controller/head_controller/srv/detail/head__struct.h
[2.636s] -- Installing: /home/aceti/ros2_ws/install/head_controller/include/head_controller/head_controller/srv/detail/head__functions.c
[2.636s] -- Installing: /home/aceti/ros2_ws/install/head_controller/include/head_controller/head_controller/srv/detail/head__type_support.h
[2.636s] -- Up-to-date: /home/aceti/ros2_ws/install/head_controller/share/head_controller/environment/library_path.sh
[2.637s] -- Installing: /home/aceti/ros2_ws/install/head_controller/share/head_controller/environment/library_path.dsv
[2.637s] -- Installing: /home/aceti/ros2_ws/install/head_controller/lib/libhead_controller__rosidl_generator_c.so
[2.637s] -- Set runtime path of "/home/aceti/ros2_ws/install/head_controller/lib/libhead_controller__rosidl_generator_c.so" to ""
[2.637s] -- Up-to-date: /home/aceti/ros2_ws/install/head_controller/include/head_controller/head_controller
[2.637s] -- Up-to-date: /home/aceti/ros2_ws/install/head_controller/include/head_controller/head_controller/msg
[2.637s] -- Up-to-date: /home/aceti/ros2_ws/install/head_controller/include/head_controller/head_controller/msg/rosidl_typesupport_fastrtps_c__visibility_control.h
[2.637s] -- Up-to-date: /home/aceti/ros2_ws/install/head_controller/include/head_controller/head_controller/srv
[2.637s] -- Up-to-date: /home/aceti/ros2_ws/install/head_controller/include/head_controller/head_controller/srv/detail
[2.637s] -- Installing: /home/aceti/ros2_ws/install/head_controller/include/head_controller/head_controller/srv/detail/head__rosidl_typesupport_fastrtps_c.h
[2.637s] -- Installing: /home/aceti/ros2_ws/install/head_controller/lib/libhead_controller__rosidl_typesupport_fastrtps_c.so
[2.638s] -- Set runtime path of "/home/aceti/ros2_ws/install/head_controller/lib/libhead_controller__rosidl_typesupport_fastrtps_c.so" to ""
[2.638s] -- Up-to-date: /home/aceti/ros2_ws/install/head_controller/include/head_controller/head_controller
[2.638s] -- Up-to-date: /home/aceti/ros2_ws/install/head_controller/include/head_controller/head_controller/msg
[2.638s] -- Up-to-date: /home/aceti/ros2_ws/install/head_controller/include/head_controller/head_controller/msg/rosidl_typesupport_introspection_c__visibility_control.h
[2.638s] -- Up-to-date: /home/aceti/ros2_ws/install/head_controller/include/head_controller/head_controller/srv
[2.638s] -- Up-to-date: /home/aceti/ros2_ws/install/head_controller/include/head_controller/head_controller/srv/detail
[2.638s] -- Installing: /home/aceti/ros2_ws/install/head_controller/include/head_controller/head_controller/srv/detail/head__rosidl_typesupport_introspection_c.h
[2.638s] -- Installing: /home/aceti/ros2_ws/install/head_controller/include/head_controller/head_controller/srv/detail/head__type_support.c
[2.638s] -- Installing: /home/aceti/ros2_ws/install/head_controller/lib/libhead_controller__rosidl_typesupport_introspection_c.so
[2.638s] -- Set runtime path of "/home/aceti/ros2_ws/install/head_controller/lib/libhead_controller__rosidl_typesupport_introspection_c.so" to ""
[2.638s] -- Installing: /home/aceti/ros2_ws/install/head_controller/lib/libhead_controller__rosidl_typesupport_c.so
[2.639s] -- Set runtime path of "/home/aceti/ros2_ws/install/head_controller/lib/libhead_controller__rosidl_typesupport_c.so" to ""
[2.639s] -- Up-to-date: /home/aceti/ros2_ws/install/head_controller/include/head_controller/head_controller
[2.639s] -- Up-to-date: /home/aceti/ros2_ws/install/head_controller/include/head_controller/head_controller/srv
[2.639s] -- Installing: /home/aceti/ros2_ws/install/head_controller/include/head_controller/head_controller/srv/head.hpp
[2.639s] -- Up-to-date: /home/aceti/ros2_ws/install/head_controller/include/head_controller/head_controller/srv/detail
[2.639s] -- Installing: /home/aceti/ros2_ws/install/head_controller/include/head_controller/head_controller/srv/detail/head__builder.hpp
[2.639s] -- Installing: /home/aceti/ros2_ws/install/head_controller/include/head_controller/head_controller/srv/detail/head__traits.hpp
[2.639s] -- Installing: /home/aceti/ros2_ws/install/head_controller/include/head_controller/head_controller/srv/detail/head__struct.hpp
[2.639s] -- Up-to-date: /home/aceti/ros2_ws/install/head_controller/include/head_controller/head_controller
[2.639s] -- Up-to-date: /home/aceti/ros2_ws/install/head_controller/include/head_controller/head_controller/msg
[2.639s] -- Up-to-date: /home/aceti/ros2_ws/install/head_controller/include/head_controller/head_controller/msg/rosidl_typesupport_fastrtps_cpp__visibility_control.h
[2.639s] -- Up-to-date: /home/aceti/ros2_ws/install/head_controller/include/head_controller/head_controller/srv
[2.639s] -- Up-to-date: /home/aceti/ros2_ws/install/head_controller/include/head_controller/head_controller/srv/detail
[2.640s] -- Installing: /home/aceti/ros2_ws/install/head_controller/include/head_controller/head_controller/srv/detail/head__rosidl_typesupport_fastrtps_cpp.hpp
[2.640s] -- Up-to-date: /home/aceti/ros2_ws/install/head_controller/include/head_controller/head_controller/srv/detail/dds_fastrtps
[2.640s] -- Installing: /home/aceti/ros2_ws/install/head_controller/lib/libhead_controller__rosidl_typesupport_fastrtps_cpp.so
[2.640s] -- Set runtime path of "/home/aceti/ros2_ws/install/head_controller/lib/libhead_controller__rosidl_typesupport_fastrtps_cpp.so" to ""
[2.640s] -- Up-to-date: /home/aceti/ros2_ws/install/head_controller/include/head_controller/head_controller
[2.640s] -- Up-to-date: /home/aceti/ros2_ws/install/head_controller/include/head_controller/head_controller/srv
[2.640s] -- Up-to-date: /home/aceti/ros2_ws/install/head_controller/include/head_controller/head_controller/srv/detail
[2.640s] -- Installing: /home/aceti/ros2_ws/install/head_controller/include/head_controller/head_controller/srv/detail/head__type_support.cpp
[2.640s] -- Installing: /home/aceti/ros2_ws/install/head_controller/include/head_controller/head_controller/srv/detail/head__rosidl_typesupport_introspection_cpp.hpp
[2.640s] -- Installing: /home/aceti/ros2_ws/install/head_controller/lib/libhead_controller__rosidl_typesupport_introspection_cpp.so
[2.641s] -- Set runtime path of "/home/aceti/ros2_ws/install/head_controller/lib/libhead_controller__rosidl_typesupport_introspection_cpp.so" to ""
[2.641s] -- Installing: /home/aceti/ros2_ws/install/head_controller/lib/libhead_controller__rosidl_typesupport_cpp.so
[2.641s] -- Set runtime path of "/home/aceti/ros2_ws/install/head_controller/lib/libhead_controller__rosidl_typesupport_cpp.so" to ""
[2.641s] -- Up-to-date: /home/aceti/ros2_ws/install/head_controller/share/head_controller/environment/pythonpath.sh
[2.641s] -- Installing: /home/aceti/ros2_ws/install/head_controller/share/head_controller/environment/pythonpath.dsv
[2.641s] -- Up-to-date: /home/aceti/ros2_ws/install/head_controller/local/lib/python3.10/dist-packages/head_controller-0.0.0-py3.10.egg-info
[2.641s] -- Installing: /home/aceti/ros2_ws/install/head_controller/local/lib/python3.10/dist-packages/head_controller-0.0.0-py3.10.egg-info/SOURCES.txt
[2.641s] -- Installing: /home/aceti/ros2_ws/install/head_controller/local/lib/python3.10/dist-packages/head_controller-0.0.0-py3.10.egg-info/dependency_links.txt
[2.641s] -- Installing: /home/aceti/ros2_ws/install/head_controller/local/lib/python3.10/dist-packages/head_controller-0.0.0-py3.10.egg-info/top_level.txt
[2.641s] -- Installing: /home/aceti/ros2_ws/install/head_controller/local/lib/python3.10/dist-packages/head_controller-0.0.0-py3.10.egg-info/PKG-INFO
[2.641s] -- Up-to-date: /home/aceti/ros2_ws/install/head_controller/local/lib/python3.10/dist-packages/head_controller
[2.642s] -- Installing: /home/aceti/ros2_ws/install/head_controller/local/lib/python3.10/dist-packages/head_controller/head_controller_s__rosidl_typesupport_c.cpython-310-x86_64-linux-gnu.so
[2.642s] -- Installing: /home/aceti/ros2_ws/install/head_controller/local/lib/python3.10/dist-packages/head_controller/head_controller_s__rosidl_typesupport_introspection_c.cpython-310-x86_64-linux-gnu.so
[2.642s] -- Installing: /home/aceti/ros2_ws/install/head_controller/local/lib/python3.10/dist-packages/head_controller/_head_controller_s.ep.rosidl_typesupport_introspection_c.c
[2.642s] -- Installing: /home/aceti/ros2_ws/install/head_controller/local/lib/python3.10/dist-packages/head_controller/_head_controller_s.ep.rosidl_typesupport_c.c
[2.642s] -- Installing: /home/aceti/ros2_ws/install/head_controller/local/lib/python3.10/dist-packages/head_controller/__init__.py
[2.642s] -- Installing: /home/aceti/ros2_ws/install/head_controller/local/lib/python3.10/dist-packages/head_controller/head_controller_s__rosidl_typesupport_fastrtps_c.cpython-310-x86_64-linux-gnu.so
[2.642s] -- Installing: /home/aceti/ros2_ws/install/head_controller/local/lib/python3.10/dist-packages/head_controller/libhead_controller__rosidl_generator_py.so
[2.642s] -- Installing: /home/aceti/ros2_ws/install/head_controller/local/lib/python3.10/dist-packages/head_controller/_head_controller_s.ep.rosidl_typesupport_fastrtps_c.c
[2.642s] -- Up-to-date: /home/aceti/ros2_ws/install/head_controller/local/lib/python3.10/dist-packages/head_controller/srv
[2.642s] -- Installing: /home/aceti/ros2_ws/install/head_controller/local/lib/python3.10/dist-packages/head_controller/srv/__init__.py
[2.642s] -- Installing: /home/aceti/ros2_ws/install/head_controller/local/lib/python3.10/dist-packages/head_controller/srv/_head.py
[2.643s] -- Installing: /home/aceti/ros2_ws/install/head_controller/local/lib/python3.10/dist-packages/head_controller/srv/_head_s.c
[2.671s] Listing '/home/aceti/ros2_ws/install/head_controller/local/lib/python3.10/dist-packages/head_controller'...
[2.671s] Compiling '/home/aceti/ros2_ws/install/head_controller/local/lib/python3.10/dist-packages/head_controller/__init__.py'...
[2.671s] Listing '/home/aceti/ros2_ws/install/head_controller/local/lib/python3.10/dist-packages/head_controller/srv'...
[2.671s] Compiling '/home/aceti/ros2_ws/install/head_controller/local/lib/python3.10/dist-packages/head_controller/srv/__init__.py'...
[2.671s] Compiling '/home/aceti/ros2_ws/install/head_controller/local/lib/python3.10/dist-packages/head_controller/srv/_head.py'...
[2.676s] -- Installing: /home/aceti/ros2_ws/install/head_controller/local/lib/python3.10/dist-packages/head_controller/head_controller_s__rosidl_typesupport_fastrtps_c.cpython-310-x86_64-linux-gnu.so
[2.676s] -- Set runtime path of "/home/aceti/ros2_ws/install/head_controller/local/lib/python3.10/dist-packages/head_controller/head_controller_s__rosidl_typesupport_fastrtps_c.cpython-310-x86_64-linux-gnu.so" to ""
[2.676s] -- Installing: /home/aceti/ros2_ws/install/head_controller/local/lib/python3.10/dist-packages/head_controller/head_controller_s__rosidl_typesupport_introspection_c.cpython-310-x86_64-linux-gnu.so
[2.676s] -- Set runtime path of "/home/aceti/ros2_ws/install/head_controller/local/lib/python3.10/dist-packages/head_controller/head_controller_s__rosidl_typesupport_introspection_c.cpython-310-x86_64-linux-gnu.so" to ""
[2.676s] -- Installing: /home/aceti/ros2_ws/install/head_controller/local/lib/python3.10/dist-packages/head_controller/head_controller_s__rosidl_typesupport_c.cpython-310-x86_64-linux-gnu.so
[2.676s] -- Set runtime path of "/home/aceti/ros2_ws/install/head_controller/local/lib/python3.10/dist-packages/head_controller/head_controller_s__rosidl_typesupport_c.cpython-310-x86_64-linux-gnu.so" to ""
[2.676s] -- Installing: /home/aceti/ros2_ws/install/head_controller/lib/libhead_controller__rosidl_generator_py.so
[2.676s] -- Set runtime path of "/home/aceti/ros2_ws/install/head_controller/lib/libhead_controller__rosidl_generator_py.so" to ""
[2.676s] -- Installing: /home/aceti/ros2_ws/install/head_controller/share/head_controller/srv/Head.idl
[2.677s] -- Installing: /home/aceti/ros2_ws/install/head_controller/share/head_controller/srv/Head.srv
[2.677s] -- Installing: /home/aceti/ros2_ws/install/head_controller/share/head_controller/srv/Head_Request.msg
[2.677s] -- Up-to-date: /home/aceti/ros2_ws/install/head_controller/share/head_controller/srv/Head_Response.msg
[2.677s] -- Up-to-date: /home/aceti/ros2_ws/install/head_controller/share/ament_index/resource_index/package_run_dependencies/head_controller
[2.677s] -- Up-to-date: /home/aceti/ros2_ws/install/head_controller/share/ament_index/resource_index/parent_prefix_path/head_controller
[2.677s] -- Up-to-date: /home/aceti/ros2_ws/install/head_controller/share/head_controller/environment/ament_prefix_path.sh
[2.677s] -- Installing: /home/aceti/ros2_ws/install/head_controller/share/head_controller/environment/ament_prefix_path.dsv
[2.677s] -- Up-to-date: /home/aceti/ros2_ws/install/head_controller/share/head_controller/environment/path.sh
[2.677s] -- Installing: /home/aceti/ros2_ws/install/head_controller/share/head_controller/environment/path.dsv
[2.677s] -- Up-to-date: /home/aceti/ros2_ws/install/head_controller/share/head_controller/local_setup.bash
[2.678s] -- Up-to-date: /home/aceti/ros2_ws/install/head_controller/share/head_controller/local_setup.sh
[2.678s] -- Up-to-date: /home/aceti/ros2_ws/install/head_controller/share/head_controller/local_setup.zsh
[2.678s] -- Installing: /home/aceti/ros2_ws/install/head_controller/share/head_controller/local_setup.dsv
[2.678s] -- Installing: /home/aceti/ros2_ws/install/head_controller/share/head_controller/package.dsv
[2.678s] -- Up-to-date: /home/aceti/ros2_ws/install/head_controller/share/ament_index/resource_index/packages/head_controller
[2.678s] -- Up-to-date: /home/aceti/ros2_ws/install/head_controller/share/head_controller/cmake/export_head_controller__rosidl_generator_cExport.cmake
[2.678s] -- Up-to-date: /home/aceti/ros2_ws/install/head_controller/share/head_controller/cmake/export_head_controller__rosidl_generator_cExport-noconfig.cmake
[2.678s] -- Up-to-date: /home/aceti/ros2_ws/install/head_controller/share/head_controller/cmake/export_head_controller__rosidl_typesupport_fastrtps_cExport.cmake
[2.678s] -- Up-to-date: /home/aceti/ros2_ws/install/head_controller/share/head_controller/cmake/export_head_controller__rosidl_typesupport_fastrtps_cExport-noconfig.cmake
[2.678s] -- Up-to-date: /home/aceti/ros2_ws/install/head_controller/share/head_controller/cmake/head_controller__rosidl_typesupport_introspection_cExport.cmake
[2.678s] -- Up-to-date: /home/aceti/ros2_ws/install/head_controller/share/head_controller/cmake/head_controller__rosidl_typesupport_introspection_cExport-noconfig.cmake
[2.679s] -- Up-to-date: /home/aceti/ros2_ws/install/head_controller/share/head_controller/cmake/head_controller__rosidl_typesupport_cExport.cmake
[2.679s] -- Up-to-date: /home/aceti/ros2_ws/install/head_controller/share/head_controller/cmake/head_controller__rosidl_typesupport_cExport-noconfig.cmake
[2.679s] -- Up-to-date: /home/aceti/ros2_ws/install/head_controller/share/head_controller/cmake/export_head_controller__rosidl_generator_cppExport.cmake
[2.679s] -- Up-to-date: /home/aceti/ros2_ws/install/head_controller/share/head_controller/cmake/export_head_controller__rosidl_typesupport_fastrtps_cppExport.cmake
[2.679s] -- Up-to-date: /home/aceti/ros2_ws/install/head_controller/share/head_controller/cmake/export_head_controller__rosidl_typesupport_fastrtps_cppExport-noconfig.cmake
[2.679s] -- Up-to-date: /home/aceti/ros2_ws/install/head_controller/share/head_controller/cmake/head_controller__rosidl_typesupport_introspection_cppExport.cmake
[2.679s] -- Up-to-date: /home/aceti/ros2_ws/install/head_controller/share/head_controller/cmake/head_controller__rosidl_typesupport_introspection_cppExport-noconfig.cmake
[2.679s] -- Up-to-date: /home/aceti/ros2_ws/install/head_controller/share/head_controller/cmake/head_controller__rosidl_typesupport_cppExport.cmake
[2.679s] -- Up-to-date: /home/aceti/ros2_ws/install/head_controller/share/head_controller/cmake/head_controller__rosidl_typesupport_cppExport-noconfig.cmake
[2.679s] -- Up-to-date: /home/aceti/ros2_ws/install/head_controller/share/head_controller/cmake/export_head_controller__rosidl_generator_pyExport.cmake
[2.679s] -- Up-to-date: /home/aceti/ros2_ws/install/head_controller/share/head_controller/cmake/export_head_controller__rosidl_generator_pyExport-noconfig.cmake
[2.679s] -- Up-to-date: /home/aceti/ros2_ws/install/head_controller/share/head_controller/cmake/rosidl_cmake-extras.cmake
[2.680s] -- Up-to-date: /home/aceti/ros2_ws/install/head_controller/share/head_controller/cmake/ament_cmake_export_include_directories-extras.cmake
[2.680s] -- Up-to-date: /home/aceti/ros2_ws/install/head_controller/share/head_controller/cmake/ament_cmake_export_libraries-extras.cmake
[2.680s] -- Up-to-date: /home/aceti/ros2_ws/install/head_controller/share/head_controller/cmake/ament_cmake_export_targets-extras.cmake
[2.680s] -- Up-to-date: /home/aceti/ros2_ws/install/head_controller/share/head_controller/cmake/rosidl_cmake_export_typesupport_targets-extras.cmake
[2.680s] -- Up-to-date: /home/aceti/ros2_ws/install/head_controller/share/head_controller/cmake/ament_cmake_export_dependencies-extras.cmake
[2.680s] -- Up-to-date: /home/aceti/ros2_ws/install/head_controller/share/head_controller/cmake/rosidl_cmake_export_typesupport_libraries-extras.cmake
[2.680s] -- Up-to-date: /home/aceti/ros2_ws/install/head_controller/share/head_controller/cmake/head_controllerConfig.cmake
[2.680s] -- Up-to-date: /home/aceti/ros2_ws/install/head_controller/share/head_controller/cmake/head_controllerConfig-version.cmake
[2.681s] -- Up-to-date: /home/aceti/ros2_ws/install/head_controller/share/head_controller/package.xml
[2.681s] Invoked command in '/home/aceti/ros2_ws/build/head_controller' returned '0': CMAKE_PREFIX_PATH=${CMAKE_PREFIX_PATH}:/home/aceti/ros2_ws/install/add_integers:/opt/ros/humble /usr/bin/cmake --install /home/aceti/ros2_ws/build/head_controller
