[0.529s] Invoking command in '/home/aceti/ros2_ws/src/add_integers': PYTHONPATH=/home/aceti/ros2_ws/build/add_integers/prefix_override:/home/aceti/ros2_ws/install/add_integers/lib/python3.10/site-packages:${PYTHONPATH} /usr/bin/python3 setup.py egg_info --egg-base ../../build/add_integers build --build-base /home/aceti/ros2_ws/build/add_integers/build install --record /home/aceti/ros2_ws/build/add_integers/install.log --single-version-externally-managed
[0.725s] running egg_info
[0.726s] writing ../../build/add_integers/add_integers.egg-info/PKG-INFO
[0.726s] writing dependency_links to ../../build/add_integers/add_integers.egg-info/dependency_links.txt
[0.726s] writing entry points to ../../build/add_integers/add_integers.egg-info/entry_points.txt
[0.727s] writing requirements to ../../build/add_integers/add_integers.egg-info/requires.txt
[0.727s] writing top-level names to ../../build/add_integers/add_integers.egg-info/top_level.txt
[0.728s] reading manifest file '../../build/add_integers/add_integers.egg-info/SOURCES.txt'
[0.728s] writing manifest file '../../build/add_integers/add_integers.egg-info/SOURCES.txt'
[0.729s] running build
[0.729s] running build_py
[0.729s] running install
[0.729s] running install_lib
[0.730s] running install_data
[0.730s] running install_egg_info
[0.731s] removing '/home/aceti/ros2_ws/install/add_integers/lib/python3.10/site-packages/add_integers-0.0.0-py3.10.egg-info' (and everything under it)
[0.732s] Copying ../../build/add_integers/add_integers.egg-info to /home/aceti/ros2_ws/install/add_integers/lib/python3.10/site-packages/add_integers-0.0.0-py3.10.egg-info
[0.732s] running install_scripts
[0.747s] Installing move_client script to /home/aceti/ros2_ws/install/add_integers/lib/add_integers
[0.747s] Installing move_service script to /home/aceti/ros2_ws/install/add_integers/lib/add_integers
[0.747s] writing list of installed files to '/home/aceti/ros2_ws/build/add_integers/install.log'
[0.767s] Invoked command in '/home/aceti/ros2_ws/src/add_integers' returned '0': PYTHONPATH=/home/aceti/ros2_ws/build/add_integers/prefix_override:/home/aceti/ros2_ws/install/add_integers/lib/python3.10/site-packages:${PYTHONPATH} /usr/bin/python3 setup.py egg_info --egg-base ../../build/add_integers build --build-base /home/aceti/ros2_ws/build/add_integers/build install --record /home/aceti/ros2_ws/build/add_integers/install.log --single-version-externally-managed
