[  9%] Built target head_controller__cpp
[ 12%] Built target head_controller__rosidl_generator_c
[ 12%] Built target ament_cmake_python_copy_head_controller
[ 32%] Built target head_controller__rosidl_typesupport_c
[ 32%] Built target head_controller__rosidl_typesupport_introspection_c
[ 48%] Built target head_controller__rosidl_typesupport_introspection_cpp
[ 51%] Built target head_controller__rosidl_typesupport_fastrtps_cpp
[ 61%] Built target head_controller__rosidl_typesupport_fastrtps_c
[ 70%] Built target head_controller__rosidl_typesupport_cpp
[ 70%] Built target head_controller
[ 74%] Built target head_controller__py
[ 80%] Built target head_controller__rosidl_generator_py
[100%] Built target head_controller__rosidl_typesupport_c__pyext
[100%] Built target head_controller__rosidl_typesupport_introspection_c__pyext
[100%] Built target head_controller__rosidl_typesupport_fastrtps_c__pyext
running egg_info
writing head_controller.egg-info/PKG-INFO
writing dependency_links to head_controller.egg-info/dependency_links.txt
writing top-level names to head_controller.egg-info/top_level.txt
reading manifest file 'head_controller.egg-info/SOURCES.txt'
writing manifest file 'head_controller.egg-info/SOURCES.txt'
[100%] Built target ament_cmake_python_build_head_controller_egg
-- Install configuration: ""
-- Up-to-date: /home/aceti/ros2_ws/install/head_controller/share/ament_index/resource_index/rosidl_interfaces/head_controller
-- Up-to-date: /home/aceti/ros2_ws/install/head_controller/include/head_controller/head_controller
-- Up-to-date: /home/aceti/ros2_ws/install/head_controller/include/head_controller/head_controller/msg
-- Up-to-date: /home/aceti/ros2_ws/install/head_controller/include/head_controller/head_controller/msg/rosidl_generator_c__visibility_control.h
-- Up-to-date: /home/aceti/ros2_ws/install/head_controller/include/head_controller/head_controller/srv
-- Up-to-date: /home/aceti/ros2_ws/install/head_controller/include/head_controller/head_controller/srv/head.h
-- Up-to-date: /home/aceti/ros2_ws/install/head_controller/include/head_controller/head_controller/srv/detail
-- Up-to-date: /home/aceti/ros2_ws/install/head_controller/include/head_controller/head_controller/srv/detail/head__functions.h
-- Up-to-date: /home/aceti/ros2_ws/install/head_controller/include/head_controller/head_controller/srv/detail/head__struct.h
-- Up-to-date: /home/aceti/ros2_ws/install/head_controller/include/head_controller/head_controller/srv/detail/head__functions.c
-- Up-to-date: /home/aceti/ros2_ws/install/head_controller/include/head_controller/head_controller/srv/detail/head__type_support.h
-- Up-to-date: /home/aceti/ros2_ws/install/head_controller/share/head_controller/environment/library_path.sh
-- Up-to-date: /home/aceti/ros2_ws/install/head_controller/share/head_controller/environment/library_path.dsv
-- Up-to-date: /home/aceti/ros2_ws/install/head_controller/lib/libhead_controller__rosidl_generator_c.so
-- Up-to-date: /home/aceti/ros2_ws/install/head_controller/include/head_controller/head_controller
-- Up-to-date: /home/aceti/ros2_ws/install/head_controller/include/head_controller/head_controller/msg
-- Up-to-date: /home/aceti/ros2_ws/install/head_controller/include/head_controller/head_controller/msg/rosidl_typesupport_fastrtps_c__visibility_control.h
-- Up-to-date: /home/aceti/ros2_ws/install/head_controller/include/head_controller/head_controller/srv
-- Up-to-date: /home/aceti/ros2_ws/install/head_controller/include/head_controller/head_controller/srv/detail
-- Up-to-date: /home/aceti/ros2_ws/install/head_controller/include/head_controller/head_controller/srv/detail/head__rosidl_typesupport_fastrtps_c.h
-- Up-to-date: /home/aceti/ros2_ws/install/head_controller/lib/libhead_controller__rosidl_typesupport_fastrtps_c.so
-- Up-to-date: /home/aceti/ros2_ws/install/head_controller/include/head_controller/head_controller
-- Up-to-date: /home/aceti/ros2_ws/install/head_controller/include/head_controller/head_controller/msg
-- Up-to-date: /home/aceti/ros2_ws/install/head_controller/include/head_controller/head_controller/msg/rosidl_typesupport_introspection_c__visibility_control.h
-- Up-to-date: /home/aceti/ros2_ws/install/head_controller/include/head_controller/head_controller/srv
-- Up-to-date: /home/aceti/ros2_ws/install/head_controller/include/head_controller/head_controller/srv/detail
-- Up-to-date: /home/aceti/ros2_ws/install/head_controller/include/head_controller/head_controller/srv/detail/head__rosidl_typesupport_introspection_c.h
-- Up-to-date: /home/aceti/ros2_ws/install/head_controller/include/head_controller/head_controller/srv/detail/head__type_support.c
-- Up-to-date: /home/aceti/ros2_ws/install/head_controller/lib/libhead_controller__rosidl_typesupport_introspection_c.so
-- Up-to-date: /home/aceti/ros2_ws/install/head_controller/lib/libhead_controller__rosidl_typesupport_c.so
-- Up-to-date: /home/aceti/ros2_ws/install/head_controller/include/head_controller/head_controller
-- Up-to-date: /home/aceti/ros2_ws/install/head_controller/include/head_controller/head_controller/srv
-- Up-to-date: /home/aceti/ros2_ws/install/head_controller/include/head_controller/head_controller/srv/head.hpp
-- Up-to-date: /home/aceti/ros2_ws/install/head_controller/include/head_controller/head_controller/srv/detail
-- Up-to-date: /home/aceti/ros2_ws/install/head_controller/include/head_controller/head_controller/srv/detail/head__builder.hpp
-- Up-to-date: /home/aceti/ros2_ws/install/head_controller/include/head_controller/head_controller/srv/detail/head__traits.hpp
-- Up-to-date: /home/aceti/ros2_ws/install/head_controller/include/head_controller/head_controller/srv/detail/head__struct.hpp
-- Up-to-date: /home/aceti/ros2_ws/install/head_controller/include/head_controller/head_controller
-- Up-to-date: /home/aceti/ros2_ws/install/head_controller/include/head_controller/head_controller/msg
-- Up-to-date: /home/aceti/ros2_ws/install/head_controller/include/head_controller/head_controller/msg/rosidl_typesupport_fastrtps_cpp__visibility_control.h
-- Up-to-date: /home/aceti/ros2_ws/install/head_controller/include/head_controller/head_controller/srv
-- Up-to-date: /home/aceti/ros2_ws/install/head_controller/include/head_controller/head_controller/srv/detail
-- Up-to-date: /home/aceti/ros2_ws/install/head_controller/include/head_controller/head_controller/srv/detail/head__rosidl_typesupport_fastrtps_cpp.hpp
-- Up-to-date: /home/aceti/ros2_ws/install/head_controller/include/head_controller/head_controller/srv/detail/dds_fastrtps
-- Up-to-date: /home/aceti/ros2_ws/install/head_controller/lib/libhead_controller__rosidl_typesupport_fastrtps_cpp.so
-- Up-to-date: /home/aceti/ros2_ws/install/head_controller/include/head_controller/head_controller
-- Up-to-date: /home/aceti/ros2_ws/install/head_controller/include/head_controller/head_controller/srv
-- Up-to-date: /home/aceti/ros2_ws/install/head_controller/include/head_controller/head_controller/srv/detail
-- Up-to-date: /home/aceti/ros2_ws/install/head_controller/include/head_controller/head_controller/srv/detail/head__type_support.cpp
-- Up-to-date: /home/aceti/ros2_ws/install/head_controller/include/head_controller/head_controller/srv/detail/head__rosidl_typesupport_introspection_cpp.hpp
-- Up-to-date: /home/aceti/ros2_ws/install/head_controller/lib/libhead_controller__rosidl_typesupport_introspection_cpp.so
-- Up-to-date: /home/aceti/ros2_ws/install/head_controller/lib/libhead_controller__rosidl_typesupport_cpp.so
-- Up-to-date: /home/aceti/ros2_ws/install/head_controller/share/head_controller/environment/pythonpath.sh
-- Up-to-date: /home/aceti/ros2_ws/install/head_controller/share/head_controller/environment/pythonpath.dsv
-- Up-to-date: /home/aceti/ros2_ws/install/head_controller/local/lib/python3.10/dist-packages/head_controller-0.0.0-py3.10.egg-info
-- Installing: /home/aceti/ros2_ws/install/head_controller/local/lib/python3.10/dist-packages/head_controller-0.0.0-py3.10.egg-info/SOURCES.txt
-- Installing: /home/aceti/ros2_ws/install/head_controller/local/lib/python3.10/dist-packages/head_controller-0.0.0-py3.10.egg-info/dependency_links.txt
-- Installing: /home/aceti/ros2_ws/install/head_controller/local/lib/python3.10/dist-packages/head_controller-0.0.0-py3.10.egg-info/top_level.txt
-- Installing: /home/aceti/ros2_ws/install/head_controller/local/lib/python3.10/dist-packages/head_controller-0.0.0-py3.10.egg-info/PKG-INFO
-- Up-to-date: /home/aceti/ros2_ws/install/head_controller/local/lib/python3.10/dist-packages/head_controller
-- Up-to-date: /home/aceti/ros2_ws/install/head_controller/local/lib/python3.10/dist-packages/head_controller/head_controller_s__rosidl_typesupport_c.cpython-310-x86_64-linux-gnu.so
-- Up-to-date: /home/aceti/ros2_ws/install/head_controller/local/lib/python3.10/dist-packages/head_controller/head_controller_s__rosidl_typesupport_introspection_c.cpython-310-x86_64-linux-gnu.so
-- Up-to-date: /home/aceti/ros2_ws/install/head_controller/local/lib/python3.10/dist-packages/head_controller/_head_controller_s.ep.rosidl_typesupport_introspection_c.c
-- Up-to-date: /home/aceti/ros2_ws/install/head_controller/local/lib/python3.10/dist-packages/head_controller/_head_controller_s.ep.rosidl_typesupport_c.c
-- Up-to-date: /home/aceti/ros2_ws/install/head_controller/local/lib/python3.10/dist-packages/head_controller/__init__.py
-- Up-to-date: /home/aceti/ros2_ws/install/head_controller/local/lib/python3.10/dist-packages/head_controller/head_controller_s__rosidl_typesupport_fastrtps_c.cpython-310-x86_64-linux-gnu.so
-- Up-to-date: /home/aceti/ros2_ws/install/head_controller/local/lib/python3.10/dist-packages/head_controller/libhead_controller__rosidl_generator_py.so
-- Up-to-date: /home/aceti/ros2_ws/install/head_controller/local/lib/python3.10/dist-packages/head_controller/_head_controller_s.ep.rosidl_typesupport_fastrtps_c.c
-- Up-to-date: /home/aceti/ros2_ws/install/head_controller/local/lib/python3.10/dist-packages/head_controller/srv
-- Up-to-date: /home/aceti/ros2_ws/install/head_controller/local/lib/python3.10/dist-packages/head_controller/srv/__init__.py
-- Up-to-date: /home/aceti/ros2_ws/install/head_controller/local/lib/python3.10/dist-packages/head_controller/srv/_head.py
-- Up-to-date: /home/aceti/ros2_ws/install/head_controller/local/lib/python3.10/dist-packages/head_controller/srv/_head_s.c
Listing '/home/aceti/ros2_ws/install/head_controller/local/lib/python3.10/dist-packages/head_controller'...
Listing '/home/aceti/ros2_ws/install/head_controller/local/lib/python3.10/dist-packages/head_controller/srv'...
-- Up-to-date: /home/aceti/ros2_ws/install/head_controller/local/lib/python3.10/dist-packages/head_controller/head_controller_s__rosidl_typesupport_fastrtps_c.cpython-310-x86_64-linux-gnu.so
-- Up-to-date: /home/aceti/ros2_ws/install/head_controller/local/lib/python3.10/dist-packages/head_controller/head_controller_s__rosidl_typesupport_introspection_c.cpython-310-x86_64-linux-gnu.so
-- Up-to-date: /home/aceti/ros2_ws/install/head_controller/local/lib/python3.10/dist-packages/head_controller/head_controller_s__rosidl_typesupport_c.cpython-310-x86_64-linux-gnu.so
-- Up-to-date: /home/aceti/ros2_ws/install/head_controller/lib/libhead_controller__rosidl_generator_py.so
-- Up-to-date: /home/aceti/ros2_ws/install/head_controller/share/head_controller/srv/Head.idl
-- Up-to-date: /home/aceti/ros2_ws/install/head_controller/share/head_controller/srv/Head.srv
-- Up-to-date: /home/aceti/ros2_ws/install/head_controller/share/head_controller/srv/Head_Request.msg
-- Up-to-date: /home/aceti/ros2_ws/install/head_controller/share/head_controller/srv/Head_Response.msg
-- Up-to-date: /home/aceti/ros2_ws/install/head_controller/share/ament_index/resource_index/package_run_dependencies/head_controller
-- Up-to-date: /home/aceti/ros2_ws/install/head_controller/share/ament_index/resource_index/parent_prefix_path/head_controller
-- Up-to-date: /home/aceti/ros2_ws/install/head_controller/share/head_controller/environment/ament_prefix_path.sh
-- Up-to-date: /home/aceti/ros2_ws/install/head_controller/share/head_controller/environment/ament_prefix_path.dsv
-- Up-to-date: /home/aceti/ros2_ws/install/head_controller/share/head_controller/environment/path.sh
-- Up-to-date: /home/aceti/ros2_ws/install/head_controller/share/head_controller/environment/path.dsv
-- Up-to-date: /home/aceti/ros2_ws/install/head_controller/share/head_controller/local_setup.bash
-- Up-to-date: /home/aceti/ros2_ws/install/head_controller/share/head_controller/local_setup.sh
-- Up-to-date: /home/aceti/ros2_ws/install/head_controller/share/head_controller/local_setup.zsh
-- Up-to-date: /home/aceti/ros2_ws/install/head_controller/share/head_controller/local_setup.dsv
-- Installing: /home/aceti/ros2_ws/install/head_controller/share/head_controller/package.dsv
-- Up-to-date: /home/aceti/ros2_ws/install/head_controller/share/ament_index/resource_index/packages/head_controller
-- Up-to-date: /home/aceti/ros2_ws/install/head_controller/share/head_controller/cmake/export_head_controller__rosidl_generator_cExport.cmake
-- Up-to-date: /home/aceti/ros2_ws/install/head_controller/share/head_controller/cmake/export_head_controller__rosidl_generator_cExport-noconfig.cmake
-- Up-to-date: /home/aceti/ros2_ws/install/head_controller/share/head_controller/cmake/export_head_controller__rosidl_typesupport_fastrtps_cExport.cmake
-- Up-to-date: /home/aceti/ros2_ws/install/head_controller/share/head_controller/cmake/export_head_controller__rosidl_typesupport_fastrtps_cExport-noconfig.cmake
-- Up-to-date: /home/aceti/ros2_ws/install/head_controller/share/head_controller/cmake/head_controller__rosidl_typesupport_introspection_cExport.cmake
-- Up-to-date: /home/aceti/ros2_ws/install/head_controller/share/head_controller/cmake/head_controller__rosidl_typesupport_introspection_cExport-noconfig.cmake
-- Up-to-date: /home/aceti/ros2_ws/install/head_controller/share/head_controller/cmake/head_controller__rosidl_typesupport_cExport.cmake
-- Up-to-date: /home/aceti/ros2_ws/install/head_controller/share/head_controller/cmake/head_controller__rosidl_typesupport_cExport-noconfig.cmake
-- Up-to-date: /home/aceti/ros2_ws/install/head_controller/share/head_controller/cmake/export_head_controller__rosidl_generator_cppExport.cmake
-- Up-to-date: /home/aceti/ros2_ws/install/head_controller/share/head_controller/cmake/export_head_controller__rosidl_typesupport_fastrtps_cppExport.cmake
-- Up-to-date: /home/aceti/ros2_ws/install/head_controller/share/head_controller/cmake/export_head_controller__rosidl_typesupport_fastrtps_cppExport-noconfig.cmake
-- Up-to-date: /home/aceti/ros2_ws/install/head_controller/share/head_controller/cmake/head_controller__rosidl_typesupport_introspection_cppExport.cmake
-- Up-to-date: /home/aceti/ros2_ws/install/head_controller/share/head_controller/cmake/head_controller__rosidl_typesupport_introspection_cppExport-noconfig.cmake
-- Up-to-date: /home/aceti/ros2_ws/install/head_controller/share/head_controller/cmake/head_controller__rosidl_typesupport_cppExport.cmake
-- Up-to-date: /home/aceti/ros2_ws/install/head_controller/share/head_controller/cmake/head_controller__rosidl_typesupport_cppExport-noconfig.cmake
-- Up-to-date: /home/aceti/ros2_ws/install/head_controller/share/head_controller/cmake/export_head_controller__rosidl_generator_pyExport.cmake
-- Up-to-date: /home/aceti/ros2_ws/install/head_controller/share/head_controller/cmake/export_head_controller__rosidl_generator_pyExport-noconfig.cmake
-- Up-to-date: /home/aceti/ros2_ws/install/head_controller/share/head_controller/cmake/rosidl_cmake-extras.cmake
-- Up-to-date: /home/aceti/ros2_ws/install/head_controller/share/head_controller/cmake/ament_cmake_export_include_directories-extras.cmake
-- Up-to-date: /home/aceti/ros2_ws/install/head_controller/share/head_controller/cmake/ament_cmake_export_libraries-extras.cmake
-- Up-to-date: /home/aceti/ros2_ws/install/head_controller/share/head_controller/cmake/ament_cmake_export_targets-extras.cmake
-- Up-to-date: /home/aceti/ros2_ws/install/head_controller/share/head_controller/cmake/rosidl_cmake_export_typesupport_targets-extras.cmake
-- Up-to-date: /home/aceti/ros2_ws/install/head_controller/share/head_controller/cmake/ament_cmake_export_dependencies-extras.cmake
-- Up-to-date: /home/aceti/ros2_ws/install/head_controller/share/head_controller/cmake/rosidl_cmake_export_typesupport_libraries-extras.cmake
-- Up-to-date: /home/aceti/ros2_ws/install/head_controller/share/head_controller/cmake/head_controllerConfig.cmake
-- Up-to-date: /home/aceti/ros2_ws/install/head_controller/share/head_controller/cmake/head_controllerConfig-version.cmake
-- Up-to-date: /home/aceti/ros2_ws/install/head_controller/share/head_controller/package.xml
