[0.014s] Invoking command in '/home/aceti/sonar/Head_asv/build/custom_interfaces': CMAKE_PREFIX_PATH=${CMAKE_PREFIX_PATH}:/home/aceti/sonar/Head_asv/install/add_integers:/home/aceti/head/Head_asv/install/add_integers:/home/aceti/head/Head_asv/install/head_controller:/opt/ros/humble /usr/bin/cmake /home/aceti/sonar/Head_asv/src/custom_interfaces -DCMAKE_INSTALL_PREFIX=/home/aceti/sonar/Head_asv/install/custom_interfaces
[0.054s] -- The C compiler identification is GNU 11.3.0
[0.098s] -- The CXX compiler identification is GNU 11.3.0
[0.104s] -- Detecting C compiler ABI info
[0.153s] -- Detecting C compiler ABI info - done
[0.159s] -- Check for working C compiler: /usr/bin/cc - skipped
[0.159s] -- Detecting C compile features
[0.159s] -- Detecting C compile features - done
[0.162s] -- Detecting CXX compiler ABI info
[0.224s] -- Detecting CXX compiler ABI info - done
[0.232s] -- Check for working CXX compiler: /usr/bin/c++ - skipped
[0.232s] -- Detecting CXX compile features
[0.232s] -- Detecting CXX compile features - done
[0.235s] -- Found ament_cmake: 1.3.3 (/opt/ros/humble/share/ament_cmake/cmake)
[0.367s] -- Found Python3: /usr/bin/python3.10 (found version "3.10.6") found components: Interpreter 
[0.432s] -- Found rosidl_default_generators: 1.2.0 (/opt/ros/humble/share/rosidl_default_generators/cmake)
[0.434s] -- Using all available rosidl_typesupport_c: rosidl_typesupport_fastrtps_c;rosidl_typesupport_introspection_c
[0.438s] -- Found rosidl_adapter: 3.1.4 (/opt/ros/humble/share/rosidl_adapter/cmake)
[0.467s] -- Using all available rosidl_typesupport_cpp: rosidl_typesupport_fastrtps_cpp;rosidl_typesupport_introspection_cpp
[0.709s] -- Found ament_cmake_ros: 0.10.0 (/opt/ros/humble/share/ament_cmake_ros/cmake)
[0.853s] -- Using all available rosidl_typesupport_c: rosidl_typesupport_fastrtps_c;rosidl_typesupport_introspection_c
[1.040s] -- Using all available rosidl_typesupport_cpp: rosidl_typesupport_fastrtps_cpp;rosidl_typesupport_introspection_cpp
[1.063s] -- Found PythonInterp: /usr/bin/python3 (found suitable version "3.10.6", minimum required is "3.6") 
[1.064s] -- Found python_cmake_module: 0.10.0 (/opt/ros/humble/share/python_cmake_module/cmake)
[1.084s] -- Found PythonLibs: /usr/lib/x86_64-linux-gnu/libpython3.10.so (found suitable version "3.10.6", minimum required is "3.5") 
[1.084s] -- Using PYTHON_EXECUTABLE: /usr/bin/python3
[1.084s] -- Using PYTHON_INCLUDE_DIRS: /usr/include/python3.10
[1.084s] -- Using PYTHON_LIBRARIES: /usr/lib/x86_64-linux-gnu/libpython3.10.so
[1.102s] -- Found PythonExtra: .so  
[1.129s] -- Found ament_lint_auto: 0.12.5 (/opt/ros/humble/share/ament_lint_auto/cmake)
[1.142s] -- Added test 'lint_cmake' to check CMake code style
[1.142s] -- Added test 'xmllint' to check XML markup files
[1.144s] -- Configuring done
[1.163s] -- Generating done
[1.164s] -- Build files have been written to: /home/aceti/sonar/Head_asv/build/custom_interfaces
[1.169s] Invoked command in '/home/aceti/sonar/Head_asv/build/custom_interfaces' returned '0': CMAKE_PREFIX_PATH=${CMAKE_PREFIX_PATH}:/home/aceti/sonar/Head_asv/install/add_integers:/home/aceti/head/Head_asv/install/add_integers:/home/aceti/head/Head_asv/install/head_controller:/opt/ros/humble /usr/bin/cmake /home/aceti/sonar/Head_asv/src/custom_interfaces -DCMAKE_INSTALL_PREFIX=/home/aceti/sonar/Head_asv/install/custom_interfaces
[1.172s] Invoking command in '/home/aceti/sonar/Head_asv/build/custom_interfaces': CMAKE_PREFIX_PATH=${CMAKE_PREFIX_PATH}:/home/aceti/sonar/Head_asv/install/add_integers:/home/aceti/head/Head_asv/install/add_integers:/home/aceti/head/Head_asv/install/head_controller:/opt/ros/humble /usr/bin/cmake --build /home/aceti/sonar/Head_asv/build/custom_interfaces -- -j8 -l8
[1.197s] [  3%] [34m[1mGenerating C code for ROS interfaces[0m
[1.203s] [  6%] [34m[1mGenerating C++ code for ROS interfaces[0m
[1.209s] [  6%] Built target ament_cmake_python_copy_custom_interfaces
[1.434s] running egg_info
[1.436s] creating custom_interfaces.egg-info
[1.436s] writing custom_interfaces.egg-info/PKG-INFO
[1.436s] writing dependency_links to custom_interfaces.egg-info/dependency_links.txt
[1.436s] writing top-level names to custom_interfaces.egg-info/top_level.txt
[1.436s] writing manifest file 'custom_interfaces.egg-info/SOURCES.txt'
[1.438s] reading manifest file 'custom_interfaces.egg-info/SOURCES.txt'
[1.438s] writing manifest file 'custom_interfaces.egg-info/SOURCES.txt'
[1.451s] [  9%] [32mBuilding C object CMakeFiles/custom_interfaces__rosidl_generator_c.dir/rosidl_generator_c/custom_interfaces/srv/detail/head__functions.c.o[0m
[1.458s] [  9%] Built target custom_interfaces__cpp
[1.465s] [ 16%] [34m[1mGenerating C++ type support for eProsima Fast-RTPS[0m
[1.465s] [ 16%] [34m[1mGenerating C++ type support dispatch for ROS interfaces[0m
[1.466s] [ 16%] Built target ament_cmake_python_build_custom_interfaces_egg
[1.467s] [ 19%] [34m[1mGenerating C++ introspection for ROS interfaces[0m
[1.500s] [ 22%] [32m[1mLinking C shared library libcustom_interfaces__rosidl_generator_c.so[0m
[1.527s] [ 22%] Built target custom_interfaces__rosidl_generator_c
[1.536s] [ 32%] [34m[1mGenerating C introspection for ROS interfaces[0m
[1.536s] [ 32%] [34m[1mGenerating C type support dispatch for ROS interfaces[0m
[1.536s] [ 32%] [34m[1mGenerating C type support for eProsima Fast-RTPS[0m
[1.708s] [ 35%] [32mBuilding CXX object CMakeFiles/custom_interfaces__rosidl_typesupport_fastrtps_cpp.dir/rosidl_typesupport_fastrtps_cpp/custom_interfaces/srv/detail/dds_fastrtps/head__type_support.cpp.o[0m
[1.752s] [ 38%] [32mBuilding CXX object CMakeFiles/custom_interfaces__rosidl_typesupport_c.dir/rosidl_typesupport_c/custom_interfaces/srv/head__type_support.cpp.o[0m
[1.781s] [ 41%] [32mBuilding CXX object CMakeFiles/custom_interfaces__rosidl_typesupport_cpp.dir/rosidl_typesupport_cpp/custom_interfaces/srv/head__type_support.cpp.o[0m
[1.785s] [ 45%] [32m[1mLinking CXX shared library libcustom_interfaces__rosidl_typesupport_c.so[0m
[1.831s] [ 48%] [32mBuilding CXX object CMakeFiles/custom_interfaces__rosidl_typesupport_introspection_cpp.dir/rosidl_typesupport_introspection_cpp/custom_interfaces/srv/detail/head__type_support.cpp.o[0m
[1.831s] [ 48%] Built target custom_interfaces__rosidl_typesupport_c
[1.885s] [ 51%] [32mBuilding C object CMakeFiles/custom_interfaces__rosidl_typesupport_introspection_c.dir/rosidl_typesupport_introspection_c/custom_interfaces/srv/detail/head__type_support.c.o[0m
[1.896s] [ 54%] [32mBuilding CXX object CMakeFiles/custom_interfaces__rosidl_typesupport_fastrtps_c.dir/rosidl_typesupport_fastrtps_c/custom_interfaces/srv/detail/head__type_support_c.cpp.o[0m
[1.914s] [ 58%] [32m[1mLinking C shared library libcustom_interfaces__rosidl_typesupport_introspection_c.so[0m
[1.942s] [ 58%] Built target custom_interfaces__rosidl_typesupport_introspection_c
[2.003s] [ 61%] [32m[1mLinking CXX shared library libcustom_interfaces__rosidl_typesupport_cpp.so[0m
[2.034s] [ 61%] Built target custom_interfaces__rosidl_typesupport_cpp
[2.110s] [ 64%] [32m[1mLinking CXX shared library libcustom_interfaces__rosidl_typesupport_fastrtps_cpp.so[0m
[2.175s] [ 64%] Built target custom_interfaces__rosidl_typesupport_fastrtps_cpp
[2.181s] [ 67%] [32m[1mLinking CXX shared library libcustom_interfaces__rosidl_typesupport_fastrtps_c.so[0m
[2.203s] [ 70%] [32m[1mLinking CXX shared library libcustom_interfaces__rosidl_typesupport_introspection_cpp.so[0m
[2.242s] [ 70%] Built target custom_interfaces__rosidl_typesupport_fastrtps_c
[2.255s] [ 70%] Built target custom_interfaces__rosidl_typesupport_introspection_cpp
[2.268s] [ 70%] Built target custom_interfaces
[2.285s] [ 74%] [34m[1mGenerating Python code for ROS interfaces[0m
[2.582s] [ 74%] Built target custom_interfaces__py
[2.595s] [ 77%] [32mBuilding C object CMakeFiles/custom_interfaces__rosidl_generator_py.dir/rosidl_generator_py/custom_interfaces/srv/_head_s.c.o[0m
[2.675s] [ 80%] [32m[1mLinking C shared library rosidl_generator_py/custom_interfaces/libcustom_interfaces__rosidl_generator_py.so[0m
[2.705s] [ 80%] Built target custom_interfaces__rosidl_generator_py
[2.721s] [ 90%] [32mBuilding C object CMakeFiles/custom_interfaces__rosidl_typesupport_introspection_c__pyext.dir/rosidl_generator_py/custom_interfaces/_custom_interfaces_s.ep.rosidl_typesupport_introspection_c.c.o[0m
[2.721s] [ 90%] [32mBuilding C object CMakeFiles/custom_interfaces__rosidl_typesupport_c__pyext.dir/rosidl_generator_py/custom_interfaces/_custom_interfaces_s.ep.rosidl_typesupport_c.c.o[0m
[2.721s] [ 90%] [32mBuilding C object CMakeFiles/custom_interfaces__rosidl_typesupport_fastrtps_c__pyext.dir/rosidl_generator_py/custom_interfaces/_custom_interfaces_s.ep.rosidl_typesupport_fastrtps_c.c.o[0m
[2.791s] [ 93%] [32m[1mLinking C shared library rosidl_generator_py/custom_interfaces/custom_interfaces_s__rosidl_typesupport_c.cpython-310-x86_64-linux-gnu.so[0m
[2.791s] [ 96%] [32m[1mLinking C shared library rosidl_generator_py/custom_interfaces/custom_interfaces_s__rosidl_typesupport_introspection_c.cpython-310-x86_64-linux-gnu.so[0m
[2.793s] [100%] [32m[1mLinking C shared library rosidl_generator_py/custom_interfaces/custom_interfaces_s__rosidl_typesupport_fastrtps_c.cpython-310-x86_64-linux-gnu.so[0m
[2.814s] [100%] Built target custom_interfaces__rosidl_typesupport_c__pyext
[2.814s] [100%] Built target custom_interfaces__rosidl_typesupport_introspection_c__pyext
[2.816s] [100%] Built target custom_interfaces__rosidl_typesupport_fastrtps_c__pyext
[2.823s] Invoked command in '/home/aceti/sonar/Head_asv/build/custom_interfaces' returned '0': CMAKE_PREFIX_PATH=${CMAKE_PREFIX_PATH}:/home/aceti/sonar/Head_asv/install/add_integers:/home/aceti/head/Head_asv/install/add_integers:/home/aceti/head/Head_asv/install/head_controller:/opt/ros/humble /usr/bin/cmake --build /home/aceti/sonar/Head_asv/build/custom_interfaces -- -j8 -l8
[2.872s] Invoking command in '/home/aceti/sonar/Head_asv/build/custom_interfaces': CMAKE_PREFIX_PATH=${CMAKE_PREFIX_PATH}:/home/aceti/sonar/Head_asv/install/add_integers:/home/aceti/head/Head_asv/install/add_integers:/home/aceti/head/Head_asv/install/head_controller:/opt/ros/humble /usr/bin/cmake --install /home/aceti/sonar/Head_asv/build/custom_interfaces
[2.879s] -- Install configuration: ""
[2.880s] -- Installing: /home/aceti/sonar/Head_asv/install/custom_interfaces/share/ament_index/resource_index/rosidl_interfaces/custom_interfaces
[2.880s] -- Installing: /home/aceti/sonar/Head_asv/install/custom_interfaces/include/custom_interfaces/custom_interfaces
[2.880s] -- Installing: /home/aceti/sonar/Head_asv/install/custom_interfaces/include/custom_interfaces/custom_interfaces/msg
[2.880s] -- Installing: /home/aceti/sonar/Head_asv/install/custom_interfaces/include/custom_interfaces/custom_interfaces/msg/rosidl_generator_c__visibility_control.h
[2.880s] -- Installing: /home/aceti/sonar/Head_asv/install/custom_interfaces/include/custom_interfaces/custom_interfaces/srv
[2.880s] -- Installing: /home/aceti/sonar/Head_asv/install/custom_interfaces/include/custom_interfaces/custom_interfaces/srv/head.h
[2.880s] -- Installing: /home/aceti/sonar/Head_asv/install/custom_interfaces/include/custom_interfaces/custom_interfaces/srv/detail
[2.880s] -- Installing: /home/aceti/sonar/Head_asv/install/custom_interfaces/include/custom_interfaces/custom_interfaces/srv/detail/head__functions.h
[2.880s] -- Installing: /home/aceti/sonar/Head_asv/install/custom_interfaces/include/custom_interfaces/custom_interfaces/srv/detail/head__struct.h
[2.880s] -- Installing: /home/aceti/sonar/Head_asv/install/custom_interfaces/include/custom_interfaces/custom_interfaces/srv/detail/head__functions.c
[2.880s] -- Installing: /home/aceti/sonar/Head_asv/install/custom_interfaces/include/custom_interfaces/custom_interfaces/srv/detail/head__type_support.h
[2.880s] -- Installing: /home/aceti/sonar/Head_asv/install/custom_interfaces/share/custom_interfaces/environment/library_path.sh
[2.880s] -- Installing: /home/aceti/sonar/Head_asv/install/custom_interfaces/share/custom_interfaces/environment/library_path.dsv
[2.880s] -- Installing: /home/aceti/sonar/Head_asv/install/custom_interfaces/lib/libcustom_interfaces__rosidl_generator_c.so
[2.881s] -- Set runtime path of "/home/aceti/sonar/Head_asv/install/custom_interfaces/lib/libcustom_interfaces__rosidl_generator_c.so" to ""
[2.881s] -- Up-to-date: /home/aceti/sonar/Head_asv/install/custom_interfaces/include/custom_interfaces/custom_interfaces
[2.881s] -- Up-to-date: /home/aceti/sonar/Head_asv/install/custom_interfaces/include/custom_interfaces/custom_interfaces/msg
[2.881s] -- Installing: /home/aceti/sonar/Head_asv/install/custom_interfaces/include/custom_interfaces/custom_interfaces/msg/rosidl_typesupport_fastrtps_c__visibility_control.h
[2.881s] -- Up-to-date: /home/aceti/sonar/Head_asv/install/custom_interfaces/include/custom_interfaces/custom_interfaces/srv
[2.881s] -- Up-to-date: /home/aceti/sonar/Head_asv/install/custom_interfaces/include/custom_interfaces/custom_interfaces/srv/detail
[2.881s] -- Installing: /home/aceti/sonar/Head_asv/install/custom_interfaces/include/custom_interfaces/custom_interfaces/srv/detail/head__rosidl_typesupport_fastrtps_c.h
[2.881s] -- Installing: /home/aceti/sonar/Head_asv/install/custom_interfaces/lib/libcustom_interfaces__rosidl_typesupport_fastrtps_c.so
[2.881s] -- Set runtime path of "/home/aceti/sonar/Head_asv/install/custom_interfaces/lib/libcustom_interfaces__rosidl_typesupport_fastrtps_c.so" to ""
[2.881s] -- Up-to-date: /home/aceti/sonar/Head_asv/install/custom_interfaces/include/custom_interfaces/custom_interfaces
[2.881s] -- Up-to-date: /home/aceti/sonar/Head_asv/install/custom_interfaces/include/custom_interfaces/custom_interfaces/msg
[2.881s] -- Installing: /home/aceti/sonar/Head_asv/install/custom_interfaces/include/custom_interfaces/custom_interfaces/msg/rosidl_typesupport_introspection_c__visibility_control.h
[2.881s] -- Up-to-date: /home/aceti/sonar/Head_asv/install/custom_interfaces/include/custom_interfaces/custom_interfaces/srv
[2.882s] -- Up-to-date: /home/aceti/sonar/Head_asv/install/custom_interfaces/include/custom_interfaces/custom_interfaces/srv/detail
[2.882s] -- Installing: /home/aceti/sonar/Head_asv/install/custom_interfaces/include/custom_interfaces/custom_interfaces/srv/detail/head__rosidl_typesupport_introspection_c.h
[2.882s] -- Installing: /home/aceti/sonar/Head_asv/install/custom_interfaces/include/custom_interfaces/custom_interfaces/srv/detail/head__type_support.c
[2.882s] -- Installing: /home/aceti/sonar/Head_asv/install/custom_interfaces/lib/libcustom_interfaces__rosidl_typesupport_introspection_c.so
[2.882s] -- Set runtime path of "/home/aceti/sonar/Head_asv/install/custom_interfaces/lib/libcustom_interfaces__rosidl_typesupport_introspection_c.so" to ""
[2.882s] -- Installing: /home/aceti/sonar/Head_asv/install/custom_interfaces/lib/libcustom_interfaces__rosidl_typesupport_c.so
[2.882s] -- Set runtime path of "/home/aceti/sonar/Head_asv/install/custom_interfaces/lib/libcustom_interfaces__rosidl_typesupport_c.so" to ""
[2.882s] -- Up-to-date: /home/aceti/sonar/Head_asv/install/custom_interfaces/include/custom_interfaces/custom_interfaces
[2.882s] -- Up-to-date: /home/aceti/sonar/Head_asv/install/custom_interfaces/include/custom_interfaces/custom_interfaces/srv
[2.882s] -- Installing: /home/aceti/sonar/Head_asv/install/custom_interfaces/include/custom_interfaces/custom_interfaces/srv/head.hpp
[2.882s] -- Up-to-date: /home/aceti/sonar/Head_asv/install/custom_interfaces/include/custom_interfaces/custom_interfaces/srv/detail
[2.882s] -- Installing: /home/aceti/sonar/Head_asv/install/custom_interfaces/include/custom_interfaces/custom_interfaces/srv/detail/head__builder.hpp
[2.883s] -- Installing: /home/aceti/sonar/Head_asv/install/custom_interfaces/include/custom_interfaces/custom_interfaces/srv/detail/head__traits.hpp
[2.883s] -- Installing: /home/aceti/sonar/Head_asv/install/custom_interfaces/include/custom_interfaces/custom_interfaces/srv/detail/head__struct.hpp
[2.883s] -- Up-to-date: /home/aceti/sonar/Head_asv/install/custom_interfaces/include/custom_interfaces/custom_interfaces
[2.883s] -- Up-to-date: /home/aceti/sonar/Head_asv/install/custom_interfaces/include/custom_interfaces/custom_interfaces/msg
[2.883s] -- Installing: /home/aceti/sonar/Head_asv/install/custom_interfaces/include/custom_interfaces/custom_interfaces/msg/rosidl_typesupport_fastrtps_cpp__visibility_control.h
[2.883s] -- Up-to-date: /home/aceti/sonar/Head_asv/install/custom_interfaces/include/custom_interfaces/custom_interfaces/srv
[2.883s] -- Up-to-date: /home/aceti/sonar/Head_asv/install/custom_interfaces/include/custom_interfaces/custom_interfaces/srv/detail
[2.883s] -- Installing: /home/aceti/sonar/Head_asv/install/custom_interfaces/include/custom_interfaces/custom_interfaces/srv/detail/head__rosidl_typesupport_fastrtps_cpp.hpp
[2.883s] -- Installing: /home/aceti/sonar/Head_asv/install/custom_interfaces/include/custom_interfaces/custom_interfaces/srv/detail/dds_fastrtps
[2.883s] -- Installing: /home/aceti/sonar/Head_asv/install/custom_interfaces/lib/libcustom_interfaces__rosidl_typesupport_fastrtps_cpp.so
[2.883s] -- Set runtime path of "/home/aceti/sonar/Head_asv/install/custom_interfaces/lib/libcustom_interfaces__rosidl_typesupport_fastrtps_cpp.so" to ""
[2.883s] -- Up-to-date: /home/aceti/sonar/Head_asv/install/custom_interfaces/include/custom_interfaces/custom_interfaces
[2.883s] -- Up-to-date: /home/aceti/sonar/Head_asv/install/custom_interfaces/include/custom_interfaces/custom_interfaces/srv
[2.883s] -- Up-to-date: /home/aceti/sonar/Head_asv/install/custom_interfaces/include/custom_interfaces/custom_interfaces/srv/detail
[2.883s] -- Installing: /home/aceti/sonar/Head_asv/install/custom_interfaces/include/custom_interfaces/custom_interfaces/srv/detail/head__type_support.cpp
[2.883s] -- Installing: /home/aceti/sonar/Head_asv/install/custom_interfaces/include/custom_interfaces/custom_interfaces/srv/detail/head__rosidl_typesupport_introspection_cpp.hpp
[2.883s] -- Installing: /home/aceti/sonar/Head_asv/install/custom_interfaces/lib/libcustom_interfaces__rosidl_typesupport_introspection_cpp.so
[2.883s] -- Set runtime path of "/home/aceti/sonar/Head_asv/install/custom_interfaces/lib/libcustom_interfaces__rosidl_typesupport_introspection_cpp.so" to ""
[2.884s] -- Installing: /home/aceti/sonar/Head_asv/install/custom_interfaces/lib/libcustom_interfaces__rosidl_typesupport_cpp.so
[2.884s] -- Set runtime path of "/home/aceti/sonar/Head_asv/install/custom_interfaces/lib/libcustom_interfaces__rosidl_typesupport_cpp.so" to ""
[2.884s] -- Installing: /home/aceti/sonar/Head_asv/install/custom_interfaces/share/custom_interfaces/environment/pythonpath.sh
[2.884s] -- Installing: /home/aceti/sonar/Head_asv/install/custom_interfaces/share/custom_interfaces/environment/pythonpath.dsv
[2.884s] -- Installing: /home/aceti/sonar/Head_asv/install/custom_interfaces/local/lib/python3.10/dist-packages/custom_interfaces-0.0.0-py3.10.egg-info
[2.884s] -- Installing: /home/aceti/sonar/Head_asv/install/custom_interfaces/local/lib/python3.10/dist-packages/custom_interfaces-0.0.0-py3.10.egg-info/SOURCES.txt
[2.884s] -- Installing: /home/aceti/sonar/Head_asv/install/custom_interfaces/local/lib/python3.10/dist-packages/custom_interfaces-0.0.0-py3.10.egg-info/dependency_links.txt
[2.884s] -- Installing: /home/aceti/sonar/Head_asv/install/custom_interfaces/local/lib/python3.10/dist-packages/custom_interfaces-0.0.0-py3.10.egg-info/top_level.txt
[2.884s] -- Installing: /home/aceti/sonar/Head_asv/install/custom_interfaces/local/lib/python3.10/dist-packages/custom_interfaces-0.0.0-py3.10.egg-info/PKG-INFO
[2.884s] -- Installing: /home/aceti/sonar/Head_asv/install/custom_interfaces/local/lib/python3.10/dist-packages/custom_interfaces
[2.884s] -- Installing: /home/aceti/sonar/Head_asv/install/custom_interfaces/local/lib/python3.10/dist-packages/custom_interfaces/_custom_interfaces_s.ep.rosidl_typesupport_c.c
[2.884s] -- Installing: /home/aceti/sonar/Head_asv/install/custom_interfaces/local/lib/python3.10/dist-packages/custom_interfaces/_custom_interfaces_s.ep.rosidl_typesupport_fastrtps_c.c
[2.884s] -- Installing: /home/aceti/sonar/Head_asv/install/custom_interfaces/local/lib/python3.10/dist-packages/custom_interfaces/__init__.py
[2.884s] -- Installing: /home/aceti/sonar/Head_asv/install/custom_interfaces/local/lib/python3.10/dist-packages/custom_interfaces/custom_interfaces_s__rosidl_typesupport_introspection_c.cpython-310-x86_64-linux-gnu.so
[2.885s] -- Installing: /home/aceti/sonar/Head_asv/install/custom_interfaces/local/lib/python3.10/dist-packages/custom_interfaces/custom_interfaces_s__rosidl_typesupport_c.cpython-310-x86_64-linux-gnu.so
[2.885s] -- Installing: /home/aceti/sonar/Head_asv/install/custom_interfaces/local/lib/python3.10/dist-packages/custom_interfaces/custom_interfaces_s__rosidl_typesupport_fastrtps_c.cpython-310-x86_64-linux-gnu.so
[2.885s] -- Installing: /home/aceti/sonar/Head_asv/install/custom_interfaces/local/lib/python3.10/dist-packages/custom_interfaces/libcustom_interfaces__rosidl_generator_py.so
[2.885s] -- Installing: /home/aceti/sonar/Head_asv/install/custom_interfaces/local/lib/python3.10/dist-packages/custom_interfaces/srv
[2.885s] -- Installing: /home/aceti/sonar/Head_asv/install/custom_interfaces/local/lib/python3.10/dist-packages/custom_interfaces/srv/__init__.py
[2.885s] -- Installing: /home/aceti/sonar/Head_asv/install/custom_interfaces/local/lib/python3.10/dist-packages/custom_interfaces/srv/_head.py
[2.885s] -- Installing: /home/aceti/sonar/Head_asv/install/custom_interfaces/local/lib/python3.10/dist-packages/custom_interfaces/srv/_head_s.c
[2.885s] -- Installing: /home/aceti/sonar/Head_asv/install/custom_interfaces/local/lib/python3.10/dist-packages/custom_interfaces/_custom_interfaces_s.ep.rosidl_typesupport_introspection_c.c
[2.911s] Listing '/home/aceti/sonar/Head_asv/install/custom_interfaces/local/lib/python3.10/dist-packages/custom_interfaces'...
[2.911s] Compiling '/home/aceti/sonar/Head_asv/install/custom_interfaces/local/lib/python3.10/dist-packages/custom_interfaces/__init__.py'...
[2.911s] Listing '/home/aceti/sonar/Head_asv/install/custom_interfaces/local/lib/python3.10/dist-packages/custom_interfaces/srv'...
[2.912s] Compiling '/home/aceti/sonar/Head_asv/install/custom_interfaces/local/lib/python3.10/dist-packages/custom_interfaces/srv/__init__.py'...
[2.912s] Compiling '/home/aceti/sonar/Head_asv/install/custom_interfaces/local/lib/python3.10/dist-packages/custom_interfaces/srv/_head.py'...
[2.915s] -- Installing: /home/aceti/sonar/Head_asv/install/custom_interfaces/local/lib/python3.10/dist-packages/custom_interfaces/custom_interfaces_s__rosidl_typesupport_fastrtps_c.cpython-310-x86_64-linux-gnu.so
[2.915s] -- Set runtime path of "/home/aceti/sonar/Head_asv/install/custom_interfaces/local/lib/python3.10/dist-packages/custom_interfaces/custom_interfaces_s__rosidl_typesupport_fastrtps_c.cpython-310-x86_64-linux-gnu.so" to ""
[2.916s] -- Installing: /home/aceti/sonar/Head_asv/install/custom_interfaces/local/lib/python3.10/dist-packages/custom_interfaces/custom_interfaces_s__rosidl_typesupport_introspection_c.cpython-310-x86_64-linux-gnu.so
[2.916s] -- Set runtime path of "/home/aceti/sonar/Head_asv/install/custom_interfaces/local/lib/python3.10/dist-packages/custom_interfaces/custom_interfaces_s__rosidl_typesupport_introspection_c.cpython-310-x86_64-linux-gnu.so" to ""
[2.916s] -- Installing: /home/aceti/sonar/Head_asv/install/custom_interfaces/local/lib/python3.10/dist-packages/custom_interfaces/custom_interfaces_s__rosidl_typesupport_c.cpython-310-x86_64-linux-gnu.so
[2.916s] -- Set runtime path of "/home/aceti/sonar/Head_asv/install/custom_interfaces/local/lib/python3.10/dist-packages/custom_interfaces/custom_interfaces_s__rosidl_typesupport_c.cpython-310-x86_64-linux-gnu.so" to ""
[2.916s] -- Installing: /home/aceti/sonar/Head_asv/install/custom_interfaces/lib/libcustom_interfaces__rosidl_generator_py.so
[2.916s] -- Set runtime path of "/home/aceti/sonar/Head_asv/install/custom_interfaces/lib/libcustom_interfaces__rosidl_generator_py.so" to ""
[2.916s] -- Installing: /home/aceti/sonar/Head_asv/install/custom_interfaces/share/custom_interfaces/srv/Head.idl
[2.916s] -- Installing: /home/aceti/sonar/Head_asv/install/custom_interfaces/share/custom_interfaces/srv/Head.srv
[2.916s] -- Installing: /home/aceti/sonar/Head_asv/install/custom_interfaces/share/custom_interfaces/srv/Head_Request.msg
[2.916s] -- Installing: /home/aceti/sonar/Head_asv/install/custom_interfaces/share/custom_interfaces/srv/Head_Response.msg
[2.917s] -- Installing: /home/aceti/sonar/Head_asv/install/custom_interfaces/share/ament_index/resource_index/package_run_dependencies/custom_interfaces
[2.917s] -- Installing: /home/aceti/sonar/Head_asv/install/custom_interfaces/share/ament_index/resource_index/parent_prefix_path/custom_interfaces
[2.917s] -- Installing: /home/aceti/sonar/Head_asv/install/custom_interfaces/share/custom_interfaces/environment/ament_prefix_path.sh
[2.917s] -- Installing: /home/aceti/sonar/Head_asv/install/custom_interfaces/share/custom_interfaces/environment/ament_prefix_path.dsv
[2.917s] -- Installing: /home/aceti/sonar/Head_asv/install/custom_interfaces/share/custom_interfaces/environment/path.sh
[2.917s] -- Installing: /home/aceti/sonar/Head_asv/install/custom_interfaces/share/custom_interfaces/environment/path.dsv
[2.917s] -- Installing: /home/aceti/sonar/Head_asv/install/custom_interfaces/share/custom_interfaces/local_setup.bash
[2.917s] -- Installing: /home/aceti/sonar/Head_asv/install/custom_interfaces/share/custom_interfaces/local_setup.sh
[2.917s] -- Installing: /home/aceti/sonar/Head_asv/install/custom_interfaces/share/custom_interfaces/local_setup.zsh
[2.917s] -- Installing: /home/aceti/sonar/Head_asv/install/custom_interfaces/share/custom_interfaces/local_setup.dsv
[2.917s] -- Installing: /home/aceti/sonar/Head_asv/install/custom_interfaces/share/custom_interfaces/package.dsv
[2.918s] -- Installing: /home/aceti/sonar/Head_asv/install/custom_interfaces/share/ament_index/resource_index/packages/custom_interfaces
[2.918s] -- Installing: /home/aceti/sonar/Head_asv/install/custom_interfaces/share/custom_interfaces/cmake/export_custom_interfaces__rosidl_generator_cExport.cmake
[2.918s] -- Installing: /home/aceti/sonar/Head_asv/install/custom_interfaces/share/custom_interfaces/cmake/export_custom_interfaces__rosidl_generator_cExport-noconfig.cmake
[2.918s] -- Installing: /home/aceti/sonar/Head_asv/install/custom_interfaces/share/custom_interfaces/cmake/export_custom_interfaces__rosidl_typesupport_fastrtps_cExport.cmake
[2.918s] -- Installing: /home/aceti/sonar/Head_asv/install/custom_interfaces/share/custom_interfaces/cmake/export_custom_interfaces__rosidl_typesupport_fastrtps_cExport-noconfig.cmake
[2.918s] -- Installing: /home/aceti/sonar/Head_asv/install/custom_interfaces/share/custom_interfaces/cmake/custom_interfaces__rosidl_typesupport_introspection_cExport.cmake
[2.918s] -- Installing: /home/aceti/sonar/Head_asv/install/custom_interfaces/share/custom_interfaces/cmake/custom_interfaces__rosidl_typesupport_introspection_cExport-noconfig.cmake
[2.918s] -- Installing: /home/aceti/sonar/Head_asv/install/custom_interfaces/share/custom_interfaces/cmake/custom_interfaces__rosidl_typesupport_cExport.cmake
[2.918s] -- Installing: /home/aceti/sonar/Head_asv/install/custom_interfaces/share/custom_interfaces/cmake/custom_interfaces__rosidl_typesupport_cExport-noconfig.cmake
[2.918s] -- Installing: /home/aceti/sonar/Head_asv/install/custom_interfaces/share/custom_interfaces/cmake/export_custom_interfaces__rosidl_generator_cppExport.cmake
[2.919s] -- Installing: /home/aceti/sonar/Head_asv/install/custom_interfaces/share/custom_interfaces/cmake/export_custom_interfaces__rosidl_typesupport_fastrtps_cppExport.cmake
[2.919s] -- Installing: /home/aceti/sonar/Head_asv/install/custom_interfaces/share/custom_interfaces/cmake/export_custom_interfaces__rosidl_typesupport_fastrtps_cppExport-noconfig.cmake
[2.919s] -- Installing: /home/aceti/sonar/Head_asv/install/custom_interfaces/share/custom_interfaces/cmake/custom_interfaces__rosidl_typesupport_introspection_cppExport.cmake
[2.919s] -- Installing: /home/aceti/sonar/Head_asv/install/custom_interfaces/share/custom_interfaces/cmake/custom_interfaces__rosidl_typesupport_introspection_cppExport-noconfig.cmake
[2.919s] -- Installing: /home/aceti/sonar/Head_asv/install/custom_interfaces/share/custom_interfaces/cmake/custom_interfaces__rosidl_typesupport_cppExport.cmake
[2.919s] -- Installing: /home/aceti/sonar/Head_asv/install/custom_interfaces/share/custom_interfaces/cmake/custom_interfaces__rosidl_typesupport_cppExport-noconfig.cmake
[2.919s] -- Installing: /home/aceti/sonar/Head_asv/install/custom_interfaces/share/custom_interfaces/cmake/export_custom_interfaces__rosidl_generator_pyExport.cmake
[2.919s] -- Installing: /home/aceti/sonar/Head_asv/install/custom_interfaces/share/custom_interfaces/cmake/export_custom_interfaces__rosidl_generator_pyExport-noconfig.cmake
[2.919s] -- Installing: /home/aceti/sonar/Head_asv/install/custom_interfaces/share/custom_interfaces/cmake/rosidl_cmake-extras.cmake
[2.919s] -- Installing: /home/aceti/sonar/Head_asv/install/custom_interfaces/share/custom_interfaces/cmake/ament_cmake_export_include_directories-extras.cmake
[2.919s] -- Installing: /home/aceti/sonar/Head_asv/install/custom_interfaces/share/custom_interfaces/cmake/ament_cmake_export_libraries-extras.cmake
[2.919s] -- Installing: /home/aceti/sonar/Head_asv/install/custom_interfaces/share/custom_interfaces/cmake/ament_cmake_export_targets-extras.cmake
[2.919s] -- Installing: /home/aceti/sonar/Head_asv/install/custom_interfaces/share/custom_interfaces/cmake/rosidl_cmake_export_typesupport_targets-extras.cmake
[2.920s] -- Installing: /home/aceti/sonar/Head_asv/install/custom_interfaces/share/custom_interfaces/cmake/ament_cmake_export_dependencies-extras.cmake
[2.920s] -- Installing: /home/aceti/sonar/Head_asv/install/custom_interfaces/share/custom_interfaces/cmake/rosidl_cmake_export_typesupport_libraries-extras.cmake
[2.920s] -- Installing: /home/aceti/sonar/Head_asv/install/custom_interfaces/share/custom_interfaces/cmake/custom_interfacesConfig.cmake
[2.920s] -- Installing: /home/aceti/sonar/Head_asv/install/custom_interfaces/share/custom_interfaces/cmake/custom_interfacesConfig-version.cmake
[2.920s] -- Installing: /home/aceti/sonar/Head_asv/install/custom_interfaces/share/custom_interfaces/package.xml
[2.922s] Invoked command in '/home/aceti/sonar/Head_asv/build/custom_interfaces' returned '0': CMAKE_PREFIX_PATH=${CMAKE_PREFIX_PATH}:/home/aceti/sonar/Head_asv/install/add_integers:/home/aceti/head/Head_asv/install/add_integers:/home/aceti/head/Head_asv/install/head_controller:/opt/ros/humble /usr/bin/cmake --install /home/aceti/sonar/Head_asv/build/custom_interfaces
