[0.010s] Invoking command in '/home/aceti/ros2_ws/build/head_controller': CMAKE_PREFIX_PATH=${CMAKE_PREFIX_PATH}:/home/aceti/ros2_ws/install/my_robot_controller:/opt/ros/humble /usr/bin/cmake /home/aceti/ros2_ws/src/head_controller -DCMAKE_INSTALL_PREFIX=/home/aceti/ros2_ws/install/head_controller
[0.018s] -- Found ament_cmake: 1.3.3 (/opt/ros/humble/share/ament_cmake/cmake)
[0.123s] -- Found rosidl_default_generators: 1.2.0 (/opt/ros/humble/share/rosidl_default_generators/cmake)
[0.124s] -- Using all available rosidl_typesupport_c: rosidl_typesupport_fastrtps_c;rosidl_typesupport_introspection_c
[0.126s] -- Found rosidl_adapter: 3.1.4 (/opt/ros/humble/share/rosidl_adapter/cmake)
[0.149s] -- Using all available rosidl_typesupport_cpp: rosidl_typesupport_fastrtps_cpp;rosidl_typesupport_introspection_cpp
[0.261s] [31mCMake Error at /opt/ros/humble/share/rosidl_cmake/cmake/rosidl_generate_interfaces.cmake:213 (add_custom_target):
[0.261s]   The target name "$(PROJECT_NAME)" is reserved or not valid for certain
[0.261s]   CMake features, such as generator expressions, and may result in undefined
[0.261s]   behavior.
[0.261s] Call Stack (most recent call first):
[0.261s]   CMakeLists.txt:22 (rosidl_generate_interfaces)
[0.261s] 
[0.261s] [0m
[0.262s] -- Found ament_lint_auto: 0.12.5 (/opt/ros/humble/share/ament_lint_auto/cmake)
[0.317s] -- Added test 'lint_cmake' to check CMake code style
[0.318s] -- Added test 'xmllint' to check XML markup files
[0.319s] -- Configuring incomplete, errors occurred!
[0.319s] See also "/home/aceti/ros2_ws/build/head_controller/CMakeFiles/CMakeOutput.log".
[0.324s] Invoked command in '/home/aceti/ros2_ws/build/head_controller' returned '1': CMAKE_PREFIX_PATH=${CMAKE_PREFIX_PATH}:/home/aceti/ros2_ws/install/my_robot_controller:/opt/ros/humble /usr/bin/cmake /home/aceti/ros2_ws/src/head_controller -DCMAKE_INSTALL_PREFIX=/home/aceti/ros2_ws/install/head_controller
