[0.497s] Invoking command in '/home/aceti/ros2_ws/src/add_integers': PYTHONPATH=/home/aceti/ros2_ws/build/add_integers/prefix_override:/home/aceti/ros2_ws/install/add_integers/lib/python3.10/site-packages:${PYTHONPATH} /usr/bin/python3 setup.py egg_info --egg-base ../../build/add_integers build --build-base /home/aceti/ros2_ws/build/add_integers/build install --record /home/aceti/ros2_ws/build/add_integers/install.log --single-version-externally-managed
[0.689s] running egg_info
[0.690s] writing ../../build/add_integers/add_integers.egg-info/PKG-INFO
[0.690s] writing dependency_links to ../../build/add_integers/add_integers.egg-info/dependency_links.txt
[0.690s] writing entry points to ../../build/add_integers/add_integers.egg-info/entry_points.txt
[0.690s] writing requirements to ../../build/add_integers/add_integers.egg-info/requires.txt
[0.690s] writing top-level names to ../../build/add_integers/add_integers.egg-info/top_level.txt
[0.692s] reading manifest file '../../build/add_integers/add_integers.egg-info/SOURCES.txt'
[0.693s] writing manifest file '../../build/add_integers/add_integers.egg-info/SOURCES.txt'
[0.693s] running build
[0.693s] running build_py
[0.693s] copying add_integers/service_node.py -> /home/aceti/ros2_ws/build/add_integers/build/lib/add_integers
[0.693s] running install
[0.694s] running install_lib
[0.694s] copying /home/aceti/ros2_ws/build/add_integers/build/lib/add_integers/service_node.py -> /home/aceti/ros2_ws/install/add_integers/lib/python3.10/site-packages/add_integers
[0.695s] byte-compiling /home/aceti/ros2_ws/install/add_integers/lib/python3.10/site-packages/add_integers/service_node.py to service_node.cpython-310.pyc
[0.695s] running install_data
[0.696s] running install_egg_info
[0.697s] removing '/home/aceti/ros2_ws/install/add_integers/lib/python3.10/site-packages/add_integers-0.0.0-py3.10.egg-info' (and everything under it)
[0.697s] Copying ../../build/add_integers/add_integers.egg-info to /home/aceti/ros2_ws/install/add_integers/lib/python3.10/site-packages/add_integers-0.0.0-py3.10.egg-info
[0.698s] running install_scripts
[0.712s] Installing addition_client script to /home/aceti/ros2_ws/install/add_integers/lib/add_integers
[0.713s] Installing addition_service script to /home/aceti/ros2_ws/install/add_integers/lib/add_integers
[0.713s] writing list of installed files to '/home/aceti/ros2_ws/build/add_integers/install.log'
[0.733s] Invoked command in '/home/aceti/ros2_ws/src/add_integers' returned '0': PYTHONPATH=/home/aceti/ros2_ws/build/add_integers/prefix_override:/home/aceti/ros2_ws/install/add_integers/lib/python3.10/site-packages:${PYTHONPATH} /usr/bin/python3 setup.py egg_info --egg-base ../../build/add_integers build --build-base /home/aceti/ros2_ws/build/add_integers/build install --record /home/aceti/ros2_ws/build/add_integers/install.log --single-version-externally-managed
