[0.014s] Invoking command in '/home/aceti/head/Head_asv/build/head_controller': CMAKE_PREFIX_PATH=${CMAKE_PREFIX_PATH}:/home/aceti/head/Head_asv/install/add_integers:/home/aceti/sonar/install/sonar_controller:/opt/ros/humble /usr/bin/cmake --build /home/aceti/head/Head_asv/build/head_controller -- -j8 -l8
[0.047s] [ 12%] Built target head_controller__cpp
[0.047s] [ 12%] Built target head_controller__rosidl_generator_c
[0.067s] [ 12%] Built target ament_cmake_python_copy_head_controller
[0.099s] [ 22%] Built target head_controller__rosidl_typesupport_introspection_cpp
[0.100s] [ 32%] Built target head_controller__rosidl_typesupport_fastrtps_c
[0.111s] [ 54%] Built target head_controller__rosidl_typesupport_fastrtps_cpp
[0.113s] [ 54%] Built target head_controller__rosidl_typesupport_c
[0.113s] [ 61%] Built target head_controller__rosidl_typesupport_introspection_c
[0.114s] [ 70%] Built target head_controller__rosidl_typesupport_cpp
[0.129s] [ 70%] Built target head_controller
[0.144s] [ 74%] Built target head_controller__py
[0.159s] [ 80%] Built target head_controller__rosidl_generator_py
[0.175s] [100%] Built target head_controller__rosidl_typesupport_c__pyext
[0.175s] [100%] Built target head_controller__rosidl_typesupport_introspection_c__pyext
[0.175s] [100%] Built target head_controller__rosidl_typesupport_fastrtps_c__pyext
[0.315s] running egg_info
[0.316s] writing head_controller.egg-info/PKG-INFO
[0.316s] writing dependency_links to head_controller.egg-info/dependency_links.txt
[0.316s] writing top-level names to head_controller.egg-info/top_level.txt
[0.318s] reading manifest file 'head_controller.egg-info/SOURCES.txt'
[0.319s] writing manifest file 'head_controller.egg-info/SOURCES.txt'
[0.345s] [100%] Built target ament_cmake_python_build_head_controller_egg
[0.353s] Invoked command in '/home/aceti/head/Head_asv/build/head_controller' returned '0': CMAKE_PREFIX_PATH=${CMAKE_PREFIX_PATH}:/home/aceti/head/Head_asv/install/add_integers:/home/aceti/sonar/install/sonar_controller:/opt/ros/humble /usr/bin/cmake --build /home/aceti/head/Head_asv/build/head_controller -- -j8 -l8
[0.404s] Invoking command in '/home/aceti/head/Head_asv/build/head_controller': CMAKE_PREFIX_PATH=${CMAKE_PREFIX_PATH}:/home/aceti/head/Head_asv/install/add_integers:/home/aceti/sonar/install/sonar_controller:/opt/ros/humble /usr/bin/cmake --install /home/aceti/head/Head_asv/build/head_controller
[0.411s] -- Install configuration: ""
[0.411s] -- Up-to-date: /home/aceti/head/Head_asv/install/head_controller/share/ament_index/resource_index/rosidl_interfaces/head_controller
[0.411s] -- Up-to-date: /home/aceti/head/Head_asv/install/head_controller/include/head_controller/head_controller
[0.411s] -- Up-to-date: /home/aceti/head/Head_asv/install/head_controller/include/head_controller/head_controller/msg
[0.411s] -- Up-to-date: /home/aceti/head/Head_asv/install/head_controller/include/head_controller/head_controller/msg/rosidl_generator_c__visibility_control.h
[0.412s] -- Up-to-date: /home/aceti/head/Head_asv/install/head_controller/include/head_controller/head_controller/srv
[0.412s] -- Up-to-date: /home/aceti/head/Head_asv/install/head_controller/include/head_controller/head_controller/srv/head.h
[0.412s] -- Up-to-date: /home/aceti/head/Head_asv/install/head_controller/include/head_controller/head_controller/srv/detail
[0.412s] -- Up-to-date: /home/aceti/head/Head_asv/install/head_controller/include/head_controller/head_controller/srv/detail/head__functions.h
[0.412s] -- Up-to-date: /home/aceti/head/Head_asv/install/head_controller/include/head_controller/head_controller/srv/detail/head__struct.h
[0.412s] -- Up-to-date: /home/aceti/head/Head_asv/install/head_controller/include/head_controller/head_controller/srv/detail/head__functions.c
[0.413s] -- Up-to-date: /home/aceti/head/Head_asv/install/head_controller/include/head_controller/head_controller/srv/detail/head__type_support.h
[0.413s] -- Up-to-date: /home/aceti/head/Head_asv/install/head_controller/share/head_controller/environment/library_path.sh
[0.413s] -- Up-to-date: /home/aceti/head/Head_asv/install/head_controller/share/head_controller/environment/library_path.dsv
[0.413s] -- Up-to-date: /home/aceti/head/Head_asv/install/head_controller/lib/libhead_controller__rosidl_generator_c.so
[0.413s] -- Up-to-date: /home/aceti/head/Head_asv/install/head_controller/include/head_controller/head_controller
[0.414s] -- Up-to-date: /home/aceti/head/Head_asv/install/head_controller/include/head_controller/head_controller/msg
[0.414s] -- Up-to-date: /home/aceti/head/Head_asv/install/head_controller/include/head_controller/head_controller/msg/rosidl_typesupport_fastrtps_c__visibility_control.h
[0.414s] -- Up-to-date: /home/aceti/head/Head_asv/install/head_controller/include/head_controller/head_controller/srv
[0.414s] -- Up-to-date: /home/aceti/head/Head_asv/install/head_controller/include/head_controller/head_controller/srv/detail
[0.414s] -- Up-to-date: /home/aceti/head/Head_asv/install/head_controller/include/head_controller/head_controller/srv/detail/head__rosidl_typesupport_fastrtps_c.h
[0.414s] -- Up-to-date: /home/aceti/head/Head_asv/install/head_controller/lib/libhead_controller__rosidl_typesupport_fastrtps_c.so
[0.415s] -- Up-to-date: /home/aceti/head/Head_asv/install/head_controller/include/head_controller/head_controller
[0.415s] -- Up-to-date: /home/aceti/head/Head_asv/install/head_controller/include/head_controller/head_controller/msg
[0.415s] -- Up-to-date: /home/aceti/head/Head_asv/install/head_controller/include/head_controller/head_controller/msg/rosidl_typesupport_introspection_c__visibility_control.h
[0.415s] -- Up-to-date: /home/aceti/head/Head_asv/install/head_controller/include/head_controller/head_controller/srv
[0.415s] -- Up-to-date: /home/aceti/head/Head_asv/install/head_controller/include/head_controller/head_controller/srv/detail
[0.415s] -- Up-to-date: /home/aceti/head/Head_asv/install/head_controller/include/head_controller/head_controller/srv/detail/head__rosidl_typesupport_introspection_c.h
[0.415s] -- Up-to-date: /home/aceti/head/Head_asv/install/head_controller/include/head_controller/head_controller/srv/detail/head__type_support.c
[0.415s] -- Up-to-date: /home/aceti/head/Head_asv/install/head_controller/lib/libhead_controller__rosidl_typesupport_introspection_c.so
[0.416s] -- Up-to-date: /home/aceti/head/Head_asv/install/head_controller/lib/libhead_controller__rosidl_typesupport_c.so
[0.416s] -- Up-to-date: /home/aceti/head/Head_asv/install/head_controller/include/head_controller/head_controller
[0.416s] -- Up-to-date: /home/aceti/head/Head_asv/install/head_controller/include/head_controller/head_controller/srv
[0.416s] -- Up-to-date: /home/aceti/head/Head_asv/install/head_controller/include/head_controller/head_controller/srv/head.hpp
[0.416s] -- Up-to-date: /home/aceti/head/Head_asv/install/head_controller/include/head_controller/head_controller/srv/detail
[0.416s] -- Up-to-date: /home/aceti/head/Head_asv/install/head_controller/include/head_controller/head_controller/srv/detail/head__builder.hpp
[0.416s] -- Up-to-date: /home/aceti/head/Head_asv/install/head_controller/include/head_controller/head_controller/srv/detail/head__traits.hpp
[0.416s] -- Up-to-date: /home/aceti/head/Head_asv/install/head_controller/include/head_controller/head_controller/srv/detail/head__struct.hpp
[0.417s] -- Up-to-date: /home/aceti/head/Head_asv/install/head_controller/include/head_controller/head_controller
[0.417s] -- Up-to-date: /home/aceti/head/Head_asv/install/head_controller/include/head_controller/head_controller/msg
[0.417s] -- Up-to-date: /home/aceti/head/Head_asv/install/head_controller/include/head_controller/head_controller/msg/rosidl_typesupport_fastrtps_cpp__visibility_control.h
[0.417s] -- Up-to-date: /home/aceti/head/Head_asv/install/head_controller/include/head_controller/head_controller/srv
[0.417s] -- Up-to-date: /home/aceti/head/Head_asv/install/head_controller/include/head_controller/head_controller/srv/detail
[0.417s] -- Up-to-date: /home/aceti/head/Head_asv/install/head_controller/include/head_controller/head_controller/srv/detail/head__rosidl_typesupport_fastrtps_cpp.hpp
[0.417s] -- Up-to-date: /home/aceti/head/Head_asv/install/head_controller/include/head_controller/head_controller/srv/detail/dds_fastrtps
[0.417s] -- Up-to-date: /home/aceti/head/Head_asv/install/head_controller/lib/libhead_controller__rosidl_typesupport_fastrtps_cpp.so
[0.418s] -- Up-to-date: /home/aceti/head/Head_asv/install/head_controller/include/head_controller/head_controller
[0.418s] -- Up-to-date: /home/aceti/head/Head_asv/install/head_controller/include/head_controller/head_controller/srv
[0.418s] -- Up-to-date: /home/aceti/head/Head_asv/install/head_controller/include/head_controller/head_controller/srv/detail
[0.418s] -- Up-to-date: /home/aceti/head/Head_asv/install/head_controller/include/head_controller/head_controller/srv/detail/head__type_support.cpp
[0.418s] -- Up-to-date: /home/aceti/head/Head_asv/install/head_controller/include/head_controller/head_controller/srv/detail/head__rosidl_typesupport_introspection_cpp.hpp
[0.418s] -- Up-to-date: /home/aceti/head/Head_asv/install/head_controller/lib/libhead_controller__rosidl_typesupport_introspection_cpp.so
[0.418s] -- Up-to-date: /home/aceti/head/Head_asv/install/head_controller/lib/libhead_controller__rosidl_typesupport_cpp.so
[0.418s] -- Up-to-date: /home/aceti/head/Head_asv/install/head_controller/share/head_controller/environment/pythonpath.sh
[0.418s] -- Up-to-date: /home/aceti/head/Head_asv/install/head_controller/share/head_controller/environment/pythonpath.dsv
[0.418s] -- Up-to-date: /home/aceti/head/Head_asv/install/head_controller/local/lib/python3.10/dist-packages/head_controller-0.0.0-py3.10.egg-info
[0.418s] -- Installing: /home/aceti/head/Head_asv/install/head_controller/local/lib/python3.10/dist-packages/head_controller-0.0.0-py3.10.egg-info/SOURCES.txt
[0.418s] -- Installing: /home/aceti/head/Head_asv/install/head_controller/local/lib/python3.10/dist-packages/head_controller-0.0.0-py3.10.egg-info/dependency_links.txt
[0.418s] -- Installing: /home/aceti/head/Head_asv/install/head_controller/local/lib/python3.10/dist-packages/head_controller-0.0.0-py3.10.egg-info/top_level.txt
[0.418s] -- Installing: /home/aceti/head/Head_asv/install/head_controller/local/lib/python3.10/dist-packages/head_controller-0.0.0-py3.10.egg-info/PKG-INFO
[0.418s] -- Up-to-date: /home/aceti/head/Head_asv/install/head_controller/local/lib/python3.10/dist-packages/head_controller
[0.418s] -- Up-to-date: /home/aceti/head/Head_asv/install/head_controller/local/lib/python3.10/dist-packages/head_controller/head_controller_s__rosidl_typesupport_c.cpython-310-x86_64-linux-gnu.so
[0.418s] -- Up-to-date: /home/aceti/head/Head_asv/install/head_controller/local/lib/python3.10/dist-packages/head_controller/head_controller_s__rosidl_typesupport_introspection_c.cpython-310-x86_64-linux-gnu.so
[0.418s] -- Up-to-date: /home/aceti/head/Head_asv/install/head_controller/local/lib/python3.10/dist-packages/head_controller/_head_controller_s.ep.rosidl_typesupport_introspection_c.c
[0.418s] -- Up-to-date: /home/aceti/head/Head_asv/install/head_controller/local/lib/python3.10/dist-packages/head_controller/_head_controller_s.ep.rosidl_typesupport_c.c
[0.419s] -- Up-to-date: /home/aceti/head/Head_asv/install/head_controller/local/lib/python3.10/dist-packages/head_controller/__init__.py
[0.419s] -- Up-to-date: /home/aceti/head/Head_asv/install/head_controller/local/lib/python3.10/dist-packages/head_controller/head_controller_s__rosidl_typesupport_fastrtps_c.cpython-310-x86_64-linux-gnu.so
[0.419s] -- Up-to-date: /home/aceti/head/Head_asv/install/head_controller/local/lib/python3.10/dist-packages/head_controller/libhead_controller__rosidl_generator_py.so
[0.419s] -- Up-to-date: /home/aceti/head/Head_asv/install/head_controller/local/lib/python3.10/dist-packages/head_controller/_head_controller_s.ep.rosidl_typesupport_fastrtps_c.c
[0.419s] -- Up-to-date: /home/aceti/head/Head_asv/install/head_controller/local/lib/python3.10/dist-packages/head_controller/srv
[0.419s] -- Up-to-date: /home/aceti/head/Head_asv/install/head_controller/local/lib/python3.10/dist-packages/head_controller/srv/__init__.py
[0.419s] -- Up-to-date: /home/aceti/head/Head_asv/install/head_controller/local/lib/python3.10/dist-packages/head_controller/srv/_head.py
[0.419s] -- Up-to-date: /home/aceti/head/Head_asv/install/head_controller/local/lib/python3.10/dist-packages/head_controller/srv/_head_s.c
[0.442s] Listing '/home/aceti/head/Head_asv/install/head_controller/local/lib/python3.10/dist-packages/head_controller'...
[0.442s] Listing '/home/aceti/head/Head_asv/install/head_controller/local/lib/python3.10/dist-packages/head_controller/srv'...
[0.446s] -- Up-to-date: /home/aceti/head/Head_asv/install/head_controller/local/lib/python3.10/dist-packages/head_controller/head_controller_s__rosidl_typesupport_fastrtps_c.cpython-310-x86_64-linux-gnu.so
[0.446s] -- Up-to-date: /home/aceti/head/Head_asv/install/head_controller/local/lib/python3.10/dist-packages/head_controller/head_controller_s__rosidl_typesupport_introspection_c.cpython-310-x86_64-linux-gnu.so
[0.446s] -- Up-to-date: /home/aceti/head/Head_asv/install/head_controller/local/lib/python3.10/dist-packages/head_controller/head_controller_s__rosidl_typesupport_c.cpython-310-x86_64-linux-gnu.so
[0.446s] -- Up-to-date: /home/aceti/head/Head_asv/install/head_controller/lib/libhead_controller__rosidl_generator_py.so
[0.447s] -- Up-to-date: /home/aceti/head/Head_asv/install/head_controller/share/head_controller/srv/Head.idl
[0.447s] -- Up-to-date: /home/aceti/head/Head_asv/install/head_controller/share/head_controller/srv/Head.srv
[0.447s] -- Up-to-date: /home/aceti/head/Head_asv/install/head_controller/share/head_controller/srv/Head_Request.msg
[0.447s] -- Up-to-date: /home/aceti/head/Head_asv/install/head_controller/share/head_controller/srv/Head_Response.msg
[0.447s] -- Up-to-date: /home/aceti/head/Head_asv/install/head_controller/share/ament_index/resource_index/package_run_dependencies/head_controller
[0.447s] -- Up-to-date: /home/aceti/head/Head_asv/install/head_controller/share/ament_index/resource_index/parent_prefix_path/head_controller
[0.447s] -- Up-to-date: /home/aceti/head/Head_asv/install/head_controller/share/head_controller/environment/ament_prefix_path.sh
[0.447s] -- Up-to-date: /home/aceti/head/Head_asv/install/head_controller/share/head_controller/environment/ament_prefix_path.dsv
[0.447s] -- Up-to-date: /home/aceti/head/Head_asv/install/head_controller/share/head_controller/environment/path.sh
[0.448s] -- Up-to-date: /home/aceti/head/Head_asv/install/head_controller/share/head_controller/environment/path.dsv
[0.448s] -- Up-to-date: /home/aceti/head/Head_asv/install/head_controller/share/head_controller/local_setup.bash
[0.448s] -- Up-to-date: /home/aceti/head/Head_asv/install/head_controller/share/head_controller/local_setup.sh
[0.448s] -- Up-to-date: /home/aceti/head/Head_asv/install/head_controller/share/head_controller/local_setup.zsh
[0.448s] -- Up-to-date: /home/aceti/head/Head_asv/install/head_controller/share/head_controller/local_setup.dsv
[0.448s] -- Installing: /home/aceti/head/Head_asv/install/head_controller/share/head_controller/package.dsv
[0.448s] -- Up-to-date: /home/aceti/head/Head_asv/install/head_controller/share/ament_index/resource_index/packages/head_controller
[0.448s] -- Up-to-date: /home/aceti/head/Head_asv/install/head_controller/share/head_controller/cmake/export_head_controller__rosidl_generator_cExport.cmake
[0.448s] -- Up-to-date: /home/aceti/head/Head_asv/install/head_controller/share/head_controller/cmake/export_head_controller__rosidl_generator_cExport-noconfig.cmake
[0.449s] -- Up-to-date: /home/aceti/head/Head_asv/install/head_controller/share/head_controller/cmake/export_head_controller__rosidl_typesupport_fastrtps_cExport.cmake
[0.449s] -- Up-to-date: /home/aceti/head/Head_asv/install/head_controller/share/head_controller/cmake/export_head_controller__rosidl_typesupport_fastrtps_cExport-noconfig.cmake
[0.449s] -- Up-to-date: /home/aceti/head/Head_asv/install/head_controller/share/head_controller/cmake/head_controller__rosidl_typesupport_introspection_cExport.cmake
[0.449s] -- Up-to-date: /home/aceti/head/Head_asv/install/head_controller/share/head_controller/cmake/head_controller__rosidl_typesupport_introspection_cExport-noconfig.cmake
[0.449s] -- Up-to-date: /home/aceti/head/Head_asv/install/head_controller/share/head_controller/cmake/head_controller__rosidl_typesupport_cExport.cmake
[0.449s] -- Up-to-date: /home/aceti/head/Head_asv/install/head_controller/share/head_controller/cmake/head_controller__rosidl_typesupport_cExport-noconfig.cmake
[0.449s] -- Up-to-date: /home/aceti/head/Head_asv/install/head_controller/share/head_controller/cmake/export_head_controller__rosidl_generator_cppExport.cmake
[0.449s] -- Up-to-date: /home/aceti/head/Head_asv/install/head_controller/share/head_controller/cmake/export_head_controller__rosidl_typesupport_fastrtps_cppExport.cmake
[0.449s] -- Up-to-date: /home/aceti/head/Head_asv/install/head_controller/share/head_controller/cmake/export_head_controller__rosidl_typesupport_fastrtps_cppExport-noconfig.cmake
[0.449s] -- Up-to-date: /home/aceti/head/Head_asv/install/head_controller/share/head_controller/cmake/head_controller__rosidl_typesupport_introspection_cppExport.cmake
[0.450s] -- Up-to-date: /home/aceti/head/Head_asv/install/head_controller/share/head_controller/cmake/head_controller__rosidl_typesupport_introspection_cppExport-noconfig.cmake
[0.450s] -- Up-to-date: /home/aceti/head/Head_asv/install/head_controller/share/head_controller/cmake/head_controller__rosidl_typesupport_cppExport.cmake
[0.450s] -- Up-to-date: /home/aceti/head/Head_asv/install/head_controller/share/head_controller/cmake/head_controller__rosidl_typesupport_cppExport-noconfig.cmake
[0.450s] -- Up-to-date: /home/aceti/head/Head_asv/install/head_controller/share/head_controller/cmake/export_head_controller__rosidl_generator_pyExport.cmake
[0.450s] -- Up-to-date: /home/aceti/head/Head_asv/install/head_controller/share/head_controller/cmake/export_head_controller__rosidl_generator_pyExport-noconfig.cmake
[0.450s] -- Up-to-date: /home/aceti/head/Head_asv/install/head_controller/share/head_controller/cmake/rosidl_cmake-extras.cmake
[0.450s] -- Up-to-date: /home/aceti/head/Head_asv/install/head_controller/share/head_controller/cmake/ament_cmake_export_include_directories-extras.cmake
[0.450s] -- Up-to-date: /home/aceti/head/Head_asv/install/head_controller/share/head_controller/cmake/ament_cmake_export_libraries-extras.cmake
[0.450s] -- Up-to-date: /home/aceti/head/Head_asv/install/head_controller/share/head_controller/cmake/ament_cmake_export_targets-extras.cmake
[0.450s] -- Up-to-date: /home/aceti/head/Head_asv/install/head_controller/share/head_controller/cmake/rosidl_cmake_export_typesupport_targets-extras.cmake
[0.450s] -- Up-to-date: /home/aceti/head/Head_asv/install/head_controller/share/head_controller/cmake/ament_cmake_export_dependencies-extras.cmake
[0.451s] -- Up-to-date: /home/aceti/head/Head_asv/install/head_controller/share/head_controller/cmake/rosidl_cmake_export_typesupport_libraries-extras.cmake
[0.451s] -- Up-to-date: /home/aceti/head/Head_asv/install/head_controller/share/head_controller/cmake/head_controllerConfig.cmake
[0.451s] -- Up-to-date: /home/aceti/head/Head_asv/install/head_controller/share/head_controller/cmake/head_controllerConfig-version.cmake
[0.451s] -- Up-to-date: /home/aceti/head/Head_asv/install/head_controller/share/head_controller/package.xml
[0.452s] Invoked command in '/home/aceti/head/Head_asv/build/head_controller' returned '0': CMAKE_PREFIX_PATH=${CMAKE_PREFIX_PATH}:/home/aceti/head/Head_asv/install/add_integers:/home/aceti/sonar/install/sonar_controller:/opt/ros/humble /usr/bin/cmake --install /home/aceti/head/Head_asv/build/head_controller
