[0.640s] Invoking command in '/home/aceti/head/Head_asv/src/add_integers': PYTHONPATH=/home/aceti/head/Head_asv/build/add_integers/prefix_override:/home/aceti/head/Head_asv/install/add_integers/lib/python3.10/site-packages:${PYTHONPATH} /usr/bin/python3 setup.py egg_info --egg-base ../../build/add_integers build --build-base /home/aceti/head/Head_asv/build/add_integers/build install --record /home/aceti/head/Head_asv/build/add_integers/install.log --single-version-externally-managed
[0.894s] running egg_info
[0.894s] writing ../../build/add_integers/add_integers.egg-info/PKG-INFO
[0.894s] writing dependency_links to ../../build/add_integers/add_integers.egg-info/dependency_links.txt
[0.895s] writing entry points to ../../build/add_integers/add_integers.egg-info/entry_points.txt
[0.895s] writing requirements to ../../build/add_integers/add_integers.egg-info/requires.txt
[0.895s] writing top-level names to ../../build/add_integers/add_integers.egg-info/top_level.txt
[0.896s] reading manifest file '../../build/add_integers/add_integers.egg-info/SOURCES.txt'
[0.897s] writing manifest file '../../build/add_integers/add_integers.egg-info/SOURCES.txt'
[0.897s] running build
[0.897s] running build_py
[0.897s] running install
[0.898s] running install_lib
[0.899s] running install_data
[0.899s] running install_egg_info
[0.900s] removing '/home/aceti/head/Head_asv/install/add_integers/lib/python3.10/site-packages/add_integers-0.0.0-py3.10.egg-info' (and everything under it)
[0.901s] Copying ../../build/add_integers/add_integers.egg-info to /home/aceti/head/Head_asv/install/add_integers/lib/python3.10/site-packages/add_integers-0.0.0-py3.10.egg-info
[0.901s] running install_scripts
[0.919s] Installing move_client script to /home/aceti/head/Head_asv/install/add_integers/lib/add_integers
[0.919s] Installing move_service script to /home/aceti/head/Head_asv/install/add_integers/lib/add_integers
[0.919s] writing list of installed files to '/home/aceti/head/Head_asv/build/add_integers/install.log'
[0.942s] Invoked command in '/home/aceti/head/Head_asv/src/add_integers' returned '0': PYTHONPATH=/home/aceti/head/Head_asv/build/add_integers/prefix_override:/home/aceti/head/Head_asv/install/add_integers/lib/python3.10/site-packages:${PYTHONPATH} /usr/bin/python3 setup.py egg_info --egg-base ../../build/add_integers build --build-base /home/aceti/head/Head_asv/build/add_integers/build install --record /home/aceti/head/Head_asv/build/add_integers/install.log --single-version-externally-managed
