[0.012s] Invoking command in '/home/aceti/ros2_ws/build/head_controller': CMAKE_PREFIX_PATH=${CMAKE_PREFIX_PATH}:/home/aceti/ros2_ws/install/add_integers:/opt/ros/humble /usr/bin/cmake --build /home/aceti/ros2_ws/build/head_controller -- -j8 -l8
[0.028s] -- Found ament_cmake: 1.3.3 (/opt/ros/humble/share/ament_cmake/cmake)
[0.141s] -- Found rosidl_default_generators: 1.2.0 (/opt/ros/humble/share/rosidl_default_generators/cmake)
[0.142s] -- Using all available rosidl_typesupport_c: rosidl_typesupport_fastrtps_c;rosidl_typesupport_introspection_c
[0.144s] -- Found rosidl_adapter: 3.1.4 (/opt/ros/humble/share/rosidl_adapter/cmake)
[0.167s] -- Using all available rosidl_typesupport_cpp: rosidl_typesupport_fastrtps_cpp;rosidl_typesupport_introspection_cpp
[0.371s] -- Found ament_cmake_ros: 0.10.0 (/opt/ros/humble/share/ament_cmake_ros/cmake)
[0.509s] -- Using all available rosidl_typesupport_c: rosidl_typesupport_fastrtps_c;rosidl_typesupport_introspection_c
[0.695s] -- Using all available rosidl_typesupport_cpp: rosidl_typesupport_fastrtps_cpp;rosidl_typesupport_introspection_cpp
[0.712s] -- Found python_cmake_module: 0.10.0 (/opt/ros/humble/share/python_cmake_module/cmake)
[0.730s] -- Using PYTHON_EXECUTABLE: /usr/bin/python3
[0.730s] -- Using PYTHON_INCLUDE_DIRS: /usr/include/python3.10
[0.731s] -- Using PYTHON_LIBRARIES: /usr/lib/x86_64-linux-gnu/libpython3.10.so
[0.739s] -- Found ament_lint_auto: 0.12.5 (/opt/ros/humble/share/ament_lint_auto/cmake)
[0.745s] -- Added test 'lint_cmake' to check CMake code style
[0.746s] -- Added test 'xmllint' to check XML markup files
[0.747s] -- Configuring done
[0.766s] -- Generating done
[0.768s] -- Build files have been written to: /home/aceti/ros2_ws/build/head_controller
[0.785s] [  3%] [34m[1mGenerating C code for ROS interfaces[0m
[0.791s] [  6%] [34m[1mGenerating C++ code for ROS interfaces[0m
[0.798s] [  6%] Built target ament_cmake_python_copy_head_controller
[1.021s] running egg_info
[1.022s] writing head_controller.egg-info/PKG-INFO
[1.022s] writing dependency_links to head_controller.egg-info/dependency_links.txt
[1.022s] writing top-level names to head_controller.egg-info/top_level.txt
[1.026s] reading manifest file 'head_controller.egg-info/SOURCES.txt'
[1.026s] writing manifest file 'head_controller.egg-info/SOURCES.txt'
[1.029s] [35m[1mConsolidate compiler generated dependencies of target head_controller__rosidl_generator_c[0m
[1.031s] [  6%] Built target head_controller__cpp
[1.037s] [  9%] [32mBuilding C object CMakeFiles/head_controller__rosidl_generator_c.dir/rosidl_generator_c/head_controller/srv/detail/head__functions.c.o[0m
[1.038s] [ 12%] [34m[1mGenerating C++ type support dispatch for ROS interfaces[0m
[1.040s] [ 19%] [34m[1mGenerating C++ introspection for ROS interfaces[0m
[1.040s] [ 19%] [34m[1mGenerating C++ type support for eProsima Fast-RTPS[0m
[1.056s] [ 19%] Built target ament_cmake_python_build_head_controller_egg
[1.084s] [ 22%] [32m[1mLinking C shared library libhead_controller__rosidl_generator_c.so[0m
[1.111s] [ 22%] Built target head_controller__rosidl_generator_c
[1.118s] [ 29%] [34m[1mGenerating C type support for eProsima Fast-RTPS[0m
[1.118s] [ 29%] [34m[1mGenerating C type support dispatch for ROS interfaces[0m
[1.120s] [ 32%] [34m[1mGenerating C introspection for ROS interfaces[0m
[1.255s] [35m[1mConsolidate compiler generated dependencies of target head_controller__rosidl_typesupport_cpp[0m
[1.264s] [ 35%] [32mBuilding CXX object CMakeFiles/head_controller__rosidl_typesupport_cpp.dir/rosidl_typesupport_cpp/head_controller/srv/head__type_support.cpp.o[0m
[1.357s] [35m[1mConsolidate compiler generated dependencies of target head_controller__rosidl_typesupport_introspection_c[0m
[1.366s] [ 38%] [32mBuilding C object CMakeFiles/head_controller__rosidl_typesupport_introspection_c.dir/rosidl_typesupport_introspection_c/head_controller/srv/detail/head__type_support.c.o[0m
[1.393s] [ 41%] [32m[1mLinking C shared library libhead_controller__rosidl_typesupport_introspection_c.so[0m
[1.417s] [ 41%] Built target head_controller__rosidl_typesupport_introspection_c
[1.435s] [35m[1mConsolidate compiler generated dependencies of target head_controller__rosidl_typesupport_introspection_cpp[0m
[1.445s] [ 45%] [32mBuilding CXX object CMakeFiles/head_controller__rosidl_typesupport_introspection_cpp.dir/rosidl_typesupport_introspection_cpp/head_controller/srv/detail/head__type_support.cpp.o[0m
[1.453s] [35m[1mConsolidate compiler generated dependencies of target head_controller__rosidl_typesupport_fastrtps_cpp[0m
[1.465s] [ 48%] [32mBuilding CXX object CMakeFiles/head_controller__rosidl_typesupport_fastrtps_cpp.dir/rosidl_typesupport_fastrtps_cpp/head_controller/srv/detail/dds_fastrtps/head__type_support.cpp.o[0m
[1.476s] [35m[1mConsolidate compiler generated dependencies of target head_controller__rosidl_typesupport_c[0m
[1.488s] [ 51%] [32mBuilding CXX object CMakeFiles/head_controller__rosidl_typesupport_c.dir/rosidl_typesupport_c/head_controller/srv/head__type_support.cpp.o[0m
[1.502s] [ 54%] [32m[1mLinking CXX shared library libhead_controller__rosidl_typesupport_cpp.so[0m
[1.511s] [35m[1mConsolidate compiler generated dependencies of target head_controller__rosidl_typesupport_fastrtps_c[0m
[1.513s] [ 58%] [32m[1mLinking CXX shared library libhead_controller__rosidl_typesupport_c.so[0m
[1.525s] [ 61%] [32mBuilding CXX object CMakeFiles/head_controller__rosidl_typesupport_fastrtps_c.dir/rosidl_typesupport_fastrtps_c/head_controller/srv/detail/head__type_support_c.cpp.o[0m
[1.535s] [ 61%] Built target head_controller__rosidl_typesupport_cpp
[1.545s] [ 61%] Built target head_controller__rosidl_typesupport_c
[1.760s] [ 64%] [32m[1mLinking CXX shared library libhead_controller__rosidl_typesupport_introspection_cpp.so[0m
[1.807s] [ 67%] [32m[1mLinking CXX shared library libhead_controller__rosidl_typesupport_fastrtps_cpp.so[0m
[1.808s] [ 70%] [32m[1mLinking CXX shared library libhead_controller__rosidl_typesupport_fastrtps_c.so[0m
[1.809s] [ 70%] Built target head_controller__rosidl_typesupport_introspection_cpp
[1.877s] [ 70%] Built target head_controller__rosidl_typesupport_fastrtps_c
[1.878s] [ 70%] Built target head_controller__rosidl_typesupport_fastrtps_cpp
[1.891s] [ 70%] Built target head_controller
[1.904s] [ 74%] [34m[1mGenerating Python code for ROS interfaces[0m
[2.200s] [ 74%] Built target head_controller__py
[2.207s] [35m[1mConsolidate compiler generated dependencies of target head_controller__rosidl_generator_py[0m
[2.216s] [ 77%] [32mBuilding C object CMakeFiles/head_controller__rosidl_generator_py.dir/rosidl_generator_py/head_controller/srv/_head_s.c.o[0m
[2.293s] [ 80%] [32m[1mLinking C shared library rosidl_generator_py/head_controller/libhead_controller__rosidl_generator_py.so[0m
[2.320s] [ 80%] Built target head_controller__rosidl_generator_py
[2.326s] [35m[1mConsolidate compiler generated dependencies of target head_controller__rosidl_typesupport_introspection_c__pyext[0m
[2.327s] [35m[1mConsolidate compiler generated dependencies of target head_controller__rosidl_typesupport_fastrtps_c__pyext[0m
[2.327s] [35m[1mConsolidate compiler generated dependencies of target head_controller__rosidl_typesupport_c__pyext[0m
[2.336s] [ 90%] [32mBuilding C object CMakeFiles/head_controller__rosidl_typesupport_fastrtps_c__pyext.dir/rosidl_generator_py/head_controller/_head_controller_s.ep.rosidl_typesupport_fastrtps_c.c.o[0m
[2.336s] [ 90%] [32mBuilding C object CMakeFiles/head_controller__rosidl_typesupport_c__pyext.dir/rosidl_generator_py/head_controller/_head_controller_s.ep.rosidl_typesupport_c.c.o[0m
[2.336s] [ 90%] [32mBuilding C object CMakeFiles/head_controller__rosidl_typesupport_introspection_c__pyext.dir/rosidl_generator_py/head_controller/_head_controller_s.ep.rosidl_typesupport_introspection_c.c.o[0m
[2.408s] [ 96%] [32m[1mLinking C shared library rosidl_generator_py/head_controller/head_controller_s__rosidl_typesupport_introspection_c.cpython-310-x86_64-linux-gnu.so[0m
[2.408s] [ 96%] [32m[1mLinking C shared library rosidl_generator_py/head_controller/head_controller_s__rosidl_typesupport_c.cpython-310-x86_64-linux-gnu.so[0m
[2.409s] [100%] [32m[1mLinking C shared library rosidl_generator_py/head_controller/head_controller_s__rosidl_typesupport_fastrtps_c.cpython-310-x86_64-linux-gnu.so[0m
[2.431s] [100%] Built target head_controller__rosidl_typesupport_c__pyext
[2.431s] [100%] Built target head_controller__rosidl_typesupport_introspection_c__pyext
[2.431s] [100%] Built target head_controller__rosidl_typesupport_fastrtps_c__pyext
[2.440s] Invoked command in '/home/aceti/ros2_ws/build/head_controller' returned '0': CMAKE_PREFIX_PATH=${CMAKE_PREFIX_PATH}:/home/aceti/ros2_ws/install/add_integers:/opt/ros/humble /usr/bin/cmake --build /home/aceti/ros2_ws/build/head_controller -- -j8 -l8
[2.482s] Invoking command in '/home/aceti/ros2_ws/build/head_controller': CMAKE_PREFIX_PATH=${CMAKE_PREFIX_PATH}:/home/aceti/ros2_ws/install/add_integers:/opt/ros/humble /usr/bin/cmake --install /home/aceti/ros2_ws/build/head_controller
[2.487s] -- Install configuration: ""
[2.487s] -- Up-to-date: /home/aceti/ros2_ws/install/head_controller/share/ament_index/resource_index/rosidl_interfaces/head_controller
[2.487s] -- Up-to-date: /home/aceti/ros2_ws/install/head_controller/include/head_controller/head_controller
[2.487s] -- Up-to-date: /home/aceti/ros2_ws/install/head_controller/include/head_controller/head_controller/msg
[2.487s] -- Up-to-date: /home/aceti/ros2_ws/install/head_controller/include/head_controller/head_controller/msg/rosidl_generator_c__visibility_control.h
[2.487s] -- Up-to-date: /home/aceti/ros2_ws/install/head_controller/include/head_controller/head_controller/srv
[2.487s] -- Installing: /home/aceti/ros2_ws/install/head_controller/include/head_controller/head_controller/srv/head.h
[2.487s] -- Up-to-date: /home/aceti/ros2_ws/install/head_controller/include/head_controller/head_controller/srv/detail
[2.487s] -- Installing: /home/aceti/ros2_ws/install/head_controller/include/head_controller/head_controller/srv/detail/head__functions.h
[2.488s] -- Installing: /home/aceti/ros2_ws/install/head_controller/include/head_controller/head_controller/srv/detail/head__struct.h
[2.488s] -- Installing: /home/aceti/ros2_ws/install/head_controller/include/head_controller/head_controller/srv/detail/head__functions.c
[2.488s] -- Installing: /home/aceti/ros2_ws/install/head_controller/include/head_controller/head_controller/srv/detail/head__type_support.h
[2.488s] -- Up-to-date: /home/aceti/ros2_ws/install/head_controller/share/head_controller/environment/library_path.sh
[2.488s] -- Installing: /home/aceti/ros2_ws/install/head_controller/share/head_controller/environment/library_path.dsv
[2.488s] -- Installing: /home/aceti/ros2_ws/install/head_controller/lib/libhead_controller__rosidl_generator_c.so
[2.488s] -- Set runtime path of "/home/aceti/ros2_ws/install/head_controller/lib/libhead_controller__rosidl_generator_c.so" to ""
[2.488s] -- Up-to-date: /home/aceti/ros2_ws/install/head_controller/include/head_controller/head_controller
[2.488s] -- Up-to-date: /home/aceti/ros2_ws/install/head_controller/include/head_controller/head_controller/msg
[2.488s] -- Up-to-date: /home/aceti/ros2_ws/install/head_controller/include/head_controller/head_controller/msg/rosidl_typesupport_fastrtps_c__visibility_control.h
[2.488s] -- Up-to-date: /home/aceti/ros2_ws/install/head_controller/include/head_controller/head_controller/srv
[2.488s] -- Up-to-date: /home/aceti/ros2_ws/install/head_controller/include/head_controller/head_controller/srv/detail
[2.488s] -- Installing: /home/aceti/ros2_ws/install/head_controller/include/head_controller/head_controller/srv/detail/head__rosidl_typesupport_fastrtps_c.h
[2.488s] -- Installing: /home/aceti/ros2_ws/install/head_controller/lib/libhead_controller__rosidl_typesupport_fastrtps_c.so
[2.488s] -- Set runtime path of "/home/aceti/ros2_ws/install/head_controller/lib/libhead_controller__rosidl_typesupport_fastrtps_c.so" to ""
[2.489s] -- Up-to-date: /home/aceti/ros2_ws/install/head_controller/include/head_controller/head_controller
[2.489s] -- Up-to-date: /home/aceti/ros2_ws/install/head_controller/include/head_controller/head_controller/msg
[2.489s] -- Up-to-date: /home/aceti/ros2_ws/install/head_controller/include/head_controller/head_controller/msg/rosidl_typesupport_introspection_c__visibility_control.h
[2.489s] -- Up-to-date: /home/aceti/ros2_ws/install/head_controller/include/head_controller/head_controller/srv
[2.489s] -- Up-to-date: /home/aceti/ros2_ws/install/head_controller/include/head_controller/head_controller/srv/detail
[2.489s] -- Installing: /home/aceti/ros2_ws/install/head_controller/include/head_controller/head_controller/srv/detail/head__rosidl_typesupport_introspection_c.h
[2.489s] -- Installing: /home/aceti/ros2_ws/install/head_controller/include/head_controller/head_controller/srv/detail/head__type_support.c
[2.489s] -- Installing: /home/aceti/ros2_ws/install/head_controller/lib/libhead_controller__rosidl_typesupport_introspection_c.so
[2.489s] -- Set runtime path of "/home/aceti/ros2_ws/install/head_controller/lib/libhead_controller__rosidl_typesupport_introspection_c.so" to ""
[2.489s] -- Installing: /home/aceti/ros2_ws/install/head_controller/lib/libhead_controller__rosidl_typesupport_c.so
[2.489s] -- Set runtime path of "/home/aceti/ros2_ws/install/head_controller/lib/libhead_controller__rosidl_typesupport_c.so" to ""
[2.490s] -- Up-to-date: /home/aceti/ros2_ws/install/head_controller/include/head_controller/head_controller
[2.490s] -- Up-to-date: /home/aceti/ros2_ws/install/head_controller/include/head_controller/head_controller/srv
[2.490s] -- Installing: /home/aceti/ros2_ws/install/head_controller/include/head_controller/head_controller/srv/head.hpp
[2.490s] -- Up-to-date: /home/aceti/ros2_ws/install/head_controller/include/head_controller/head_controller/srv/detail
[2.490s] -- Installing: /home/aceti/ros2_ws/install/head_controller/include/head_controller/head_controller/srv/detail/head__builder.hpp
[2.490s] -- Installing: /home/aceti/ros2_ws/install/head_controller/include/head_controller/head_controller/srv/detail/head__traits.hpp
[2.490s] -- Installing: /home/aceti/ros2_ws/install/head_controller/include/head_controller/head_controller/srv/detail/head__struct.hpp
[2.490s] -- Up-to-date: /home/aceti/ros2_ws/install/head_controller/include/head_controller/head_controller
[2.490s] -- Up-to-date: /home/aceti/ros2_ws/install/head_controller/include/head_controller/head_controller/msg
[2.490s] -- Up-to-date: /home/aceti/ros2_ws/install/head_controller/include/head_controller/head_controller/msg/rosidl_typesupport_fastrtps_cpp__visibility_control.h
[2.490s] -- Up-to-date: /home/aceti/ros2_ws/install/head_controller/include/head_controller/head_controller/srv
[2.490s] -- Up-to-date: /home/aceti/ros2_ws/install/head_controller/include/head_controller/head_controller/srv/detail
[2.490s] -- Installing: /home/aceti/ros2_ws/install/head_controller/include/head_controller/head_controller/srv/detail/head__rosidl_typesupport_fastrtps_cpp.hpp
[2.490s] -- Up-to-date: /home/aceti/ros2_ws/install/head_controller/include/head_controller/head_controller/srv/detail/dds_fastrtps
[2.490s] -- Installing: /home/aceti/ros2_ws/install/head_controller/lib/libhead_controller__rosidl_typesupport_fastrtps_cpp.so
[2.490s] -- Set runtime path of "/home/aceti/ros2_ws/install/head_controller/lib/libhead_controller__rosidl_typesupport_fastrtps_cpp.so" to ""
[2.490s] -- Up-to-date: /home/aceti/ros2_ws/install/head_controller/include/head_controller/head_controller
[2.491s] -- Up-to-date: /home/aceti/ros2_ws/install/head_controller/include/head_controller/head_controller/srv
[2.491s] -- Up-to-date: /home/aceti/ros2_ws/install/head_controller/include/head_controller/head_controller/srv/detail
[2.491s] -- Installing: /home/aceti/ros2_ws/install/head_controller/include/head_controller/head_controller/srv/detail/head__type_support.cpp
[2.491s] -- Installing: /home/aceti/ros2_ws/install/head_controller/include/head_controller/head_controller/srv/detail/head__rosidl_typesupport_introspection_cpp.hpp
[2.491s] -- Installing: /home/aceti/ros2_ws/install/head_controller/lib/libhead_controller__rosidl_typesupport_introspection_cpp.so
[2.491s] -- Set runtime path of "/home/aceti/ros2_ws/install/head_controller/lib/libhead_controller__rosidl_typesupport_introspection_cpp.so" to ""
[2.491s] -- Installing: /home/aceti/ros2_ws/install/head_controller/lib/libhead_controller__rosidl_typesupport_cpp.so
[2.491s] -- Set runtime path of "/home/aceti/ros2_ws/install/head_controller/lib/libhead_controller__rosidl_typesupport_cpp.so" to ""
[2.491s] -- Up-to-date: /home/aceti/ros2_ws/install/head_controller/share/head_controller/environment/pythonpath.sh
[2.491s] -- Installing: /home/aceti/ros2_ws/install/head_controller/share/head_controller/environment/pythonpath.dsv
[2.491s] -- Up-to-date: /home/aceti/ros2_ws/install/head_controller/local/lib/python3.10/dist-packages/head_controller-0.0.0-py3.10.egg-info
[2.492s] -- Installing: /home/aceti/ros2_ws/install/head_controller/local/lib/python3.10/dist-packages/head_controller-0.0.0-py3.10.egg-info/SOURCES.txt
[2.492s] -- Installing: /home/aceti/ros2_ws/install/head_controller/local/lib/python3.10/dist-packages/head_controller-0.0.0-py3.10.egg-info/dependency_links.txt
[2.492s] -- Installing: /home/aceti/ros2_ws/install/head_controller/local/lib/python3.10/dist-packages/head_controller-0.0.0-py3.10.egg-info/top_level.txt
[2.492s] -- Installing: /home/aceti/ros2_ws/install/head_controller/local/lib/python3.10/dist-packages/head_controller-0.0.0-py3.10.egg-info/PKG-INFO
[2.492s] -- Up-to-date: /home/aceti/ros2_ws/install/head_controller/local/lib/python3.10/dist-packages/head_controller
[2.492s] -- Installing: /home/aceti/ros2_ws/install/head_controller/local/lib/python3.10/dist-packages/head_controller/head_controller_s__rosidl_typesupport_c.cpython-310-x86_64-linux-gnu.so
[2.492s] -- Installing: /home/aceti/ros2_ws/install/head_controller/local/lib/python3.10/dist-packages/head_controller/head_controller_s__rosidl_typesupport_introspection_c.cpython-310-x86_64-linux-gnu.so
[2.492s] -- Installing: /home/aceti/ros2_ws/install/head_controller/local/lib/python3.10/dist-packages/head_controller/_head_controller_s.ep.rosidl_typesupport_introspection_c.c
[2.492s] -- Installing: /home/aceti/ros2_ws/install/head_controller/local/lib/python3.10/dist-packages/head_controller/_head_controller_s.ep.rosidl_typesupport_c.c
[2.492s] -- Installing: /home/aceti/ros2_ws/install/head_controller/local/lib/python3.10/dist-packages/head_controller/__init__.py
[2.492s] -- Installing: /home/aceti/ros2_ws/install/head_controller/local/lib/python3.10/dist-packages/head_controller/head_controller_s__rosidl_typesupport_fastrtps_c.cpython-310-x86_64-linux-gnu.so
[2.492s] -- Installing: /home/aceti/ros2_ws/install/head_controller/local/lib/python3.10/dist-packages/head_controller/libhead_controller__rosidl_generator_py.so
[2.493s] -- Installing: /home/aceti/ros2_ws/install/head_controller/local/lib/python3.10/dist-packages/head_controller/_head_controller_s.ep.rosidl_typesupport_fastrtps_c.c
[2.493s] -- Up-to-date: /home/aceti/ros2_ws/install/head_controller/local/lib/python3.10/dist-packages/head_controller/srv
[2.493s] -- Installing: /home/aceti/ros2_ws/install/head_controller/local/lib/python3.10/dist-packages/head_controller/srv/__init__.py
[2.493s] -- Installing: /home/aceti/ros2_ws/install/head_controller/local/lib/python3.10/dist-packages/head_controller/srv/_head.py
[2.493s] -- Installing: /home/aceti/ros2_ws/install/head_controller/local/lib/python3.10/dist-packages/head_controller/srv/_head_s.c
[2.519s] Listing '/home/aceti/ros2_ws/install/head_controller/local/lib/python3.10/dist-packages/head_controller'...
[2.520s] Compiling '/home/aceti/ros2_ws/install/head_controller/local/lib/python3.10/dist-packages/head_controller/__init__.py'...
[2.520s] Listing '/home/aceti/ros2_ws/install/head_controller/local/lib/python3.10/dist-packages/head_controller/srv'...
[2.520s] Compiling '/home/aceti/ros2_ws/install/head_controller/local/lib/python3.10/dist-packages/head_controller/srv/__init__.py'...
[2.520s] Compiling '/home/aceti/ros2_ws/install/head_controller/local/lib/python3.10/dist-packages/head_controller/srv/_head.py'...
[2.523s] -- Installing: /home/aceti/ros2_ws/install/head_controller/local/lib/python3.10/dist-packages/head_controller/head_controller_s__rosidl_typesupport_fastrtps_c.cpython-310-x86_64-linux-gnu.so
[2.524s] -- Set runtime path of "/home/aceti/ros2_ws/install/head_controller/local/lib/python3.10/dist-packages/head_controller/head_controller_s__rosidl_typesupport_fastrtps_c.cpython-310-x86_64-linux-gnu.so" to ""
[2.524s] -- Installing: /home/aceti/ros2_ws/install/head_controller/local/lib/python3.10/dist-packages/head_controller/head_controller_s__rosidl_typesupport_introspection_c.cpython-310-x86_64-linux-gnu.so
[2.524s] -- Set runtime path of "/home/aceti/ros2_ws/install/head_controller/local/lib/python3.10/dist-packages/head_controller/head_controller_s__rosidl_typesupport_introspection_c.cpython-310-x86_64-linux-gnu.so" to ""
[2.524s] -- Installing: /home/aceti/ros2_ws/install/head_controller/local/lib/python3.10/dist-packages/head_controller/head_controller_s__rosidl_typesupport_c.cpython-310-x86_64-linux-gnu.so
[2.524s] -- Set runtime path of "/home/aceti/ros2_ws/install/head_controller/local/lib/python3.10/dist-packages/head_controller/head_controller_s__rosidl_typesupport_c.cpython-310-x86_64-linux-gnu.so" to ""
[2.524s] -- Installing: /home/aceti/ros2_ws/install/head_controller/lib/libhead_controller__rosidl_generator_py.so
[2.525s] -- Set runtime path of "/home/aceti/ros2_ws/install/head_controller/lib/libhead_controller__rosidl_generator_py.so" to ""
[2.525s] -- Installing: /home/aceti/ros2_ws/install/head_controller/share/head_controller/srv/Head.idl
[2.525s] -- Installing: /home/aceti/ros2_ws/install/head_controller/share/head_controller/srv/Head.srv
[2.525s] -- Installing: /home/aceti/ros2_ws/install/head_controller/share/head_controller/srv/Head_Request.msg
[2.525s] -- Up-to-date: /home/aceti/ros2_ws/install/head_controller/share/head_controller/srv/Head_Response.msg
[2.525s] -- Up-to-date: /home/aceti/ros2_ws/install/head_controller/share/ament_index/resource_index/package_run_dependencies/head_controller
[2.525s] -- Up-to-date: /home/aceti/ros2_ws/install/head_controller/share/ament_index/resource_index/parent_prefix_path/head_controller
[2.525s] -- Up-to-date: /home/aceti/ros2_ws/install/head_controller/share/head_controller/environment/ament_prefix_path.sh
[2.525s] -- Installing: /home/aceti/ros2_ws/install/head_controller/share/head_controller/environment/ament_prefix_path.dsv
[2.525s] -- Up-to-date: /home/aceti/ros2_ws/install/head_controller/share/head_controller/environment/path.sh
[2.525s] -- Installing: /home/aceti/ros2_ws/install/head_controller/share/head_controller/environment/path.dsv
[2.525s] -- Up-to-date: /home/aceti/ros2_ws/install/head_controller/share/head_controller/local_setup.bash
[2.525s] -- Up-to-date: /home/aceti/ros2_ws/install/head_controller/share/head_controller/local_setup.sh
[2.526s] -- Up-to-date: /home/aceti/ros2_ws/install/head_controller/share/head_controller/local_setup.zsh
[2.526s] -- Installing: /home/aceti/ros2_ws/install/head_controller/share/head_controller/local_setup.dsv
[2.526s] -- Installing: /home/aceti/ros2_ws/install/head_controller/share/head_controller/package.dsv
[2.526s] -- Up-to-date: /home/aceti/ros2_ws/install/head_controller/share/ament_index/resource_index/packages/head_controller
[2.526s] -- Up-to-date: /home/aceti/ros2_ws/install/head_controller/share/head_controller/cmake/export_head_controller__rosidl_generator_cExport.cmake
[2.526s] -- Up-to-date: /home/aceti/ros2_ws/install/head_controller/share/head_controller/cmake/export_head_controller__rosidl_generator_cExport-noconfig.cmake
[2.526s] -- Up-to-date: /home/aceti/ros2_ws/install/head_controller/share/head_controller/cmake/export_head_controller__rosidl_typesupport_fastrtps_cExport.cmake
[2.526s] -- Up-to-date: /home/aceti/ros2_ws/install/head_controller/share/head_controller/cmake/export_head_controller__rosidl_typesupport_fastrtps_cExport-noconfig.cmake
[2.526s] -- Up-to-date: /home/aceti/ros2_ws/install/head_controller/share/head_controller/cmake/head_controller__rosidl_typesupport_introspection_cExport.cmake
[2.526s] -- Up-to-date: /home/aceti/ros2_ws/install/head_controller/share/head_controller/cmake/head_controller__rosidl_typesupport_introspection_cExport-noconfig.cmake
[2.526s] -- Up-to-date: /home/aceti/ros2_ws/install/head_controller/share/head_controller/cmake/head_controller__rosidl_typesupport_cExport.cmake
[2.526s] -- Up-to-date: /home/aceti/ros2_ws/install/head_controller/share/head_controller/cmake/head_controller__rosidl_typesupport_cExport-noconfig.cmake
[2.526s] -- Up-to-date: /home/aceti/ros2_ws/install/head_controller/share/head_controller/cmake/export_head_controller__rosidl_generator_cppExport.cmake
[2.526s] -- Up-to-date: /home/aceti/ros2_ws/install/head_controller/share/head_controller/cmake/export_head_controller__rosidl_typesupport_fastrtps_cppExport.cmake
[2.526s] -- Up-to-date: /home/aceti/ros2_ws/install/head_controller/share/head_controller/cmake/export_head_controller__rosidl_typesupport_fastrtps_cppExport-noconfig.cmake
[2.526s] -- Up-to-date: /home/aceti/ros2_ws/install/head_controller/share/head_controller/cmake/head_controller__rosidl_typesupport_introspection_cppExport.cmake
[2.526s] -- Up-to-date: /home/aceti/ros2_ws/install/head_controller/share/head_controller/cmake/head_controller__rosidl_typesupport_introspection_cppExport-noconfig.cmake
[2.527s] -- Up-to-date: /home/aceti/ros2_ws/install/head_controller/share/head_controller/cmake/head_controller__rosidl_typesupport_cppExport.cmake
[2.527s] -- Up-to-date: /home/aceti/ros2_ws/install/head_controller/share/head_controller/cmake/head_controller__rosidl_typesupport_cppExport-noconfig.cmake
[2.527s] -- Up-to-date: /home/aceti/ros2_ws/install/head_controller/share/head_controller/cmake/export_head_controller__rosidl_generator_pyExport.cmake
[2.527s] -- Up-to-date: /home/aceti/ros2_ws/install/head_controller/share/head_controller/cmake/export_head_controller__rosidl_generator_pyExport-noconfig.cmake
[2.527s] -- Up-to-date: /home/aceti/ros2_ws/install/head_controller/share/head_controller/cmake/rosidl_cmake-extras.cmake
[2.527s] -- Up-to-date: /home/aceti/ros2_ws/install/head_controller/share/head_controller/cmake/ament_cmake_export_include_directories-extras.cmake
[2.527s] -- Up-to-date: /home/aceti/ros2_ws/install/head_controller/share/head_controller/cmake/ament_cmake_export_libraries-extras.cmake
[2.527s] -- Up-to-date: /home/aceti/ros2_ws/install/head_controller/share/head_controller/cmake/ament_cmake_export_targets-extras.cmake
[2.527s] -- Up-to-date: /home/aceti/ros2_ws/install/head_controller/share/head_controller/cmake/rosidl_cmake_export_typesupport_targets-extras.cmake
[2.527s] -- Up-to-date: /home/aceti/ros2_ws/install/head_controller/share/head_controller/cmake/ament_cmake_export_dependencies-extras.cmake
[2.527s] -- Up-to-date: /home/aceti/ros2_ws/install/head_controller/share/head_controller/cmake/rosidl_cmake_export_typesupport_libraries-extras.cmake
[2.527s] -- Up-to-date: /home/aceti/ros2_ws/install/head_controller/share/head_controller/cmake/head_controllerConfig.cmake
[2.527s] -- Up-to-date: /home/aceti/ros2_ws/install/head_controller/share/head_controller/cmake/head_controllerConfig-version.cmake
[2.527s] -- Up-to-date: /home/aceti/ros2_ws/install/head_controller/share/head_controller/package.xml
[2.529s] Invoked command in '/home/aceti/ros2_ws/build/head_controller' returned '0': CMAKE_PREFIX_PATH=${CMAKE_PREFIX_PATH}:/home/aceti/ros2_ws/install/add_integers:/opt/ros/humble /usr/bin/cmake --install /home/aceti/ros2_ws/build/head_controller
