[0.260s] DEBUG:colcon:Command line arguments: ['/usr/bin/colcon', 'build']
[0.260s] DEBUG:colcon:Parsed command line arguments: Namespace(log_base=None, log_level=None, verb_name='build', build_base='build', install_base='install', merge_install=False, symlink_install=False, test_result_base=None, continue_on_error=False, executor='parallel', parallel_workers=8, event_handlers=None, ignore_user_meta=False, metas=['./colcon.meta'], base_paths=['.'], packages_ignore=None, packages_ignore_regex=None, paths=None, packages_up_to=None, packages_up_to_regex=None, packages_above=None, packages_above_and_dependencies=None, packages_above_depth=None, packages_select_by_dep=None, packages_skip_by_dep=None, packages_skip_up_to=None, packages_select_build_failed=False, packages_skip_build_finished=False, packages_select_test_failures=False, packages_skip_test_passed=False, packages_select=None, packages_skip=None, packages_select_regex=None, packages_skip_regex=None, packages_start=None, packages_end=None, allow_overriding=[], cmake_args=None, cmake_target=None, cmake_target_skip_unavailable=False, cmake_clean_cache=False, cmake_clean_first=False, cmake_force_configure=False, ament_cmake_args=None, catkin_cmake_args=None, catkin_skip_building_tests=False, verb_parser=<colcon_defaults.argument_parser.defaults.DefaultArgumentsDecorator object at 0x7f87534b1a80>, verb_extension=<colcon_core.verb.build.BuildVerb object at 0x7f87534b1510>, main=<bound method BuildVerb.main of <colcon_core.verb.build.BuildVerb object at 0x7f87534b1510>>)
[0.278s] Level 1:colcon.colcon_core.package_discovery:discover_packages(colcon_meta) check parameters
[0.278s] Level 1:colcon.colcon_core.package_discovery:discover_packages(recursive) check parameters
[0.278s] Level 1:colcon.colcon_core.package_discovery:discover_packages(ignore) check parameters
[0.278s] Level 1:colcon.colcon_core.package_discovery:discover_packages(path) check parameters
[0.279s] Level 1:colcon.colcon_core.package_discovery:discover_packages(colcon_meta) discover
[0.279s] Level 1:colcon.colcon_core.package_discovery:discover_packages(recursive) discover
[0.279s] INFO:colcon.colcon_core.package_discovery:Crawling recursively for packages in '/home/aceti/head/Head_asv'
[0.279s] Level 1:colcon.colcon_core.package_identification:_identify(.) by extensions ['ignore', 'ignore_ament_install']
[0.279s] Level 1:colcon.colcon_core.package_identification:_identify(.) by extension 'ignore'
[0.279s] Level 1:colcon.colcon_core.package_identification:_identify(.) by extension 'ignore_ament_install'
[0.279s] Level 1:colcon.colcon_core.package_identification:_identify(.) by extensions ['colcon_pkg']
[0.279s] Level 1:colcon.colcon_core.package_identification:_identify(.) by extension 'colcon_pkg'
[0.279s] Level 1:colcon.colcon_core.package_identification:_identify(.) by extensions ['colcon_meta']
[0.279s] Level 1:colcon.colcon_core.package_identification:_identify(.) by extension 'colcon_meta'
[0.279s] Level 1:colcon.colcon_core.package_identification:_identify(.) by extensions ['ros']
[0.279s] Level 1:colcon.colcon_core.package_identification:_identify(.) by extension 'ros'
[0.288s] Level 1:colcon.colcon_core.package_identification:_identify(.) by extensions ['cmake', 'python']
[0.288s] Level 1:colcon.colcon_core.package_identification:_identify(.) by extension 'cmake'
[0.288s] Level 1:colcon.colcon_core.package_identification:_identify(.) by extension 'python'
[0.288s] Level 1:colcon.colcon_core.package_identification:_identify(.) by extensions ['python_setup_py']
[0.288s] Level 1:colcon.colcon_core.package_identification:_identify(.) by extension 'python_setup_py'
[0.288s] Level 1:colcon.colcon_core.package_identification:_identify(build) by extensions ['ignore', 'ignore_ament_install']
[0.288s] Level 1:colcon.colcon_core.package_identification:_identify(build) by extension 'ignore'
[0.288s] Level 1:colcon.colcon_core.package_identification:_identify(build) ignored
[0.288s] Level 1:colcon.colcon_core.package_identification:_identify(install) by extensions ['ignore', 'ignore_ament_install']
[0.288s] Level 1:colcon.colcon_core.package_identification:_identify(install) by extension 'ignore'
[0.288s] Level 1:colcon.colcon_core.package_identification:_identify(install) ignored
[0.289s] Level 1:colcon.colcon_core.package_identification:_identify(log) by extensions ['ignore', 'ignore_ament_install']
[0.289s] Level 1:colcon.colcon_core.package_identification:_identify(log) by extension 'ignore'
[0.289s] Level 1:colcon.colcon_core.package_identification:_identify(log) ignored
[0.289s] Level 1:colcon.colcon_core.package_identification:_identify(src) by extensions ['ignore', 'ignore_ament_install']
[0.289s] Level 1:colcon.colcon_core.package_identification:_identify(src) by extension 'ignore'
[0.289s] Level 1:colcon.colcon_core.package_identification:_identify(src) by extension 'ignore_ament_install'
[0.289s] Level 1:colcon.colcon_core.package_identification:_identify(src) by extensions ['colcon_pkg']
[0.289s] Level 1:colcon.colcon_core.package_identification:_identify(src) by extension 'colcon_pkg'
[0.289s] Level 1:colcon.colcon_core.package_identification:_identify(src) by extensions ['colcon_meta']
[0.289s] Level 1:colcon.colcon_core.package_identification:_identify(src) by extension 'colcon_meta'
[0.289s] Level 1:colcon.colcon_core.package_identification:_identify(src) by extensions ['ros']
[0.289s] Level 1:colcon.colcon_core.package_identification:_identify(src) by extension 'ros'
[0.289s] Level 1:colcon.colcon_core.package_identification:_identify(src) by extensions ['cmake', 'python']
[0.289s] Level 1:colcon.colcon_core.package_identification:_identify(src) by extension 'cmake'
[0.289s] Level 1:colcon.colcon_core.package_identification:_identify(src) by extension 'python'
[0.289s] Level 1:colcon.colcon_core.package_identification:_identify(src) by extensions ['python_setup_py']
[0.289s] Level 1:colcon.colcon_core.package_identification:_identify(src) by extension 'python_setup_py'
[0.289s] Level 1:colcon.colcon_core.package_identification:_identify(src/add_integers) by extensions ['ignore', 'ignore_ament_install']
[0.289s] Level 1:colcon.colcon_core.package_identification:_identify(src/add_integers) by extension 'ignore'
[0.289s] Level 1:colcon.colcon_core.package_identification:_identify(src/add_integers) by extension 'ignore_ament_install'
[0.289s] Level 1:colcon.colcon_core.package_identification:_identify(src/add_integers) by extensions ['colcon_pkg']
[0.289s] Level 1:colcon.colcon_core.package_identification:_identify(src/add_integers) by extension 'colcon_pkg'
[0.289s] Level 1:colcon.colcon_core.package_identification:_identify(src/add_integers) by extensions ['colcon_meta']
[0.289s] Level 1:colcon.colcon_core.package_identification:_identify(src/add_integers) by extension 'colcon_meta'
[0.289s] Level 1:colcon.colcon_core.package_identification:_identify(src/add_integers) by extensions ['ros']
[0.289s] Level 1:colcon.colcon_core.package_identification:_identify(src/add_integers) by extension 'ros'
[0.291s] DEBUG:colcon.colcon_core.package_identification:Package 'src/add_integers' with type 'ros.ament_python' and name 'add_integers'
[0.291s] Level 1:colcon.colcon_core.package_identification:_identify(src/head_controller) by extensions ['ignore', 'ignore_ament_install']
[0.291s] Level 1:colcon.colcon_core.package_identification:_identify(src/head_controller) by extension 'ignore'
[0.291s] Level 1:colcon.colcon_core.package_identification:_identify(src/head_controller) by extension 'ignore_ament_install'
[0.291s] Level 1:colcon.colcon_core.package_identification:_identify(src/head_controller) by extensions ['colcon_pkg']
[0.291s] Level 1:colcon.colcon_core.package_identification:_identify(src/head_controller) by extension 'colcon_pkg'
[0.291s] Level 1:colcon.colcon_core.package_identification:_identify(src/head_controller) by extensions ['colcon_meta']
[0.292s] Level 1:colcon.colcon_core.package_identification:_identify(src/head_controller) by extension 'colcon_meta'
[0.292s] Level 1:colcon.colcon_core.package_identification:_identify(src/head_controller) by extensions ['ros']
[0.292s] Level 1:colcon.colcon_core.package_identification:_identify(src/head_controller) by extension 'ros'
[0.292s] DEBUG:colcon.colcon_core.package_identification:Package 'src/head_controller' with type 'ros.ament_cmake' and name 'head_controller'
[0.292s] Level 1:colcon.colcon_core.package_discovery:discover_packages(recursive) using defaults
[0.292s] Level 1:colcon.colcon_core.package_discovery:discover_packages(ignore) discover
[0.292s] Level 1:colcon.colcon_core.package_discovery:discover_packages(ignore) using defaults
[0.292s] Level 1:colcon.colcon_core.package_discovery:discover_packages(path) discover
[0.292s] Level 1:colcon.colcon_core.package_discovery:discover_packages(path) using defaults
[0.309s] Level 1:colcon.colcon_core.package_discovery:discover_packages(prefix_path) check parameters
[0.309s] Level 1:colcon.colcon_core.package_discovery:discover_packages(prefix_path) discover
[0.311s] WARNING:colcon.colcon_ros.prefix_path.ament:The path '/home/aceti/head/Head_asv/install/add_integers' in the environment variable AMENT_PREFIX_PATH doesn't exist
[0.311s] WARNING:colcon.colcon_ros.prefix_path.ament:The path '/home/aceti/head/Head_asv/install/head_controller' in the environment variable AMENT_PREFIX_PATH doesn't exist
[0.311s] WARNING:colcon.colcon_ros.prefix_path.catkin:The path '/home/aceti/head/Head_asv/install/head_controller' in the environment variable CMAKE_PREFIX_PATH doesn't exist
[0.312s] DEBUG:colcon.colcon_installed_package_information.package_discovery:Found 0 installed packages in /home/aceti/head/Head_asv/install
[0.313s] DEBUG:colcon.colcon_installed_package_information.package_discovery:Found 2 installed packages in /home/aceti/sonar/install
[0.314s] DEBUG:colcon.colcon_installed_package_information.package_discovery:Found 269 installed packages in /opt/ros/humble
[0.316s] Level 1:colcon.colcon_core.package_discovery:discover_packages(prefix_path) using defaults
[0.358s] Level 5:colcon.colcon_core.verb:set package 'head_controller' build argument 'cmake_args' from command line to 'None'
[0.358s] Level 5:colcon.colcon_core.verb:set package 'head_controller' build argument 'cmake_target' from command line to 'None'
[0.358s] Level 5:colcon.colcon_core.verb:set package 'head_controller' build argument 'cmake_target_skip_unavailable' from command line to 'False'
[0.358s] Level 5:colcon.colcon_core.verb:set package 'head_controller' build argument 'cmake_clean_cache' from command line to 'False'
[0.358s] Level 5:colcon.colcon_core.verb:set package 'head_controller' build argument 'cmake_clean_first' from command line to 'False'
[0.358s] Level 5:colcon.colcon_core.verb:set package 'head_controller' build argument 'cmake_force_configure' from command line to 'False'
[0.358s] Level 5:colcon.colcon_core.verb:set package 'head_controller' build argument 'ament_cmake_args' from command line to 'None'
[0.358s] Level 5:colcon.colcon_core.verb:set package 'head_controller' build argument 'catkin_cmake_args' from command line to 'None'
[0.358s] Level 5:colcon.colcon_core.verb:set package 'head_controller' build argument 'catkin_skip_building_tests' from command line to 'False'
[0.358s] DEBUG:colcon.colcon_core.verb:Building package 'head_controller' with the following arguments: {'ament_cmake_args': None, 'build_base': '/home/aceti/head/Head_asv/build/head_controller', 'catkin_cmake_args': None, 'catkin_skip_building_tests': False, 'cmake_args': None, 'cmake_clean_cache': False, 'cmake_clean_first': False, 'cmake_force_configure': False, 'cmake_target': None, 'cmake_target_skip_unavailable': False, 'install_base': '/home/aceti/head/Head_asv/install/head_controller', 'merge_install': False, 'path': '/home/aceti/head/Head_asv/src/head_controller', 'symlink_install': False, 'test_result_base': None}
[0.359s] Level 5:colcon.colcon_core.verb:set package 'add_integers' build argument 'cmake_args' from command line to 'None'
[0.359s] Level 5:colcon.colcon_core.verb:set package 'add_integers' build argument 'cmake_target' from command line to 'None'
[0.359s] Level 5:colcon.colcon_core.verb:set package 'add_integers' build argument 'cmake_target_skip_unavailable' from command line to 'False'
[0.359s] Level 5:colcon.colcon_core.verb:set package 'add_integers' build argument 'cmake_clean_cache' from command line to 'False'
[0.359s] Level 5:colcon.colcon_core.verb:set package 'add_integers' build argument 'cmake_clean_first' from command line to 'False'
[0.359s] Level 5:colcon.colcon_core.verb:set package 'add_integers' build argument 'cmake_force_configure' from command line to 'False'
[0.359s] Level 5:colcon.colcon_core.verb:set package 'add_integers' build argument 'ament_cmake_args' from command line to 'None'
[0.359s] Level 5:colcon.colcon_core.verb:set package 'add_integers' build argument 'catkin_cmake_args' from command line to 'None'
[0.359s] Level 5:colcon.colcon_core.verb:set package 'add_integers' build argument 'catkin_skip_building_tests' from command line to 'False'
[0.359s] DEBUG:colcon.colcon_core.verb:Building package 'add_integers' with the following arguments: {'ament_cmake_args': None, 'build_base': '/home/aceti/head/Head_asv/build/add_integers', 'catkin_cmake_args': None, 'catkin_skip_building_tests': False, 'cmake_args': None, 'cmake_clean_cache': False, 'cmake_clean_first': False, 'cmake_force_configure': False, 'cmake_target': None, 'cmake_target_skip_unavailable': False, 'install_base': '/home/aceti/head/Head_asv/install/add_integers', 'merge_install': False, 'path': '/home/aceti/head/Head_asv/src/add_integers', 'symlink_install': False, 'test_result_base': None}
[0.360s] INFO:colcon.colcon_core.executor:Executing jobs using 'parallel' executor
[0.362s] DEBUG:colcon.colcon_parallel_executor.executor.parallel:run_until_complete
[0.363s] INFO:colcon.colcon_ros.task.ament_cmake.build:Building ROS package in '/home/aceti/head/Head_asv/src/head_controller' with build type 'ament_cmake'
[0.363s] INFO:colcon.colcon_cmake.task.cmake.build:Building CMake package in '/home/aceti/head/Head_asv/src/head_controller'
[0.367s] INFO:colcon.colcon_core.plugin_system:Skipping extension 'colcon_core.shell.bat': Not used on non-Windows systems
[0.367s] INFO:colcon.colcon_core.shell:Skip shell extension 'powershell' for command environment: Not usable outside of PowerShell
[0.367s] DEBUG:colcon.colcon_core.shell:Skip shell extension 'dsv' for command environment
[0.377s] DEBUG:colcon.colcon_core.event_handler.log_command:Invoking command in '/home/aceti/head/Head_asv/build/head_controller': CMAKE_PREFIX_PATH=${CMAKE_PREFIX_PATH}:/home/aceti/head/Head_asv/install/add_integers:/home/aceti/sonar/install/sonar_controller:/opt/ros/humble /usr/bin/cmake /home/aceti/head/Head_asv/src/head_controller -DCMAKE_INSTALL_PREFIX=/home/aceti/head/Head_asv/install/head_controller
[1.525s] DEBUG:colcon.colcon_core.event_handler.log_command:Invoked command in '/home/aceti/head/Head_asv/build/head_controller' returned '0': CMAKE_PREFIX_PATH=${CMAKE_PREFIX_PATH}:/home/aceti/head/Head_asv/install/add_integers:/home/aceti/sonar/install/sonar_controller:/opt/ros/humble /usr/bin/cmake /home/aceti/head/Head_asv/src/head_controller -DCMAKE_INSTALL_PREFIX=/home/aceti/head/Head_asv/install/head_controller
[1.526s] DEBUG:colcon.colcon_core.event_handler.log_command:Invoking command in '/home/aceti/head/Head_asv/build/head_controller': CMAKE_PREFIX_PATH=${CMAKE_PREFIX_PATH}:/home/aceti/head/Head_asv/install/add_integers:/home/aceti/sonar/install/sonar_controller:/opt/ros/humble /usr/bin/cmake --build /home/aceti/head/Head_asv/build/head_controller -- -j8 -l8
[5.504s] DEBUG:colcon.colcon_core.event_handler.log_command:Invoked command in '/home/aceti/head/Head_asv/build/head_controller' returned '0': CMAKE_PREFIX_PATH=${CMAKE_PREFIX_PATH}:/home/aceti/head/Head_asv/install/add_integers:/home/aceti/sonar/install/sonar_controller:/opt/ros/humble /usr/bin/cmake --build /home/aceti/head/Head_asv/build/head_controller -- -j8 -l8
[5.593s] DEBUG:colcon.colcon_core.event_handler.log_command:Invoking command in '/home/aceti/head/Head_asv/build/head_controller': CMAKE_PREFIX_PATH=${CMAKE_PREFIX_PATH}:/home/aceti/head/Head_asv/install/add_integers:/home/aceti/sonar/install/sonar_controller:/opt/ros/humble /usr/bin/cmake --install /home/aceti/head/Head_asv/build/head_controller
[5.648s] Level 1:colcon.colcon_core.environment:create_environment_scripts_only(head_controller)
[5.648s] DEBUG:colcon.colcon_core.event_handler.log_command:Invoked command in '/home/aceti/head/Head_asv/build/head_controller' returned '0': CMAKE_PREFIX_PATH=${CMAKE_PREFIX_PATH}:/home/aceti/head/Head_asv/install/add_integers:/home/aceti/sonar/install/sonar_controller:/opt/ros/humble /usr/bin/cmake --install /home/aceti/head/Head_asv/build/head_controller
[5.652s] Level 1:colcon.colcon_core.environment:checking '/home/aceti/head/Head_asv/install/head_controller' for CMake module files
[5.652s] Level 1:colcon.colcon_core.environment:checking '/home/aceti/head/Head_asv/install/head_controller' for CMake config files
[5.652s] Level 1:colcon.colcon_core.shell:create_environment_hook('head_controller', 'cmake_prefix_path')
[5.653s] INFO:colcon.colcon_core.shell:Creating environment hook '/home/aceti/head/Head_asv/install/head_controller/share/head_controller/hook/cmake_prefix_path.ps1'
[5.653s] INFO:colcon.colcon_core.shell:Creating environment descriptor '/home/aceti/head/Head_asv/install/head_controller/share/head_controller/hook/cmake_prefix_path.dsv'
[5.654s] INFO:colcon.colcon_core.shell:Creating environment hook '/home/aceti/head/Head_asv/install/head_controller/share/head_controller/hook/cmake_prefix_path.sh'
[5.654s] Level 1:colcon.colcon_core.environment:checking '/home/aceti/head/Head_asv/install/head_controller/lib'
[5.654s] Level 1:colcon.colcon_core.shell:create_environment_hook('head_controller', 'ld_library_path_lib')
[5.655s] INFO:colcon.colcon_core.shell:Creating environment hook '/home/aceti/head/Head_asv/install/head_controller/share/head_controller/hook/ld_library_path_lib.ps1'
[5.656s] INFO:colcon.colcon_core.shell:Creating environment descriptor '/home/aceti/head/Head_asv/install/head_controller/share/head_controller/hook/ld_library_path_lib.dsv'
[5.656s] INFO:colcon.colcon_core.shell:Creating environment hook '/home/aceti/head/Head_asv/install/head_controller/share/head_controller/hook/ld_library_path_lib.sh'
[5.656s] Level 1:colcon.colcon_core.environment:checking '/home/aceti/head/Head_asv/install/head_controller/bin'
[5.656s] Level 1:colcon.colcon_core.environment:checking '/home/aceti/head/Head_asv/install/head_controller/lib/pkgconfig/head_controller.pc'
[5.656s] Level 1:colcon.colcon_core.environment:checking '/home/aceti/head/Head_asv/install/head_controller/lib/python3.10/site-packages'
[5.656s] Level 1:colcon.colcon_core.environment:checking '/home/aceti/head/Head_asv/install/head_controller/bin'
[5.657s] INFO:colcon.colcon_core.shell:Creating package script '/home/aceti/head/Head_asv/install/head_controller/share/head_controller/package.ps1'
[5.658s] INFO:colcon.colcon_core.shell:Creating package descriptor '/home/aceti/head/Head_asv/install/head_controller/share/head_controller/package.dsv'
[5.658s] INFO:colcon.colcon_core.shell:Creating package script '/home/aceti/head/Head_asv/install/head_controller/share/head_controller/package.sh'
[5.659s] INFO:colcon.colcon_core.shell:Creating package script '/home/aceti/head/Head_asv/install/head_controller/share/head_controller/package.bash'
[5.659s] INFO:colcon.colcon_core.shell:Creating package script '/home/aceti/head/Head_asv/install/head_controller/share/head_controller/package.zsh'
[5.660s] Level 1:colcon.colcon_core.environment:create_file_with_runtime_dependencies(/home/aceti/head/Head_asv/install/head_controller/share/colcon-core/packages/head_controller)
[5.701s] Level 1:colcon.colcon_core.environment:create_environment_scripts_only(head_controller)
[5.702s] Level 1:colcon.colcon_core.environment:checking '/home/aceti/head/Head_asv/install/head_controller' for CMake module files
[5.703s] Level 1:colcon.colcon_core.environment:checking '/home/aceti/head/Head_asv/install/head_controller' for CMake config files
[5.703s] Level 1:colcon.colcon_core.shell:create_environment_hook('head_controller', 'cmake_prefix_path')
[5.704s] INFO:colcon.colcon_core.shell:Creating environment hook '/home/aceti/head/Head_asv/install/head_controller/share/head_controller/hook/cmake_prefix_path.ps1'
[5.704s] INFO:colcon.colcon_core.shell:Creating environment descriptor '/home/aceti/head/Head_asv/install/head_controller/share/head_controller/hook/cmake_prefix_path.dsv'
[5.705s] INFO:colcon.colcon_core.shell:Creating environment hook '/home/aceti/head/Head_asv/install/head_controller/share/head_controller/hook/cmake_prefix_path.sh'
[5.705s] Level 1:colcon.colcon_core.environment:checking '/home/aceti/head/Head_asv/install/head_controller/lib'
[5.705s] Level 1:colcon.colcon_core.shell:create_environment_hook('head_controller', 'ld_library_path_lib')
[5.706s] INFO:colcon.colcon_core.shell:Creating environment hook '/home/aceti/head/Head_asv/install/head_controller/share/head_controller/hook/ld_library_path_lib.ps1'
[5.706s] INFO:colcon.colcon_core.shell:Creating environment descriptor '/home/aceti/head/Head_asv/install/head_controller/share/head_controller/hook/ld_library_path_lib.dsv'
[5.706s] INFO:colcon.colcon_core.shell:Creating environment hook '/home/aceti/head/Head_asv/install/head_controller/share/head_controller/hook/ld_library_path_lib.sh'
[5.707s] Level 1:colcon.colcon_core.environment:checking '/home/aceti/head/Head_asv/install/head_controller/bin'
[5.707s] Level 1:colcon.colcon_core.environment:checking '/home/aceti/head/Head_asv/install/head_controller/lib/pkgconfig/head_controller.pc'
[5.707s] Level 1:colcon.colcon_core.environment:checking '/home/aceti/head/Head_asv/install/head_controller/lib/python3.10/site-packages'
[5.707s] Level 1:colcon.colcon_core.environment:checking '/home/aceti/head/Head_asv/install/head_controller/bin'
[5.709s] INFO:colcon.colcon_core.shell:Creating package script '/home/aceti/head/Head_asv/install/head_controller/share/head_controller/package.ps1'
[5.709s] INFO:colcon.colcon_core.shell:Creating package descriptor '/home/aceti/head/Head_asv/install/head_controller/share/head_controller/package.dsv'
[5.709s] INFO:colcon.colcon_core.shell:Creating package script '/home/aceti/head/Head_asv/install/head_controller/share/head_controller/package.sh'
[5.710s] INFO:colcon.colcon_core.shell:Creating package script '/home/aceti/head/Head_asv/install/head_controller/share/head_controller/package.bash'
[5.710s] INFO:colcon.colcon_core.shell:Creating package script '/home/aceti/head/Head_asv/install/head_controller/share/head_controller/package.zsh'
[5.711s] Level 1:colcon.colcon_core.environment:create_file_with_runtime_dependencies(/home/aceti/head/Head_asv/install/head_controller/share/colcon-core/packages/head_controller)
[5.711s] INFO:colcon.colcon_ros.task.ament_python.build:Building ROS package in '/home/aceti/head/Head_asv/src/add_integers' with build type 'ament_python'
[5.711s] Level 1:colcon.colcon_core.shell:create_environment_hook('add_integers', 'ament_prefix_path')
[5.712s] INFO:colcon.colcon_core.shell:Creating environment hook '/home/aceti/head/Head_asv/install/add_integers/share/add_integers/hook/ament_prefix_path.ps1'
[5.713s] INFO:colcon.colcon_core.shell:Creating environment descriptor '/home/aceti/head/Head_asv/install/add_integers/share/add_integers/hook/ament_prefix_path.dsv'
[5.713s] INFO:colcon.colcon_core.shell:Creating environment hook '/home/aceti/head/Head_asv/install/add_integers/share/add_integers/hook/ament_prefix_path.sh'
[5.714s] INFO:colcon.colcon_core.shell:Skip shell extension 'powershell' for command environment: Not usable outside of PowerShell
[5.714s] DEBUG:colcon.colcon_core.shell:Skip shell extension 'dsv' for command environment
[5.948s] INFO:colcon.colcon_core.task.python.build:Building Python package in '/home/aceti/head/Head_asv/src/add_integers'
[5.949s] INFO:colcon.colcon_core.shell:Skip shell extension 'powershell' for command environment: Not usable outside of PowerShell
[5.949s] DEBUG:colcon.colcon_core.shell:Skip shell extension 'dsv' for command environment
[6.238s] DEBUG:colcon.colcon_core.event_handler.log_command:Invoking command in '/home/aceti/head/Head_asv/src/add_integers': PYTHONPATH=/home/aceti/head/Head_asv/build/add_integers/prefix_override:/home/aceti/head/Head_asv/install/add_integers/lib/python3.10/site-packages:${PYTHONPATH} /usr/bin/python3 setup.py egg_info --egg-base ../../build/add_integers build --build-base /home/aceti/head/Head_asv/build/add_integers/build install --record /home/aceti/head/Head_asv/build/add_integers/install.log --single-version-externally-managed
[6.480s] Level 1:colcon.colcon_core.environment:checking '/home/aceti/head/Head_asv/install/add_integers' for CMake module files
[6.480s] DEBUG:colcon.colcon_core.event_handler.log_command:Invoked command in '/home/aceti/head/Head_asv/src/add_integers' returned '0': PYTHONPATH=/home/aceti/head/Head_asv/build/add_integers/prefix_override:/home/aceti/head/Head_asv/install/add_integers/lib/python3.10/site-packages:${PYTHONPATH} /usr/bin/python3 setup.py egg_info --egg-base ../../build/add_integers build --build-base /home/aceti/head/Head_asv/build/add_integers/build install --record /home/aceti/head/Head_asv/build/add_integers/install.log --single-version-externally-managed
[6.481s] Level 1:colcon.colcon_core.environment:checking '/home/aceti/head/Head_asv/install/add_integers' for CMake config files
[6.481s] Level 1:colcon.colcon_core.environment:checking '/home/aceti/head/Head_asv/install/add_integers/lib'
[6.481s] Level 1:colcon.colcon_core.environment:checking '/home/aceti/head/Head_asv/install/add_integers/bin'
[6.481s] Level 1:colcon.colcon_core.environment:checking '/home/aceti/head/Head_asv/install/add_integers/lib/pkgconfig/add_integers.pc'
[6.481s] Level 1:colcon.colcon_core.environment:checking '/home/aceti/head/Head_asv/install/add_integers/lib/python3.10/site-packages'
[6.481s] Level 1:colcon.colcon_core.shell:create_environment_hook('add_integers', 'pythonpath')
[6.482s] INFO:colcon.colcon_core.shell:Creating environment hook '/home/aceti/head/Head_asv/install/add_integers/share/add_integers/hook/pythonpath.ps1'
[6.482s] INFO:colcon.colcon_core.shell:Creating environment descriptor '/home/aceti/head/Head_asv/install/add_integers/share/add_integers/hook/pythonpath.dsv'
[6.482s] INFO:colcon.colcon_core.shell:Creating environment hook '/home/aceti/head/Head_asv/install/add_integers/share/add_integers/hook/pythonpath.sh'
[6.483s] Level 1:colcon.colcon_core.environment:checking '/home/aceti/head/Head_asv/install/add_integers/bin'
[6.483s] Level 1:colcon.colcon_core.environment:create_environment_scripts_only(add_integers)
[6.484s] INFO:colcon.colcon_core.shell:Creating package script '/home/aceti/head/Head_asv/install/add_integers/share/add_integers/package.ps1'
[6.484s] INFO:colcon.colcon_core.shell:Creating package descriptor '/home/aceti/head/Head_asv/install/add_integers/share/add_integers/package.dsv'
[6.484s] INFO:colcon.colcon_core.shell:Creating package script '/home/aceti/head/Head_asv/install/add_integers/share/add_integers/package.sh'
[6.485s] INFO:colcon.colcon_core.shell:Creating package script '/home/aceti/head/Head_asv/install/add_integers/share/add_integers/package.bash'
[6.485s] INFO:colcon.colcon_core.shell:Creating package script '/home/aceti/head/Head_asv/install/add_integers/share/add_integers/package.zsh'
[6.485s] Level 1:colcon.colcon_core.environment:create_file_with_runtime_dependencies(/home/aceti/head/Head_asv/install/add_integers/share/colcon-core/packages/add_integers)
[6.485s] DEBUG:colcon.colcon_parallel_executor.executor.parallel:closing loop
[6.485s] DEBUG:colcon.colcon_parallel_executor.executor.parallel:loop closed
[6.485s] DEBUG:colcon.colcon_parallel_executor.executor.parallel:run_until_complete finished with '0'
[6.485s] DEBUG:colcon.colcon_core.event_reactor:joining thread
[6.489s] INFO:colcon.colcon_core.plugin_system:Skipping extension 'colcon_notification.desktop_notification.terminal_notifier': Not used on non-Darwin systems
[6.490s] INFO:colcon.colcon_core.plugin_system:Skipping extension 'colcon_notification.desktop_notification.win32': Not used on non-Windows systems
[6.490s] INFO:colcon.colcon_notification.desktop_notification:Sending desktop notification using 'notify2'
[6.498s] DEBUG:colcon.colcon_core.event_reactor:joined thread
[6.500s] INFO:colcon.colcon_core.shell:Creating prefix script '/home/aceti/head/Head_asv/install/local_setup.ps1'
[6.500s] INFO:colcon.colcon_core.shell:Creating prefix util module '/home/aceti/head/Head_asv/install/_local_setup_util_ps1.py'
[6.501s] INFO:colcon.colcon_core.shell:Creating prefix chain script '/home/aceti/head/Head_asv/install/setup.ps1'
[6.502s] INFO:colcon.colcon_core.shell:Creating prefix script '/home/aceti/head/Head_asv/install/local_setup.sh'
[6.503s] INFO:colcon.colcon_core.shell:Creating prefix util module '/home/aceti/head/Head_asv/install/_local_setup_util_sh.py'
[6.503s] INFO:colcon.colcon_core.shell:Creating prefix chain script '/home/aceti/head/Head_asv/install/setup.sh'
[6.504s] INFO:colcon.colcon_core.shell:Creating prefix script '/home/aceti/head/Head_asv/install/local_setup.bash'
[6.504s] INFO:colcon.colcon_core.shell:Creating prefix chain script '/home/aceti/head/Head_asv/install/setup.bash'
[6.505s] INFO:colcon.colcon_core.shell:Creating prefix script '/home/aceti/head/Head_asv/install/local_setup.zsh'
[6.506s] INFO:colcon.colcon_core.shell:Creating prefix chain script '/home/aceti/head/Head_asv/install/setup.zsh'
