[0.508s] Invoking command in '/home/aceti/head/Head_asv/src/add_integers': AMENT_PREFIX_PATH=/home/aceti/head/Head_asv/install/head_controller:${AMENT_PREFIX_PATH} CMAKE_PREFIX_PATH=/home/aceti/head/Head_asv/install/head_controller:${CMAKE_PREFIX_PATH} LD_LIBRARY_PATH=/home/aceti/head/Head_asv/install/head_controller/lib:${LD_LIBRARY_PATH} PYTHONPATH=/home/aceti/head/Head_asv/build/add_integers/prefix_override:/home/aceti/head/Head_asv/install/add_integers/lib/python3.10/site-packages:/home/aceti/head/Head_asv/install/head_controller/local/lib/python3.10/dist-packages:${PYTHONPATH} /usr/bin/python3 setup.py egg_info --egg-base ../../build/add_integers build --build-base /home/aceti/head/Head_asv/build/add_integers/build install --record /home/aceti/head/Head_asv/build/add_integers/install.log --single-version-externally-managed
[0.704s] running egg_info
[0.705s] writing ../../build/add_integers/add_integers.egg-info/PKG-INFO
[0.705s] writing dependency_links to ../../build/add_integers/add_integers.egg-info/dependency_links.txt
[0.705s] writing entry points to ../../build/add_integers/add_integers.egg-info/entry_points.txt
[0.705s] writing requirements to ../../build/add_integers/add_integers.egg-info/requires.txt
[0.705s] writing top-level names to ../../build/add_integers/add_integers.egg-info/top_level.txt
[0.707s] reading manifest file '../../build/add_integers/add_integers.egg-info/SOURCES.txt'
[0.707s] writing manifest file '../../build/add_integers/add_integers.egg-info/SOURCES.txt'
[0.708s] running build
[0.708s] running build_py
[0.708s] running install
[0.708s] running install_lib
[0.709s] running install_data
[0.709s] running install_egg_info
[0.711s] removing '/home/aceti/head/Head_asv/install/add_integers/lib/python3.10/site-packages/add_integers-0.0.0-py3.10.egg-info' (and everything under it)
[0.711s] Copying ../../build/add_integers/add_integers.egg-info to /home/aceti/head/Head_asv/install/add_integers/lib/python3.10/site-packages/add_integers-0.0.0-py3.10.egg-info
[0.711s] running install_scripts
[0.727s] Installing move_client script to /home/aceti/head/Head_asv/install/add_integers/lib/add_integers
[0.727s] Installing move_service script to /home/aceti/head/Head_asv/install/add_integers/lib/add_integers
[0.727s] writing list of installed files to '/home/aceti/head/Head_asv/build/add_integers/install.log'
[0.749s] Invoked command in '/home/aceti/head/Head_asv/src/add_integers' returned '0': AMENT_PREFIX_PATH=/home/aceti/head/Head_asv/install/head_controller:${AMENT_PREFIX_PATH} CMAKE_PREFIX_PATH=/home/aceti/head/Head_asv/install/head_controller:${CMAKE_PREFIX_PATH} LD_LIBRARY_PATH=/home/aceti/head/Head_asv/install/head_controller/lib:${LD_LIBRARY_PATH} PYTHONPATH=/home/aceti/head/Head_asv/build/add_integers/prefix_override:/home/aceti/head/Head_asv/install/add_integers/lib/python3.10/site-packages:/home/aceti/head/Head_asv/install/head_controller/local/lib/python3.10/dist-packages:${PYTHONPATH} /usr/bin/python3 setup.py egg_info --egg-base ../../build/add_integers build --build-base /home/aceti/head/Head_asv/build/add_integers/build install --record /home/aceti/head/Head_asv/build/add_integers/install.log --single-version-externally-managed
