[0.525s] Invoking command in '/home/aceti/head/Head_asv/src/add_integers': PYTHONPATH=/home/aceti/head/Head_asv/build/add_integers/prefix_override:/home/aceti/head/Head_asv/install/add_integers/lib/python3.10/site-packages:${PYTHONPATH} /usr/bin/python3 setup.py egg_info --egg-base ../../build/add_integers build --build-base /home/aceti/head/Head_asv/build/add_integers/build install --record /home/aceti/head/Head_asv/build/add_integers/install.log --single-version-externally-managed
[0.721s] running egg_info
[0.721s] creating ../../build/add_integers/add_integers.egg-info
[0.722s] writing ../../build/add_integers/add_integers.egg-info/PKG-INFO
[0.722s] writing dependency_links to ../../build/add_integers/add_integers.egg-info/dependency_links.txt
[0.722s] writing entry points to ../../build/add_integers/add_integers.egg-info/entry_points.txt
[0.722s] writing requirements to ../../build/add_integers/add_integers.egg-info/requires.txt
[0.722s] writing top-level names to ../../build/add_integers/add_integers.egg-info/top_level.txt
[0.722s] writing manifest file '../../build/add_integers/add_integers.egg-info/SOURCES.txt'
[0.724s] reading manifest file '../../build/add_integers/add_integers.egg-info/SOURCES.txt'
[0.724s] writing manifest file '../../build/add_integers/add_integers.egg-info/SOURCES.txt'
[0.725s] running build
[0.725s] running build_py
[0.725s] creating /home/aceti/head/Head_asv/build/add_integers/build
[0.725s] creating /home/aceti/head/Head_asv/build/add_integers/build/lib
[0.725s] creating /home/aceti/head/Head_asv/build/add_integers/build/lib/add_integers
[0.725s] copying add_integers/service_node.py -> /home/aceti/head/Head_asv/build/add_integers/build/lib/add_integers
[0.725s] copying add_integers/__init__.py -> /home/aceti/head/Head_asv/build/add_integers/build/lib/add_integers
[0.725s] copying add_integers/head_test.py -> /home/aceti/head/Head_asv/build/add_integers/build/lib/add_integers
[0.726s] running install
[0.726s] running install_lib
[0.726s] creating /home/aceti/head/Head_asv/install/add_integers/lib/python3.10/site-packages/add_integers
[0.727s] copying /home/aceti/head/Head_asv/build/add_integers/build/lib/add_integers/service_node.py -> /home/aceti/head/Head_asv/install/add_integers/lib/python3.10/site-packages/add_integers
[0.727s] copying /home/aceti/head/Head_asv/build/add_integers/build/lib/add_integers/__init__.py -> /home/aceti/head/Head_asv/install/add_integers/lib/python3.10/site-packages/add_integers
[0.727s] copying /home/aceti/head/Head_asv/build/add_integers/build/lib/add_integers/head_test.py -> /home/aceti/head/Head_asv/install/add_integers/lib/python3.10/site-packages/add_integers
[0.727s] byte-compiling /home/aceti/head/Head_asv/install/add_integers/lib/python3.10/site-packages/add_integers/service_node.py to service_node.cpython-310.pyc
[0.728s] byte-compiling /home/aceti/head/Head_asv/install/add_integers/lib/python3.10/site-packages/add_integers/__init__.py to __init__.cpython-310.pyc
[0.728s] byte-compiling /home/aceti/head/Head_asv/install/add_integers/lib/python3.10/site-packages/add_integers/head_test.py to head_test.cpython-310.pyc
[0.728s] running install_data
[0.729s] creating /home/aceti/head/Head_asv/install/add_integers/share/ament_index
[0.729s] creating /home/aceti/head/Head_asv/install/add_integers/share/ament_index/resource_index
[0.729s] creating /home/aceti/head/Head_asv/install/add_integers/share/ament_index/resource_index/packages
[0.729s] copying resource/add_integers -> /home/aceti/head/Head_asv/install/add_integers/share/ament_index/resource_index/packages
[0.729s] copying package.xml -> /home/aceti/head/Head_asv/install/add_integers/share/add_integers
[0.729s] running install_egg_info
[0.730s] Copying ../../build/add_integers/add_integers.egg-info to /home/aceti/head/Head_asv/install/add_integers/lib/python3.10/site-packages/add_integers-0.0.0-py3.10.egg-info
[0.731s] running install_scripts
[0.747s] Installing move_client script to /home/aceti/head/Head_asv/install/add_integers/lib/add_integers
[0.747s] Installing move_service script to /home/aceti/head/Head_asv/install/add_integers/lib/add_integers
[0.747s] writing list of installed files to '/home/aceti/head/Head_asv/build/add_integers/install.log'
[0.768s] Invoked command in '/home/aceti/head/Head_asv/src/add_integers' returned '0': PYTHONPATH=/home/aceti/head/Head_asv/build/add_integers/prefix_override:/home/aceti/head/Head_asv/install/add_integers/lib/python3.10/site-packages:${PYTHONPATH} /usr/bin/python3 setup.py egg_info --egg-base ../../build/add_integers build --build-base /home/aceti/head/Head_asv/build/add_integers/build install --record /home/aceti/head/Head_asv/build/add_integers/install.log --single-version-externally-managed
