[0.010s] Invoking command in '/home/aceti/ros2_ws/build/head_controller': CMAKE_PREFIX_PATH=${CMAKE_PREFIX_PATH}:/home/aceti/ros2_ws/install/my_robot_controller:/opt/ros/humble /usr/bin/cmake /home/aceti/ros2_ws/src/head_controller -DCMAKE_INSTALL_PREFIX=/home/aceti/ros2_ws/install/head_controller
[0.018s] -- Found ament_cmake: 1.3.3 (/opt/ros/humble/share/ament_cmake/cmake)
[0.127s] -- Found rosidl_default_generators: 1.2.0 (/opt/ros/humble/share/rosidl_default_generators/cmake)
[0.129s] -- Using all available rosidl_typesupport_c: rosidl_typesupport_fastrtps_c;rosidl_typesupport_introspection_c
[0.133s] -- Found rosidl_adapter: 3.1.4 (/opt/ros/humble/share/rosidl_adapter/cmake)
[0.162s] -- Using all available rosidl_typesupport_cpp: rosidl_typesupport_fastrtps_cpp;rosidl_typesupport_introspection_cpp
[0.317s] [31mCMake Error at /opt/ros/humble/share/rosidl_adapter/cmake/rosidl_adapt_interfaces.cmake:59 (message):
[0.318s]   execute_process(/usr/bin/python3.10 -m rosidl_adapter --package-name
[0.318s]   head_controller --arguments-file
[0.318s]   /home/aceti/ros2_ws/build/head_controller/rosidl_adapter__arguments__$(PROJECT_NAME).json
[0.318s]   --output-dir
[0.318s]   /home/aceti/ros2_ws/build/head_controller/rosidl_adapter/head_controller
[0.318s]   --output-file
[0.318s]   /home/aceti/ros2_ws/build/head_controller/rosidl_adapter/$(PROJECT_NAME).idls)
[0.318s]   returned error code 1:
[0.318s] 
[0.318s]   Traceback (most recent call last):
[0.318s] 
[0.318s]     File "/usr/lib/python3.10/runpy.py", line 196, in _run_module_as_main
[0.318s]       return _run_code(code, main_globals, None,
[0.318s]     File "/usr/lib/python3.10/runpy.py", line 86, in _run_code
[0.318s]       exec(code, run_globals)
[0.318s]     File "/opt/ros/humble/local/lib/python3.10/dist-packages/rosidl_adapter/__main__.py", line 19, in <module>
[0.319s]       sys.exit(main())
[0.319s]     File "/opt/ros/humble/local/lib/python3.10/dist-packages/rosidl_adapter/main.py", line 53, in main
[0.319s]       abs_idl_file = convert_to_idl(
[0.319s]     File "/opt/ros/humble/local/lib/python3.10/dist-packages/rosidl_adapter/__init__.py", line 24, in convert_to_idl
[0.319s]       return convert_srv_to_idl(
[0.319s]     File "/opt/ros/humble/local/lib/python3.10/dist-packages/rosidl_adapter/srv/__init__.py", line 28, in convert_srv_to_idl
[0.319s]       srv = parse_service_string(package_name, input_file.stem, content)
[0.319s]     File "/opt/ros/humble/local/lib/python3.10/dist-packages/rosidl_adapter/parser.py", line 859, in parse_service_string
[0.319s]       request_message = parse_message_string(
[0.319s]     File "/opt/ros/humble/local/lib/python3.10/dist-packages/rosidl_adapter/parser.py", line 544, in parse_message_string
[0.319s]       msg = MessageSpecification(pkg_name, msg_name, fields, constants)
[0.319s]     File "/opt/ros/humble/local/lib/python3.10/dist-packages/rosidl_adapter/parser.py", line 388, in __init__
[0.319s]       self.base_type = BaseType(
[0.319s]     File "/opt/ros/humble/local/lib/python3.10/dist-packages/rosidl_adapter/parser.py", line 205, in __init__
[0.319s]       raise InvalidResourceName(
[0.319s] 
[0.319s]   rosidl_adapter.parser.InvalidResourceName: 'head_Request' is an invalid
[0.319s]   message name.  It should have the pattern '^[A-Z][A-Za-z0-9]*$'
[0.319s] 
[0.319s] Call Stack (most recent call first):
[0.319s]   /opt/ros/humble/share/rosidl_cmake/cmake/rosidl_generate_interfaces.cmake:130 (rosidl_adapt_interfaces)
[0.319s]   CMakeLists.txt:16 (rosidl_generate_interfaces)
[0.319s] 
[0.319s] [0m
[0.320s] -- Configuring incomplete, errors occurred!
[0.320s] See also "/home/aceti/ros2_ws/build/head_controller/CMakeFiles/CMakeOutput.log".
[0.322s] Invoked command in '/home/aceti/ros2_ws/build/head_controller' returned '1': CMAKE_PREFIX_PATH=${CMAKE_PREFIX_PATH}:/home/aceti/ros2_ws/install/my_robot_controller:/opt/ros/humble /usr/bin/cmake /home/aceti/ros2_ws/src/head_controller -DCMAKE_INSTALL_PREFIX=/home/aceti/ros2_ws/install/head_controller
