[0.012s] Invoking command in '/home/aceti/head/Head_asv/build/head_controller': CMAKE_PREFIX_PATH=${CMAKE_PREFIX_PATH}:/home/aceti/head/Head_asv/install/add_integers:/home/aceti/sonar/install/sonar_controller:/opt/ros/humble /usr/bin/cmake --build /home/aceti/head/Head_asv/build/head_controller -- -j8 -l8
[0.028s] -- Found ament_cmake: 1.3.3 (/opt/ros/humble/share/ament_cmake/cmake)
[0.138s] -- Found rosidl_default_generators: 1.2.0 (/opt/ros/humble/share/rosidl_default_generators/cmake)
[0.140s] -- Using all available rosidl_typesupport_c: rosidl_typesupport_fastrtps_c;rosidl_typesupport_introspection_c
[0.142s] -- Found rosidl_adapter: 3.1.4 (/opt/ros/humble/share/rosidl_adapter/cmake)
[0.166s] -- Using all available rosidl_typesupport_cpp: rosidl_typesupport_fastrtps_cpp;rosidl_typesupport_introspection_cpp
[0.382s] -- Found ament_cmake_ros: 0.10.0 (/opt/ros/humble/share/ament_cmake_ros/cmake)
[0.577s] -- Using all available rosidl_typesupport_c: rosidl_typesupport_fastrtps_c;rosidl_typesupport_introspection_c
[0.771s] -- Using all available rosidl_typesupport_cpp: rosidl_typesupport_fastrtps_cpp;rosidl_typesupport_introspection_cpp
[0.788s] -- Found python_cmake_module: 0.10.0 (/opt/ros/humble/share/python_cmake_module/cmake)
[0.806s] -- Using PYTHON_EXECUTABLE: /usr/bin/python3
[0.807s] -- Using PYTHON_INCLUDE_DIRS: /usr/include/python3.10
[0.807s] -- Using PYTHON_LIBRARIES: /usr/lib/x86_64-linux-gnu/libpython3.10.so
[0.815s] -- Found ament_lint_auto: 0.12.5 (/opt/ros/humble/share/ament_lint_auto/cmake)
[0.822s] -- Added test 'lint_cmake' to check CMake code style
[0.822s] -- Added test 'xmllint' to check XML markup files
[0.823s] -- Configuring done
[0.845s] -- Generating done
[0.846s] -- Build files have been written to: /home/aceti/head/Head_asv/build/head_controller
[0.892s] [  2%] [34m[1mGenerating C code for ROS interfaces[0m
[0.917s] [  5%] [34m[1mGenerating C++ code for ROS interfaces[0m
[0.924s] [  5%] Built target ament_cmake_python_copy_head_controller
[1.465s] running egg_info
[1.466s] writing head_controller.egg-info/PKG-INFO
[1.466s] writing dependency_links to head_controller.egg-info/dependency_links.txt
[1.466s] writing top-level names to head_controller.egg-info/top_level.txt
[1.468s] reading manifest file 'head_controller.egg-info/SOURCES.txt'
[1.470s] writing manifest file 'head_controller.egg-info/SOURCES.txt'
[1.514s] [  5%] Built target ament_cmake_python_build_head_controller_egg
[1.698s] [35m[1mConsolidate compiler generated dependencies of target head_controller__rosidl_generator_c[0m
[1.701s] [  5%] Built target head_controller__cpp
[1.722s] [ 12%] [34m[1mGenerating C++ type support dispatch for ROS interfaces[0m
[1.724s] [ 12%] [32mBuilding C object CMakeFiles/head_controller__rosidl_generator_c.dir/rosidl_generator_c/head_controller/srv/detail/serial_number__functions.c.o[0m
[1.725s] [ 12%] [34m[1mGenerating C++ introspection for ROS interfaces[0m
[1.733s] [ 15%] [32mBuilding C object CMakeFiles/head_controller__rosidl_generator_c.dir/rosidl_generator_c/head_controller/srv/detail/head__functions.c.o[0m
[1.734s] [ 17%] [34m[1mGenerating C++ type support for eProsima Fast-RTPS[0m
[1.873s] [ 20%] [32m[1mLinking C shared library libhead_controller__rosidl_generator_c.so[0m
[1.972s] [ 20%] Built target head_controller__rosidl_generator_c
[2.037s] [ 23%] [34m[1mGenerating C introspection for ROS interfaces[0m
[2.052s] [ 28%] [34m[1mGenerating C type support dispatch for ROS interfaces[0m
[2.054s] [ 28%] [34m[1mGenerating C type support for eProsima Fast-RTPS[0m
[3.886s] [35m[1mConsolidate compiler generated dependencies of target head_controller__rosidl_typesupport_fastrtps_cpp[0m
[3.978s] [ 30%] [32mBuilding CXX object CMakeFiles/head_controller__rosidl_typesupport_fastrtps_cpp.dir/rosidl_typesupport_fastrtps_cpp/head_controller/srv/detail/dds_fastrtps/head__type_support.cpp.o[0m
[3.978s] [ 33%] [32mBuilding CXX object CMakeFiles/head_controller__rosidl_typesupport_fastrtps_cpp.dir/rosidl_typesupport_fastrtps_cpp/head_controller/srv/detail/dds_fastrtps/serial_number__type_support.cpp.o[0m
[4.133s] [35m[1mConsolidate compiler generated dependencies of target head_controller__rosidl_typesupport_cpp[0m
[4.143s] [35m[1mConsolidate compiler generated dependencies of target head_controller__rosidl_typesupport_introspection_c[0m
[4.161s] [ 35%] [32mBuilding CXX object CMakeFiles/head_controller__rosidl_typesupport_cpp.dir/rosidl_typesupport_cpp/head_controller/srv/head__type_support.cpp.o[0m
[4.161s] [ 38%] [32mBuilding CXX object CMakeFiles/head_controller__rosidl_typesupport_cpp.dir/rosidl_typesupport_cpp/head_controller/srv/serial_number__type_support.cpp.o[0m
[4.176s] [ 41%] [32mBuilding C object CMakeFiles/head_controller__rosidl_typesupport_introspection_c.dir/rosidl_typesupport_introspection_c/head_controller/srv/detail/head__type_support.c.o[0m
[4.249s] [ 43%] [32mBuilding C object CMakeFiles/head_controller__rosidl_typesupport_introspection_c.dir/rosidl_typesupport_introspection_c/head_controller/srv/detail/serial_number__type_support.c.o[0m
[4.252s] [35m[1mConsolidate compiler generated dependencies of target head_controller__rosidl_typesupport_introspection_cpp[0m
[4.270s] [ 46%] [32mBuilding CXX object CMakeFiles/head_controller__rosidl_typesupport_introspection_cpp.dir/rosidl_typesupport_introspection_cpp/head_controller/srv/detail/head__type_support.cpp.o[0m
[4.284s] [35m[1mConsolidate compiler generated dependencies of target head_controller__rosidl_typesupport_c[0m
[4.298s] [ 48%] [32mBuilding CXX object CMakeFiles/head_controller__rosidl_typesupport_c.dir/rosidl_typesupport_c/head_controller/srv/head__type_support.cpp.o[0m
[4.303s] [ 51%] [32m[1mLinking C shared library libhead_controller__rosidl_typesupport_introspection_c.so[0m
[4.352s] [ 53%] [32mBuilding CXX object CMakeFiles/head_controller__rosidl_typesupport_c.dir/rosidl_typesupport_c/head_controller/srv/serial_number__type_support.cpp.o[0m
[4.361s] [ 53%] Built target head_controller__rosidl_typesupport_introspection_c
[4.378s] [ 56%] [32mBuilding CXX object CMakeFiles/head_controller__rosidl_typesupport_introspection_cpp.dir/rosidl_typesupport_introspection_cpp/head_controller/srv/detail/serial_number__type_support.cpp.o[0m
[4.406s] [ 58%] [32m[1mLinking CXX shared library libhead_controller__rosidl_typesupport_c.so[0m
[4.444s] [35m[1mConsolidate compiler generated dependencies of target head_controller__rosidl_typesupport_fastrtps_c[0m
[4.460s] [ 61%] [32mBuilding CXX object CMakeFiles/head_controller__rosidl_typesupport_fastrtps_c.dir/rosidl_typesupport_fastrtps_c/head_controller/srv/detail/head__type_support_c.cpp.o[0m
[4.495s] [ 61%] Built target head_controller__rosidl_typesupport_c
[4.508s] [ 64%] [32mBuilding CXX object CMakeFiles/head_controller__rosidl_typesupport_fastrtps_c.dir/rosidl_typesupport_fastrtps_c/head_controller/srv/detail/serial_number__type_support_c.cpp.o[0m
[4.650s] [ 66%] [32m[1mLinking CXX shared library libhead_controller__rosidl_typesupport_cpp.so[0m
[4.692s] [ 66%] Built target head_controller__rosidl_typesupport_cpp
[4.743s] [ 69%] [32m[1mLinking CXX shared library libhead_controller__rosidl_typesupport_fastrtps_cpp.so[0m
[4.820s] [ 69%] Built target head_controller__rosidl_typesupport_fastrtps_cpp
[4.938s] [ 71%] [32m[1mLinking CXX shared library libhead_controller__rosidl_typesupport_introspection_cpp.so[0m
[4.968s] [ 74%] [32m[1mLinking CXX shared library libhead_controller__rosidl_typesupport_fastrtps_c.so[0m
[4.995s] [ 74%] Built target head_controller__rosidl_typesupport_introspection_cpp
[5.035s] [ 74%] Built target head_controller__rosidl_typesupport_fastrtps_c
[5.051s] [ 74%] Built target head_controller
[5.069s] [ 76%] [34m[1mGenerating Python code for ROS interfaces[0m
[5.603s] [ 76%] Built target head_controller__py
[5.612s] [35m[1mConsolidate compiler generated dependencies of target head_controller__rosidl_generator_py[0m
[5.623s] [ 82%] [32mBuilding C object CMakeFiles/head_controller__rosidl_generator_py.dir/rosidl_generator_py/head_controller/srv/_serial_number_s.c.o[0m
[5.623s] [ 82%] [32mBuilding C object CMakeFiles/head_controller__rosidl_generator_py.dir/rosidl_generator_py/head_controller/srv/_head_s.c.o[0m
[5.715s] [ 84%] [32m[1mLinking C shared library rosidl_generator_py/head_controller/libhead_controller__rosidl_generator_py.so[0m
[5.747s] [ 84%] Built target head_controller__rosidl_generator_py
[5.755s] [35m[1mConsolidate compiler generated dependencies of target head_controller__rosidl_typesupport_introspection_c__pyext[0m
[5.755s] [35m[1mConsolidate compiler generated dependencies of target head_controller__rosidl_typesupport_c__pyext[0m
[5.755s] [35m[1mConsolidate compiler generated dependencies of target head_controller__rosidl_typesupport_fastrtps_c__pyext[0m
[5.766s] [ 89%] [32mBuilding C object CMakeFiles/head_controller__rosidl_typesupport_c__pyext.dir/rosidl_generator_py/head_controller/_head_controller_s.ep.rosidl_typesupport_c.c.o[0m
[5.766s] [ 89%] [32mBuilding C object CMakeFiles/head_controller__rosidl_typesupport_fastrtps_c__pyext.dir/rosidl_generator_py/head_controller/_head_controller_s.ep.rosidl_typesupport_fastrtps_c.c.o[0m
[5.766s] [ 92%] [32mBuilding C object CMakeFiles/head_controller__rosidl_typesupport_introspection_c__pyext.dir/rosidl_generator_py/head_controller/_head_controller_s.ep.rosidl_typesupport_introspection_c.c.o[0m
[5.864s] [ 94%] [32m[1mLinking C shared library rosidl_generator_py/head_controller/head_controller_s__rosidl_typesupport_c.cpython-310-x86_64-linux-gnu.so[0m
[5.866s] [ 97%] [32m[1mLinking C shared library rosidl_generator_py/head_controller/head_controller_s__rosidl_typesupport_fastrtps_c.cpython-310-x86_64-linux-gnu.so[0m
[5.867s] [100%] [32m[1mLinking C shared library rosidl_generator_py/head_controller/head_controller_s__rosidl_typesupport_introspection_c.cpython-310-x86_64-linux-gnu.so[0m
[5.894s] [100%] Built target head_controller__rosidl_typesupport_fastrtps_c__pyext
[5.895s] [100%] Built target head_controller__rosidl_typesupport_c__pyext
[5.898s] [100%] Built target head_controller__rosidl_typesupport_introspection_c__pyext
[5.908s] Invoked command in '/home/aceti/head/Head_asv/build/head_controller' returned '0': CMAKE_PREFIX_PATH=${CMAKE_PREFIX_PATH}:/home/aceti/head/Head_asv/install/add_integers:/home/aceti/sonar/install/sonar_controller:/opt/ros/humble /usr/bin/cmake --build /home/aceti/head/Head_asv/build/head_controller -- -j8 -l8
[5.971s] Invoking command in '/home/aceti/head/Head_asv/build/head_controller': CMAKE_PREFIX_PATH=${CMAKE_PREFIX_PATH}:/home/aceti/head/Head_asv/install/add_integers:/home/aceti/sonar/install/sonar_controller:/opt/ros/humble /usr/bin/cmake --install /home/aceti/head/Head_asv/build/head_controller
[5.977s] -- Install configuration: ""
[5.977s] -- Up-to-date: /home/aceti/head/Head_asv/install/head_controller/share/ament_index/resource_index/rosidl_interfaces/head_controller
[5.977s] -- Up-to-date: /home/aceti/head/Head_asv/install/head_controller/include/head_controller/head_controller
[5.977s] -- Up-to-date: /home/aceti/head/Head_asv/install/head_controller/include/head_controller/head_controller/msg
[5.977s] -- Up-to-date: /home/aceti/head/Head_asv/install/head_controller/include/head_controller/head_controller/msg/rosidl_generator_c__visibility_control.h
[5.978s] -- Up-to-date: /home/aceti/head/Head_asv/install/head_controller/include/head_controller/head_controller/srv
[5.978s] -- Installing: /home/aceti/head/Head_asv/install/head_controller/include/head_controller/head_controller/srv/head.h
[5.978s] -- Up-to-date: /home/aceti/head/Head_asv/install/head_controller/include/head_controller/head_controller/srv/detail
[5.978s] -- Installing: /home/aceti/head/Head_asv/install/head_controller/include/head_controller/head_controller/srv/detail/head__functions.h
[5.978s] -- Installing: /home/aceti/head/Head_asv/install/head_controller/include/head_controller/head_controller/srv/detail/head__struct.h
[5.978s] -- Installing: /home/aceti/head/Head_asv/install/head_controller/include/head_controller/head_controller/srv/detail/serial_number__type_support.h
[5.978s] -- Installing: /home/aceti/head/Head_asv/install/head_controller/include/head_controller/head_controller/srv/detail/head__functions.c
[5.978s] -- Installing: /home/aceti/head/Head_asv/install/head_controller/include/head_controller/head_controller/srv/detail/serial_number__functions.c
[5.978s] -- Installing: /home/aceti/head/Head_asv/install/head_controller/include/head_controller/head_controller/srv/detail/serial_number__struct.h
[5.978s] -- Installing: /home/aceti/head/Head_asv/install/head_controller/include/head_controller/head_controller/srv/detail/head__type_support.h
[5.979s] -- Installing: /home/aceti/head/Head_asv/install/head_controller/include/head_controller/head_controller/srv/detail/serial_number__functions.h
[5.979s] -- Installing: /home/aceti/head/Head_asv/install/head_controller/include/head_controller/head_controller/srv/serial_number.h
[5.979s] -- Up-to-date: /home/aceti/head/Head_asv/install/head_controller/share/head_controller/environment/library_path.sh
[5.979s] -- Installing: /home/aceti/head/Head_asv/install/head_controller/share/head_controller/environment/library_path.dsv
[5.979s] -- Installing: /home/aceti/head/Head_asv/install/head_controller/lib/libhead_controller__rosidl_generator_c.so
[5.979s] -- Set runtime path of "/home/aceti/head/Head_asv/install/head_controller/lib/libhead_controller__rosidl_generator_c.so" to ""
[5.979s] -- Up-to-date: /home/aceti/head/Head_asv/install/head_controller/include/head_controller/head_controller
[5.979s] -- Up-to-date: /home/aceti/head/Head_asv/install/head_controller/include/head_controller/head_controller/msg
[5.979s] -- Up-to-date: /home/aceti/head/Head_asv/install/head_controller/include/head_controller/head_controller/msg/rosidl_typesupport_fastrtps_c__visibility_control.h
[5.979s] -- Up-to-date: /home/aceti/head/Head_asv/install/head_controller/include/head_controller/head_controller/srv
[5.980s] -- Up-to-date: /home/aceti/head/Head_asv/install/head_controller/include/head_controller/head_controller/srv/detail
[5.980s] -- Installing: /home/aceti/head/Head_asv/install/head_controller/include/head_controller/head_controller/srv/detail/head__rosidl_typesupport_fastrtps_c.h
[5.980s] -- Installing: /home/aceti/head/Head_asv/install/head_controller/include/head_controller/head_controller/srv/detail/serial_number__rosidl_typesupport_fastrtps_c.h
[5.980s] -- Installing: /home/aceti/head/Head_asv/install/head_controller/lib/libhead_controller__rosidl_typesupport_fastrtps_c.so
[5.980s] -- Set runtime path of "/home/aceti/head/Head_asv/install/head_controller/lib/libhead_controller__rosidl_typesupport_fastrtps_c.so" to ""
[5.980s] -- Up-to-date: /home/aceti/head/Head_asv/install/head_controller/include/head_controller/head_controller
[5.980s] -- Up-to-date: /home/aceti/head/Head_asv/install/head_controller/include/head_controller/head_controller/msg
[5.980s] -- Up-to-date: /home/aceti/head/Head_asv/install/head_controller/include/head_controller/head_controller/msg/rosidl_typesupport_introspection_c__visibility_control.h
[5.980s] -- Up-to-date: /home/aceti/head/Head_asv/install/head_controller/include/head_controller/head_controller/srv
[5.980s] -- Up-to-date: /home/aceti/head/Head_asv/install/head_controller/include/head_controller/head_controller/srv/detail
[5.980s] -- Installing: /home/aceti/head/Head_asv/install/head_controller/include/head_controller/head_controller/srv/detail/head__rosidl_typesupport_introspection_c.h
[5.981s] -- Installing: /home/aceti/head/Head_asv/install/head_controller/include/head_controller/head_controller/srv/detail/head__type_support.c
[5.981s] -- Installing: /home/aceti/head/Head_asv/install/head_controller/include/head_controller/head_controller/srv/detail/serial_number__rosidl_typesupport_introspection_c.h
[5.981s] -- Installing: /home/aceti/head/Head_asv/install/head_controller/include/head_controller/head_controller/srv/detail/serial_number__type_support.c
[5.981s] -- Installing: /home/aceti/head/Head_asv/install/head_controller/lib/libhead_controller__rosidl_typesupport_introspection_c.so
[5.981s] -- Set runtime path of "/home/aceti/head/Head_asv/install/head_controller/lib/libhead_controller__rosidl_typesupport_introspection_c.so" to ""
[5.981s] -- Installing: /home/aceti/head/Head_asv/install/head_controller/lib/libhead_controller__rosidl_typesupport_c.so
[5.981s] -- Set runtime path of "/home/aceti/head/Head_asv/install/head_controller/lib/libhead_controller__rosidl_typesupport_c.so" to ""
[5.981s] -- Up-to-date: /home/aceti/head/Head_asv/install/head_controller/include/head_controller/head_controller
[5.981s] -- Up-to-date: /home/aceti/head/Head_asv/install/head_controller/include/head_controller/head_controller/srv
[5.981s] -- Installing: /home/aceti/head/Head_asv/install/head_controller/include/head_controller/head_controller/srv/serial_number.hpp
[5.982s] -- Installing: /home/aceti/head/Head_asv/install/head_controller/include/head_controller/head_controller/srv/head.hpp
[5.982s] -- Up-to-date: /home/aceti/head/Head_asv/install/head_controller/include/head_controller/head_controller/srv/detail
[5.982s] -- Installing: /home/aceti/head/Head_asv/install/head_controller/include/head_controller/head_controller/srv/detail/head__builder.hpp
[5.982s] -- Installing: /home/aceti/head/Head_asv/install/head_controller/include/head_controller/head_controller/srv/detail/head__traits.hpp
[5.982s] -- Installing: /home/aceti/head/Head_asv/install/head_controller/include/head_controller/head_controller/srv/detail/serial_number__struct.hpp
[5.982s] -- Installing: /home/aceti/head/Head_asv/install/head_controller/include/head_controller/head_controller/srv/detail/serial_number__builder.hpp
[5.982s] -- Installing: /home/aceti/head/Head_asv/install/head_controller/include/head_controller/head_controller/srv/detail/head__struct.hpp
[5.982s] -- Installing: /home/aceti/head/Head_asv/install/head_controller/include/head_controller/head_controller/srv/detail/serial_number__traits.hpp
[5.982s] -- Up-to-date: /home/aceti/head/Head_asv/install/head_controller/include/head_controller/head_controller
[5.983s] -- Up-to-date: /home/aceti/head/Head_asv/install/head_controller/include/head_controller/head_controller/msg
[5.983s] -- Up-to-date: /home/aceti/head/Head_asv/install/head_controller/include/head_controller/head_controller/msg/rosidl_typesupport_fastrtps_cpp__visibility_control.h
[5.983s] -- Up-to-date: /home/aceti/head/Head_asv/install/head_controller/include/head_controller/head_controller/srv
[5.983s] -- Up-to-date: /home/aceti/head/Head_asv/install/head_controller/include/head_controller/head_controller/srv/detail
[5.983s] -- Installing: /home/aceti/head/Head_asv/install/head_controller/include/head_controller/head_controller/srv/detail/head__rosidl_typesupport_fastrtps_cpp.hpp
[5.983s] -- Installing: /home/aceti/head/Head_asv/install/head_controller/include/head_controller/head_controller/srv/detail/serial_number__rosidl_typesupport_fastrtps_cpp.hpp
[5.983s] -- Up-to-date: /home/aceti/head/Head_asv/install/head_controller/include/head_controller/head_controller/srv/detail/dds_fastrtps
[5.983s] -- Installing: /home/aceti/head/Head_asv/install/head_controller/lib/libhead_controller__rosidl_typesupport_fastrtps_cpp.so
[5.983s] -- Set runtime path of "/home/aceti/head/Head_asv/install/head_controller/lib/libhead_controller__rosidl_typesupport_fastrtps_cpp.so" to ""
[5.983s] -- Up-to-date: /home/aceti/head/Head_asv/install/head_controller/include/head_controller/head_controller
[5.983s] -- Up-to-date: /home/aceti/head/Head_asv/install/head_controller/include/head_controller/head_controller/srv
[5.984s] -- Up-to-date: /home/aceti/head/Head_asv/install/head_controller/include/head_controller/head_controller/srv/detail
[5.984s] -- Installing: /home/aceti/head/Head_asv/install/head_controller/include/head_controller/head_controller/srv/detail/serial_number__rosidl_typesupport_introspection_cpp.hpp
[5.984s] -- Installing: /home/aceti/head/Head_asv/install/head_controller/include/head_controller/head_controller/srv/detail/serial_number__type_support.cpp
[5.984s] -- Installing: /home/aceti/head/Head_asv/install/head_controller/include/head_controller/head_controller/srv/detail/head__type_support.cpp
[5.984s] -- Installing: /home/aceti/head/Head_asv/install/head_controller/include/head_controller/head_controller/srv/detail/head__rosidl_typesupport_introspection_cpp.hpp
[5.984s] -- Installing: /home/aceti/head/Head_asv/install/head_controller/lib/libhead_controller__rosidl_typesupport_introspection_cpp.so
[5.984s] -- Set runtime path of "/home/aceti/head/Head_asv/install/head_controller/lib/libhead_controller__rosidl_typesupport_introspection_cpp.so" to ""
[5.984s] -- Installing: /home/aceti/head/Head_asv/install/head_controller/lib/libhead_controller__rosidl_typesupport_cpp.so
[5.984s] -- Set runtime path of "/home/aceti/head/Head_asv/install/head_controller/lib/libhead_controller__rosidl_typesupport_cpp.so" to ""
[5.985s] -- Up-to-date: /home/aceti/head/Head_asv/install/head_controller/share/head_controller/environment/pythonpath.sh
[5.985s] -- Installing: /home/aceti/head/Head_asv/install/head_controller/share/head_controller/environment/pythonpath.dsv
[5.985s] -- Up-to-date: /home/aceti/head/Head_asv/install/head_controller/local/lib/python3.10/dist-packages/head_controller-0.0.0-py3.10.egg-info
[5.985s] -- Installing: /home/aceti/head/Head_asv/install/head_controller/local/lib/python3.10/dist-packages/head_controller-0.0.0-py3.10.egg-info/SOURCES.txt
[5.985s] -- Installing: /home/aceti/head/Head_asv/install/head_controller/local/lib/python3.10/dist-packages/head_controller-0.0.0-py3.10.egg-info/dependency_links.txt
[5.985s] -- Installing: /home/aceti/head/Head_asv/install/head_controller/local/lib/python3.10/dist-packages/head_controller-0.0.0-py3.10.egg-info/top_level.txt
[5.985s] -- Installing: /home/aceti/head/Head_asv/install/head_controller/local/lib/python3.10/dist-packages/head_controller-0.0.0-py3.10.egg-info/PKG-INFO
[5.985s] -- Up-to-date: /home/aceti/head/Head_asv/install/head_controller/local/lib/python3.10/dist-packages/head_controller
[5.985s] -- Installing: /home/aceti/head/Head_asv/install/head_controller/local/lib/python3.10/dist-packages/head_controller/head_controller_s__rosidl_typesupport_c.cpython-310-x86_64-linux-gnu.so
[5.985s] -- Installing: /home/aceti/head/Head_asv/install/head_controller/local/lib/python3.10/dist-packages/head_controller/head_controller_s__rosidl_typesupport_introspection_c.cpython-310-x86_64-linux-gnu.so
[5.985s] -- Installing: /home/aceti/head/Head_asv/install/head_controller/local/lib/python3.10/dist-packages/head_controller/_head_controller_s.ep.rosidl_typesupport_introspection_c.c
[5.986s] -- Installing: /home/aceti/head/Head_asv/install/head_controller/local/lib/python3.10/dist-packages/head_controller/_head_controller_s.ep.rosidl_typesupport_c.c
[5.986s] -- Installing: /home/aceti/head/Head_asv/install/head_controller/local/lib/python3.10/dist-packages/head_controller/__init__.py
[5.986s] -- Installing: /home/aceti/head/Head_asv/install/head_controller/local/lib/python3.10/dist-packages/head_controller/head_controller_s__rosidl_typesupport_fastrtps_c.cpython-310-x86_64-linux-gnu.so
[5.986s] -- Installing: /home/aceti/head/Head_asv/install/head_controller/local/lib/python3.10/dist-packages/head_controller/libhead_controller__rosidl_generator_py.so
[5.986s] -- Installing: /home/aceti/head/Head_asv/install/head_controller/local/lib/python3.10/dist-packages/head_controller/_head_controller_s.ep.rosidl_typesupport_fastrtps_c.c
[5.986s] -- Up-to-date: /home/aceti/head/Head_asv/install/head_controller/local/lib/python3.10/dist-packages/head_controller/srv
[5.986s] -- Installing: /home/aceti/head/Head_asv/install/head_controller/local/lib/python3.10/dist-packages/head_controller/srv/__init__.py
[5.986s] -- Installing: /home/aceti/head/Head_asv/install/head_controller/local/lib/python3.10/dist-packages/head_controller/srv/_serial_number_s.c
[5.986s] -- Installing: /home/aceti/head/Head_asv/install/head_controller/local/lib/python3.10/dist-packages/head_controller/srv/_head.py
[5.986s] -- Installing: /home/aceti/head/Head_asv/install/head_controller/local/lib/python3.10/dist-packages/head_controller/srv/_serial_number.py
[5.986s] -- Installing: /home/aceti/head/Head_asv/install/head_controller/local/lib/python3.10/dist-packages/head_controller/srv/_head_s.c
[6.020s] Listing '/home/aceti/head/Head_asv/install/head_controller/local/lib/python3.10/dist-packages/head_controller'...
[6.020s] Compiling '/home/aceti/head/Head_asv/install/head_controller/local/lib/python3.10/dist-packages/head_controller/__init__.py'...
[6.020s] Listing '/home/aceti/head/Head_asv/install/head_controller/local/lib/python3.10/dist-packages/head_controller/srv'...
[6.021s] Compiling '/home/aceti/head/Head_asv/install/head_controller/local/lib/python3.10/dist-packages/head_controller/srv/__init__.py'...
[6.021s] Compiling '/home/aceti/head/Head_asv/install/head_controller/local/lib/python3.10/dist-packages/head_controller/srv/_head.py'...
[6.021s] Compiling '/home/aceti/head/Head_asv/install/head_controller/local/lib/python3.10/dist-packages/head_controller/srv/_serial_number.py'...
[6.025s] -- Installing: /home/aceti/head/Head_asv/install/head_controller/local/lib/python3.10/dist-packages/head_controller/head_controller_s__rosidl_typesupport_fastrtps_c.cpython-310-x86_64-linux-gnu.so
[6.025s] -- Set runtime path of "/home/aceti/head/Head_asv/install/head_controller/local/lib/python3.10/dist-packages/head_controller/head_controller_s__rosidl_typesupport_fastrtps_c.cpython-310-x86_64-linux-gnu.so" to ""
[6.025s] -- Installing: /home/aceti/head/Head_asv/install/head_controller/local/lib/python3.10/dist-packages/head_controller/head_controller_s__rosidl_typesupport_introspection_c.cpython-310-x86_64-linux-gnu.so
[6.025s] -- Set runtime path of "/home/aceti/head/Head_asv/install/head_controller/local/lib/python3.10/dist-packages/head_controller/head_controller_s__rosidl_typesupport_introspection_c.cpython-310-x86_64-linux-gnu.so" to ""
[6.025s] -- Installing: /home/aceti/head/Head_asv/install/head_controller/local/lib/python3.10/dist-packages/head_controller/head_controller_s__rosidl_typesupport_c.cpython-310-x86_64-linux-gnu.so
[6.026s] -- Set runtime path of "/home/aceti/head/Head_asv/install/head_controller/local/lib/python3.10/dist-packages/head_controller/head_controller_s__rosidl_typesupport_c.cpython-310-x86_64-linux-gnu.so" to ""
[6.026s] -- Installing: /home/aceti/head/Head_asv/install/head_controller/lib/libhead_controller__rosidl_generator_py.so
[6.026s] -- Set runtime path of "/home/aceti/head/Head_asv/install/head_controller/lib/libhead_controller__rosidl_generator_py.so" to ""
[6.026s] -- Up-to-date: /home/aceti/head/Head_asv/install/head_controller/share/head_controller/srv/Head.idl
[6.026s] -- Installing: /home/aceti/head/Head_asv/install/head_controller/share/head_controller/srv/SerialNumber.idl
[6.026s] -- Up-to-date: /home/aceti/head/Head_asv/install/head_controller/share/head_controller/srv/Head.srv
[6.026s] -- Up-to-date: /home/aceti/head/Head_asv/install/head_controller/share/head_controller/srv/Head_Request.msg
[6.026s] -- Up-to-date: /home/aceti/head/Head_asv/install/head_controller/share/head_controller/srv/Head_Response.msg
[6.027s] -- Installing: /home/aceti/head/Head_asv/install/head_controller/share/head_controller/srv/SerialNumber.srv
[6.027s] -- Installing: /home/aceti/head/Head_asv/install/head_controller/share/head_controller/srv/SerialNumber_Request.msg
[6.027s] -- Up-to-date: /home/aceti/head/Head_asv/install/head_controller/share/head_controller/srv/SerialNumber_Response.msg
[6.027s] -- Up-to-date: /home/aceti/head/Head_asv/install/head_controller/share/ament_index/resource_index/package_run_dependencies/head_controller
[6.027s] -- Up-to-date: /home/aceti/head/Head_asv/install/head_controller/share/ament_index/resource_index/parent_prefix_path/head_controller
[6.027s] -- Up-to-date: /home/aceti/head/Head_asv/install/head_controller/share/head_controller/environment/ament_prefix_path.sh
[6.027s] -- Installing: /home/aceti/head/Head_asv/install/head_controller/share/head_controller/environment/ament_prefix_path.dsv
[6.027s] -- Up-to-date: /home/aceti/head/Head_asv/install/head_controller/share/head_controller/environment/path.sh
[6.027s] -- Installing: /home/aceti/head/Head_asv/install/head_controller/share/head_controller/environment/path.dsv
[6.028s] -- Up-to-date: /home/aceti/head/Head_asv/install/head_controller/share/head_controller/local_setup.bash
[6.028s] -- Up-to-date: /home/aceti/head/Head_asv/install/head_controller/share/head_controller/local_setup.sh
[6.028s] -- Up-to-date: /home/aceti/head/Head_asv/install/head_controller/share/head_controller/local_setup.zsh
[6.028s] -- Installing: /home/aceti/head/Head_asv/install/head_controller/share/head_controller/local_setup.dsv
[6.028s] -- Installing: /home/aceti/head/Head_asv/install/head_controller/share/head_controller/package.dsv
[6.028s] -- Up-to-date: /home/aceti/head/Head_asv/install/head_controller/share/ament_index/resource_index/packages/head_controller
[6.028s] -- Up-to-date: /home/aceti/head/Head_asv/install/head_controller/share/head_controller/cmake/export_head_controller__rosidl_generator_cExport.cmake
[6.028s] -- Up-to-date: /home/aceti/head/Head_asv/install/head_controller/share/head_controller/cmake/export_head_controller__rosidl_generator_cExport-noconfig.cmake
[6.028s] -- Up-to-date: /home/aceti/head/Head_asv/install/head_controller/share/head_controller/cmake/export_head_controller__rosidl_typesupport_fastrtps_cExport.cmake
[6.028s] -- Up-to-date: /home/aceti/head/Head_asv/install/head_controller/share/head_controller/cmake/export_head_controller__rosidl_typesupport_fastrtps_cExport-noconfig.cmake
[6.029s] -- Up-to-date: /home/aceti/head/Head_asv/install/head_controller/share/head_controller/cmake/head_controller__rosidl_typesupport_introspection_cExport.cmake
[6.029s] -- Up-to-date: /home/aceti/head/Head_asv/install/head_controller/share/head_controller/cmake/head_controller__rosidl_typesupport_introspection_cExport-noconfig.cmake
[6.029s] -- Up-to-date: /home/aceti/head/Head_asv/install/head_controller/share/head_controller/cmake/head_controller__rosidl_typesupport_cExport.cmake
[6.029s] -- Up-to-date: /home/aceti/head/Head_asv/install/head_controller/share/head_controller/cmake/head_controller__rosidl_typesupport_cExport-noconfig.cmake
[6.029s] -- Up-to-date: /home/aceti/head/Head_asv/install/head_controller/share/head_controller/cmake/export_head_controller__rosidl_generator_cppExport.cmake
[6.029s] -- Up-to-date: /home/aceti/head/Head_asv/install/head_controller/share/head_controller/cmake/export_head_controller__rosidl_typesupport_fastrtps_cppExport.cmake
[6.029s] -- Up-to-date: /home/aceti/head/Head_asv/install/head_controller/share/head_controller/cmake/export_head_controller__rosidl_typesupport_fastrtps_cppExport-noconfig.cmake
[6.029s] -- Up-to-date: /home/aceti/head/Head_asv/install/head_controller/share/head_controller/cmake/head_controller__rosidl_typesupport_introspection_cppExport.cmake
[6.029s] -- Up-to-date: /home/aceti/head/Head_asv/install/head_controller/share/head_controller/cmake/head_controller__rosidl_typesupport_introspection_cppExport-noconfig.cmake
[6.029s] -- Up-to-date: /home/aceti/head/Head_asv/install/head_controller/share/head_controller/cmake/head_controller__rosidl_typesupport_cppExport.cmake
[6.029s] -- Up-to-date: /home/aceti/head/Head_asv/install/head_controller/share/head_controller/cmake/head_controller__rosidl_typesupport_cppExport-noconfig.cmake
[6.030s] -- Up-to-date: /home/aceti/head/Head_asv/install/head_controller/share/head_controller/cmake/export_head_controller__rosidl_generator_pyExport.cmake
[6.030s] -- Up-to-date: /home/aceti/head/Head_asv/install/head_controller/share/head_controller/cmake/export_head_controller__rosidl_generator_pyExport-noconfig.cmake
[6.030s] -- Up-to-date: /home/aceti/head/Head_asv/install/head_controller/share/head_controller/cmake/rosidl_cmake-extras.cmake
[6.030s] -- Up-to-date: /home/aceti/head/Head_asv/install/head_controller/share/head_controller/cmake/ament_cmake_export_include_directories-extras.cmake
[6.031s] -- Up-to-date: /home/aceti/head/Head_asv/install/head_controller/share/head_controller/cmake/ament_cmake_export_libraries-extras.cmake
[6.031s] -- Up-to-date: /home/aceti/head/Head_asv/install/head_controller/share/head_controller/cmake/ament_cmake_export_targets-extras.cmake
[6.032s] -- Up-to-date: /home/aceti/head/Head_asv/install/head_controller/share/head_controller/cmake/rosidl_cmake_export_typesupport_targets-extras.cmake
[6.032s] -- Up-to-date: /home/aceti/head/Head_asv/install/head_controller/share/head_controller/cmake/ament_cmake_export_dependencies-extras.cmake
[6.032s] -- Up-to-date: /home/aceti/head/Head_asv/install/head_controller/share/head_controller/cmake/rosidl_cmake_export_typesupport_libraries-extras.cmake
[6.032s] -- Up-to-date: /home/aceti/head/Head_asv/install/head_controller/share/head_controller/cmake/head_controllerConfig.cmake
[6.032s] -- Up-to-date: /home/aceti/head/Head_asv/install/head_controller/share/head_controller/cmake/head_controllerConfig-version.cmake
[6.033s] -- Up-to-date: /home/aceti/head/Head_asv/install/head_controller/share/head_controller/package.xml
[6.033s] Invoked command in '/home/aceti/head/Head_asv/build/head_controller' returned '0': CMAKE_PREFIX_PATH=${CMAKE_PREFIX_PATH}:/home/aceti/head/Head_asv/install/add_integers:/home/aceti/sonar/install/sonar_controller:/opt/ros/humble /usr/bin/cmake --install /home/aceti/head/Head_asv/build/head_controller
